#
# There is insufficient memory for the Java Runtime Environment to continue.
# Native memory allocation (malloc) failed to allocate 1470416 bytes for Chunk::new
# Possible reasons:
#   The system is out of physical RAM or swap space
#   The process is running with CompressedOops enabled, and the Java Heap may be blocking the growth of the native heap
# Possible solutions:
#   Reduce memory load on the system
#   Increase physical memory or swap space
#   Check if swap backing store is full
#   Decrease Java heap size (-Xmx/-Xms)
#   Decrease number of Java threads
#   Decrease Java thread stack sizes (-Xss)
#   Set larger code cache with -XX:ReservedCodeCacheSize=
#   JVM is running with Unscaled Compressed Oops mode in which the Java heap is
#     placed in the first 4GB address space. The Java Heap base address is the
#     maximum limit for the native heap growth. Please use -XX:HeapBaseMinAddress
#     to set the Java Heap base and to place the Java Heap above 4GB virtual address.
# This output file may be truncated or incomplete.
#
#  Out of Memory Error (./src/hotspot/share/memory/arena.cpp:197), pid=12008, tid=10644
#
# JRE version: OpenJDK Runtime Environment (11.0.12+7) (build 11.0.12+7-b1504.28-7817840)
# Java VM: OpenJDK 64-Bit Server VM (11.0.12+7-b1504.28-7817840, mixed mode, tiered, compressed oops, g1 gc, windows-amd64)
# No core dump will be written. Minidumps are not enabled by default on client versions of Windows
#

---------------  S U M M A R Y ------------

Command Line: --add-opens=java.base/java.util=ALL-UNNAMED --add-opens=java.base/java.lang=ALL-UNNAMED --add-opens=java.base/java.lang.invoke=ALL-UNNAMED --add-opens=java.base/java.util=ALL-UNNAMED --add-opens=java.prefs/java.util.prefs=ALL-UNNAMED --add-opens=java.prefs/java.util.prefs=ALL-UNNAMED --add-opens=java.base/java.nio.charset=ALL-UNNAMED --add-opens=java.base/java.net=ALL-UNNAMED --add-opens=java.base/java.util.concurrent.atomic=ALL-UNNAMED -Xmx2048m -Dfile.encoding=UTF-8 -Duser.country=US -Duser.language=en -Duser.variant org.gradle.launcher.daemon.bootstrap.GradleDaemon 7.3.3

Host: Intel(R) Core(TM) i5-5200U CPU @ 2.20GHz, 4 cores, 3G,  Windows 10 , 64 bit Build 17763 (10.0.17763.3287)
Time: Fri Dec  9 00:37:38 2022 SE Asia Standard Time elapsed time: 27.793125 seconds (0d 0h 0m 27s)

---------------  T H R E A D  ---------------

Current thread (0x0000028aaf3d3800):  JavaThread "C2 CompilerThread0" daemon [_thread_in_native, id=10644, stack(0x000000ae09a00000,0x000000ae09b00000)]


Current CompileTask:
C2:  27793 12867       4       com.android.tools.r8.internal.ID::a (278 bytes)

Stack: [0x000000ae09a00000,0x000000ae09b00000]
Native frames: (J=compiled Java code, j=interpreted, Vv=VM code, C=native code)
V  [jvm.dll+0x5fbcea]
V  [jvm.dll+0x731905]
V  [jvm.dll+0x732f1d]
V  [jvm.dll+0x7335d3]
V  [jvm.dll+0x247bf8]
V  [jvm.dll+0xc018c]
V  [jvm.dll+0xc06cc]
V  [jvm.dll+0x35b31d]
V  [jvm.dll+0x328803]
V  [jvm.dll+0x327cfa]
V  [jvm.dll+0x200602]
V  [jvm.dll+0x1ff794]
V  [jvm.dll+0x18868c]
V  [jvm.dll+0x20e0d7]
V  [jvm.dll+0x20c901]
V  [jvm.dll+0x6f9b7f]
V  [jvm.dll+0x6f26a5]
V  [jvm.dll+0x5fabf6]
C  [ucrtbase.dll+0x2268a]
C  [KERNEL32.DLL+0x17974]
C  [ntdll.dll+0x5a371]


---------------  P R O C E S S  ---------------

Threads class SMR info:
_java_thread_list=0x0000028ab59bf340, length=84, elements={
0x0000028a957c6800, 0x0000028aaf3a7000, 0x0000028aaf3a8800, 0x0000028aaf3c3800,
0x0000028aaf3c5000, 0x0000028aaf3c7800, 0x0000028aaf3d3800, 0x0000028aaf3d8000,
0x0000028aaf3db800, 0x0000028aafeb3800, 0x0000028ab1146000, 0x0000028ab000e800,
0x0000028ab12af800, 0x0000028ab16b1800, 0x0000028ab2391800, 0x0000028ab1138800,
0x0000028ab0c68000, 0x0000028ab0ca9000, 0x0000028ab1029800, 0x0000028ab3b12000,
0x0000028ab3b12800, 0x0000028ab3b13800, 0x0000028ab3b15000, 0x0000028ab3b14800,
0x0000028ab3b16000, 0x0000028ab3b10000, 0x0000028ab3b16800, 0x0000028ab3b11000,
0x0000028ab0017000, 0x0000028ab001b000, 0x0000028ab0018800, 0x0000028ab0019800,
0x0000028ab001a000, 0x0000028ab001c000, 0x0000028ab0016000, 0x0000028ab001d800,
0x0000028ab001e800, 0x0000028ab0022800, 0x0000028ab001f000, 0x0000028ab001c800,
0x0000028ab0020000, 0x0000028ab0023000, 0x0000028ab0024000, 0x0000028ab0021800,
0x0000028ab0020800, 0x0000028ab35bf000, 0x0000028ab35bd000, 0x0000028ab35bc800,
0x0000028ab35bf800, 0x0000028ab35bb800, 0x0000028ab35c0800, 0x0000028ab35c1000,
0x0000028ab35c2000, 0x0000028ab35be000, 0x0000028ab35c4800, 0x0000028ab35c7000,
0x0000028ab35c3000, 0x0000028ab35c5800, 0x0000028ab35c6000, 0x0000028ab35c8000,
0x0000028ab35c9800, 0x0000028ab35c8800, 0x0000028ab35c3800, 0x0000028ab35ca000,
0x0000028ab35da000, 0x0000028ab35d9800, 0x0000028ab35d7800, 0x0000028ab35d8800,
0x0000028ab35d7000, 0x0000028ab35d4800, 0x0000028ab35db000, 0x0000028ab35d5800,
0x0000028ab35dc000, 0x0000028ab35d6000, 0x0000028ab35e0800, 0x0000028ab35e1800,
0x0000028ab35e2800, 0x0000028ab35df000, 0x0000028ab35e3000, 0x0000028ab35e0000,
0x0000028ab35dd800, 0x0000028ab35de000, 0x0000028ab114a800, 0x0000028ab1148800
}

Java Threads: ( => current thread )
  0x0000028a957c6800 JavaThread "main" [_thread_blocked, id=5288, stack(0x000000ae08e00000,0x000000ae08f00000)]
  0x0000028aaf3a7000 JavaThread "Reference Handler" daemon [_thread_blocked, id=11632, stack(0x000000ae09500000,0x000000ae09600000)]
  0x0000028aaf3a8800 JavaThread "Finalizer" daemon [_thread_blocked, id=12692, stack(0x000000ae09600000,0x000000ae09700000)]
  0x0000028aaf3c3800 JavaThread "Signal Dispatcher" daemon [_thread_blocked, id=5580, stack(0x000000ae09700000,0x000000ae09800000)]
  0x0000028aaf3c5000 JavaThread "Attach Listener" daemon [_thread_blocked, id=4700, stack(0x000000ae09800000,0x000000ae09900000)]
  0x0000028aaf3c7800 JavaThread "Service Thread" daemon [_thread_blocked, id=13028, stack(0x000000ae09900000,0x000000ae09a00000)]
=>0x0000028aaf3d3800 JavaThread "C2 CompilerThread0" daemon [_thread_in_native, id=10644, stack(0x000000ae09a00000,0x000000ae09b00000)]
  0x0000028aaf3d8000 JavaThread "C1 CompilerThread0" daemon [_thread_blocked, id=7356, stack(0x000000ae09b00000,0x000000ae09c00000)]
  0x0000028aaf3db800 JavaThread "Sweeper thread" daemon [_thread_blocked, id=12688, stack(0x000000ae09c00000,0x000000ae09d00000)]
  0x0000028aafeb3800 JavaThread "Common-Cleaner" daemon [_thread_blocked, id=10624, stack(0x000000ae09d00000,0x000000ae09e00000)]
  0x0000028ab1146000 JavaThread "Daemon health stats" [_thread_blocked, id=11488, stack(0x000000ae0a100000,0x000000ae0a200000)]
  0x0000028ab000e800 JavaThread "Incoming local TCP Connector on port 60245" [_thread_in_native, id=5520, stack(0x000000ae09f00000,0x000000ae0a000000)]
  0x0000028ab12af800 JavaThread "Daemon periodic checks" [_thread_blocked, id=12668, stack(0x000000ae0a200000,0x000000ae0a300000)]
  0x0000028ab16b1800 JavaThread "Daemon" [_thread_blocked, id=10784, stack(0x000000ae0a300000,0x000000ae0a400000)]
  0x0000028ab2391800 JavaThread "Handler for socket connection from /127.0.0.1:60245 to /127.0.0.1:60246" [_thread_in_native, id=2112, stack(0x000000ae0a400000,0x000000ae0a500000)]
  0x0000028ab1138800 JavaThread "Cancel handler" [_thread_blocked, id=7148, stack(0x000000ae0a500000,0x000000ae0a600000)]
  0x0000028ab0c68000 JavaThread "Daemon worker" [_thread_blocked, id=10944, stack(0x000000ae0a600000,0x000000ae0a700000)]
  0x0000028ab0ca9000 JavaThread "Asynchronous log dispatcher for DefaultDaemonConnection: socket connection from /127.0.0.1:60245 to /127.0.0.1:60246" [_thread_blocked, id=9712, stack(0x000000ae0a700000,0x000000ae0a800000)]
  0x0000028ab1029800 JavaThread "Stdin handler" [_thread_blocked, id=976, stack(0x000000ae0a800000,0x000000ae0a900000)]
  0x0000028ab3b12000 JavaThread "Daemon client event forwarder" [_thread_blocked, id=12524, stack(0x000000ae0a900000,0x000000ae0aa00000)]
  0x0000028ab3b12800 JavaThread "Cache worker for journal cache (C:\Users\Admin\.gradle\caches\journal-1)" [_thread_blocked, id=12560, stack(0x000000ae0ac00000,0x000000ae0ad00000)]
  0x0000028ab3b13800 JavaThread "File lock request listener" [_thread_in_native, id=3144, stack(0x000000ae0ad00000,0x000000ae0ae00000)]
  0x0000028ab3b15000 JavaThread "Cache worker for file hash cache (C:\Users\Admin\.gradle\caches\7.3.3\fileHashes)" [_thread_blocked, id=7628, stack(0x000000ae0ae00000,0x000000ae0af00000)]
  0x0000028ab3b14800 JavaThread "Cache worker for file hash cache (C:\Users\Admin\AndroidStudioProjects\cuoiky\PTUDDD\DemoApp\.gradle\7.3.3\fileHashes)" [_thread_blocked, id=720, stack(0x000000ae0af00000,0x000000ae0b000000)]
  0x0000028ab3b16000 JavaThread "File watcher server" daemon [_thread_in_native, id=10100, stack(0x000000ae0b000000,0x000000ae0b100000)]
  0x0000028ab3b10000 JavaThread "File watcher consumer" daemon [_thread_blocked, id=8944, stack(0x000000ae0b100000,0x000000ae0b200000)]
  0x0000028ab3b16800 JavaThread "Cache worker for checksums cache (C:\Users\Admin\AndroidStudioProjects\cuoiky\PTUDDD\DemoApp\.gradle\7.3.3\checksums)" [_thread_blocked, id=12136, stack(0x000000ae0b200000,0x000000ae0b300000)]
  0x0000028ab3b11000 JavaThread "Cache worker for cache directory md-supplier (C:\Users\Admin\.gradle\caches\7.3.3\md-supplier)" [_thread_blocked, id=1524, stack(0x000000ae0b300000,0x000000ae0b400000)]
  0x0000028ab0017000 JavaThread "Cache worker for cache directory md-rule (C:\Users\Admin\.gradle\caches\7.3.3\md-rule)" [_thread_blocked, id=3628, stack(0x000000ae0b400000,0x000000ae0b500000)]
  0x0000028ab001b000 JavaThread "Cache worker for execution history cache (C:\Users\Admin\.gradle\caches\7.3.3\executionHistory)" [_thread_blocked, id=7008, stack(0x000000ae0b500000,0x000000ae0b600000)]
  0x0000028ab0018800 JavaThread "jar transforms" [_thread_blocked, id=1596, stack(0x000000ae0b600000,0x000000ae0b700000)]
  0x0000028ab0019800 JavaThread "Cache worker for file content cache (C:\Users\Admin\.gradle\caches\7.3.3\fileContent)" [_thread_blocked, id=3000, stack(0x000000ae0b700000,0x000000ae0b800000)]
  0x0000028ab001a000 JavaThread "jar transforms Thread 2" [_thread_blocked, id=6284, stack(0x000000ae0b800000,0x000000ae0b900000)]
  0x0000028ab001c000 JavaThread "Cache worker for dependencies-accessors (C:\Users\Admin\AndroidStudioProjects\cuoiky\PTUDDD\DemoApp\.gradle\7.3.3\dependencies-accessors)" [_thread_blocked, id=4980, stack(0x000000ae0b900000,0x000000ae0ba00000)]
  0x0000028ab0016000 JavaThread "jar transforms Thread 3" [_thread_blocked, id=10408, stack(0x000000ae0ba00000,0x000000ae0bb00000)]
  0x0000028ab001d800 JavaThread "Cache worker for Build Output Cleanup Cache (C:\Users\Admin\AndroidStudioProjects\cuoiky\PTUDDD\DemoApp\.gradle\buildOutputCleanup)" [_thread_blocked, id=6924, stack(0x000000ae0bb00000,0x000000ae0bc00000)]
  0x0000028ab001e800 JavaThread "Unconstrained build operations" [_thread_blocked, id=2672, stack(0x000000ae0bc00000,0x000000ae0bd00000)]
  0x0000028ab0022800 JavaThread "Unconstrained build operations Thread 2" [_thread_blocked, id=672, stack(0x000000ae0bd00000,0x000000ae0be00000)]
  0x0000028ab001f000 JavaThread "Unconstrained build operations Thread 3" [_thread_blocked, id=7852, stack(0x000000ae0be00000,0x000000ae0bf00000)]
  0x0000028ab001c800 JavaThread "Unconstrained build operations Thread 4" [_thread_in_Java, id=12172, stack(0x000000ae0bf00000,0x000000ae0c000000)]
  0x0000028ab0020000 JavaThread "Unconstrained build operations Thread 5" [_thread_blocked, id=1648, stack(0x000000ae0c000000,0x000000ae0c100000)]
  0x0000028ab0023000 JavaThread "Unconstrained build operations Thread 6" [_thread_blocked, id=9260, stack(0x000000ae0c100000,0x000000ae0c200000)]
  0x0000028ab0024000 JavaThread "Unconstrained build operations Thread 7" [_thread_blocked, id=12644, stack(0x000000ae0c200000,0x000000ae0c300000)]
  0x0000028ab0021800 JavaThread "Unconstrained build operations Thread 8" [_thread_in_Java, id=10480, stack(0x000000ae0c300000,0x000000ae0c400000)]
  0x0000028ab0020800 JavaThread "Unconstrained build operations Thread 9" [_thread_blocked, id=5228, stack(0x000000ae0c400000,0x000000ae0c500000)]
  0x0000028ab35bf000 JavaThread "Unconstrained build operations Thread 10" [_thread_blocked, id=5916, stack(0x000000ae0c500000,0x000000ae0c600000)]
  0x0000028ab35bd000 JavaThread "Unconstrained build operations Thread 11" [_thread_blocked, id=7904, stack(0x000000ae0c600000,0x000000ae0c700000)]
  0x0000028ab35bc800 JavaThread "Unconstrained build operations Thread 12" [_thread_blocked, id=11216, stack(0x000000ae0c700000,0x000000ae0c800000)]
  0x0000028ab35bf800 JavaThread "Unconstrained build operations Thread 13" [_thread_in_Java, id=12764, stack(0x000000ae0c800000,0x000000ae0c900000)]
  0x0000028ab35bb800 JavaThread "Unconstrained build operations Thread 14" [_thread_blocked, id=10612, stack(0x000000ae0c900000,0x000000ae0ca00000)]
  0x0000028ab35c0800 JavaThread "Unconstrained build operations Thread 15" [_thread_blocked, id=9160, stack(0x000000ae0ca00000,0x000000ae0cb00000)]
  0x0000028ab35c1000 JavaThread "Unconstrained build operations Thread 16" [_thread_blocked, id=744, stack(0x000000ae0cb00000,0x000000ae0cc00000)]
  0x0000028ab35c2000 JavaThread "Unconstrained build operations Thread 17" [_thread_blocked, id=3088, stack(0x000000ae0cc00000,0x000000ae0cd00000)]
  0x0000028ab35be000 JavaThread "Unconstrained build operations Thread 18" [_thread_blocked, id=11360, stack(0x000000ae0cd00000,0x000000ae0ce00000)]
  0x0000028ab35c4800 JavaThread "Unconstrained build operations Thread 19" [_thread_blocked, id=7740, stack(0x000000ae0ce00000,0x000000ae0cf00000)]
  0x0000028ab35c7000 JavaThread "Unconstrained build operations Thread 20" [_thread_blocked, id=12952, stack(0x000000ae0cf00000,0x000000ae0d000000)]
  0x0000028ab35c3000 JavaThread "Unconstrained build operations Thread 21" [_thread_blocked, id=6348, stack(0x000000ae0d000000,0x000000ae0d100000)]
  0x0000028ab35c5800 JavaThread "Unconstrained build operations Thread 22" [_thread_blocked, id=4964, stack(0x000000ae0d100000,0x000000ae0d200000)]
  0x0000028ab35c6000 JavaThread "Unconstrained build operations Thread 23" [_thread_blocked, id=5852, stack(0x000000ae0d200000,0x000000ae0d300000)]
  0x0000028ab35c8000 JavaThread "Unconstrained build operations Thread 24" [_thread_blocked, id=12312, stack(0x000000ae0d300000,0x000000ae0d400000)]
  0x0000028ab35c9800 JavaThread "Unconstrained build operations Thread 25" [_thread_blocked, id=11504, stack(0x000000ae0d400000,0x000000ae0d500000)]
  0x0000028ab35c8800 JavaThread "Unconstrained build operations Thread 26" [_thread_blocked, id=13232, stack(0x000000ae0d500000,0x000000ae0d600000)]
  0x0000028ab35c3800 JavaThread "Unconstrained build operations Thread 27" [_thread_blocked, id=9560, stack(0x000000ae0d600000,0x000000ae0d700000)]
  0x0000028ab35ca000 JavaThread "Unconstrained build operations Thread 28" [_thread_blocked, id=1236, stack(0x000000ae0d700000,0x000000ae0d800000)]
  0x0000028ab35da000 JavaThread "Unconstrained build operations Thread 29" [_thread_in_Java, id=1468, stack(0x000000ae0d800000,0x000000ae0d900000)]
  0x0000028ab35d9800 JavaThread "Unconstrained build operations Thread 30" [_thread_blocked, id=13268, stack(0x000000ae0d900000,0x000000ae0da00000)]
  0x0000028ab35d7800 JavaThread "Unconstrained build operations Thread 31" [_thread_blocked, id=7236, stack(0x000000ae0da00000,0x000000ae0db00000)]
  0x0000028ab35d8800 JavaThread "Unconstrained build operations Thread 32" [_thread_blocked, id=3160, stack(0x000000ae0db00000,0x000000ae0dc00000)]
  0x0000028ab35d7000 JavaThread "Unconstrained build operations Thread 33" [_thread_blocked, id=9512, stack(0x000000ae0dc00000,0x000000ae0dd00000)]
  0x0000028ab35d4800 JavaThread "Unconstrained build operations Thread 34" [_thread_blocked, id=2336, stack(0x000000ae0dd00000,0x000000ae0de00000)]
  0x0000028ab35db000 JavaThread "Unconstrained build operations Thread 35" [_thread_blocked, id=9640, stack(0x000000ae0de00000,0x000000ae0df00000)]
  0x0000028ab35d5800 JavaThread "Unconstrained build operations Thread 36" [_thread_blocked, id=5496, stack(0x000000ae0df00000,0x000000ae0e000000)]
  0x0000028ab35dc000 JavaThread "Unconstrained build operations Thread 37" [_thread_blocked, id=10428, stack(0x000000ae0e000000,0x000000ae0e100000)]
  0x0000028ab35d6000 JavaThread "Unconstrained build operations Thread 38" [_thread_blocked, id=224, stack(0x000000ae0e100000,0x000000ae0e200000)]
  0x0000028ab35e0800 JavaThread "Unconstrained build operations Thread 39" [_thread_blocked, id=5260, stack(0x000000ae0e200000,0x000000ae0e300000)]
  0x0000028ab35e1800 JavaThread "Unconstrained build operations Thread 40" [_thread_blocked, id=6444, stack(0x000000ae0e300000,0x000000ae0e400000)]
  0x0000028ab35e2800 JavaThread "jar transforms Thread 4" [_thread_blocked, id=892, stack(0x000000ae0e400000,0x000000ae0e500000)]
  0x0000028ab35df000 JavaThread "Memory manager" [_thread_blocked, id=5080, stack(0x000000ae0e500000,0x000000ae0e600000)]
  0x0000028ab35e3000 JavaThread "build event listener" [_thread_blocked, id=6168, stack(0x000000ae0e600000,0x000000ae0e700000)]
  0x0000028ab35e0000 JavaThread "Execution worker for ':'" [_thread_blocked, id=6076, stack(0x000000ae0e700000,0x000000ae0e800000)]
  0x0000028ab35dd800 JavaThread "Execution worker for ':' Thread 2" [_thread_blocked, id=8552, stack(0x000000ae0e800000,0x000000ae0e900000)]
  0x0000028ab35de000 JavaThread "Execution worker for ':' Thread 3" [_thread_blocked, id=12092, stack(0x000000ae0e900000,0x000000ae0ea00000)]
  0x0000028ab114a800 JavaThread "Cache worker for execution history cache (C:\Users\Admin\AndroidStudioProjects\cuoiky\PTUDDD\DemoApp\.gradle\7.3.3\executionHistory)" [_thread_blocked, id=4320, stack(0x000000ae0ea00000,0x000000ae0eb00000)]
  0x0000028ab1148800 JavaThread "WorkerExecutor Queue" [_thread_blocked, id=10284, stack(0x000000ae0eb00000,0x000000ae0ec00000)]

Other Threads:
  0x0000028aaf39f000 VMThread "VM Thread" [stack: 0x000000ae09400000,0x000000ae09500000] [id=12080]
  0x0000028aafebc800 WatcherThread [stack: 0x000000ae09e00000,0x000000ae09f00000] [id=9308]
  0x0000028a957df000 GCTaskThread "GC Thread#0" [stack: 0x000000ae08f00000,0x000000ae09000000] [id=12812]
  0x0000028ab01c2000 GCTaskThread "GC Thread#1" [stack: 0x000000ae0a000000,0x000000ae0a100000] [id=6676]
  0x0000028ab1dee000 GCTaskThread "GC Thread#2" [stack: 0x000000ae0aa00000,0x000000ae0ab00000] [id=13052]
  0x0000028ab105c000 GCTaskThread "GC Thread#3" [stack: 0x000000ae0ab00000,0x000000ae0ac00000] [id=9960]
  0x0000028a95811000 ConcurrentGCThread "G1 Main Marker" [stack: 0x000000ae09000000,0x000000ae09100000] [id=6512]
  0x0000028a95812800 ConcurrentGCThread "G1 Conc#0" [stack: 0x000000ae09100000,0x000000ae09200000] [id=12552]
  0x0000028a9586f800 ConcurrentGCThread "G1 Refine#0" [stack: 0x000000ae09200000,0x000000ae09300000] [id=8444]
  0x0000028a95870800 ConcurrentGCThread "G1 Young RemSet Sampling" [stack: 0x000000ae09300000,0x000000ae09400000] [id=12944]

Threads with active compile tasks:
C2 CompilerThread0  27848 12867       4       com.android.tools.r8.internal.ID::a (278 bytes)
C1 CompilerThread0  27848 13194       2       com.android.tools.r8.internal.Hs::a (233 bytes)

VM state:not at safepoint (normal execution)

VM Mutex/Monitor currently owned by a thread: None

Heap address: 0x0000000080000000, size: 2048 MB, Compressed Oops mode: 32-bit
Narrow klass base: 0x0000000000000000, Narrow klass shift: 3
Compressed class space size: 1073741824 Address: 0x0000000100000000

Heap:
 garbage-first heap   total 199680K, used 153938K [0x0000000080000000, 0x0000000100000000)
  region size 1024K, 65 young (66560K), 2 survivors (2048K)
 Metaspace       used 100239K, capacity 102825K, committed 103032K, reserved 1138688K
  class space    used 13072K, capacity 14075K, committed 14080K, reserved 1048576K
Heap Regions: E=young(eden), S=young(survivor), O=old, HS=humongous(starts), HC=humongous(continues), CS=collection set, F=free, A=archive, TAMS=top-at-mark-start (previous, next)
|   0|0x0000000080000000, 0x0000000080100000, 0x0000000080100000|100%| O|  |TAMS 0x0000000080100000, 0x0000000080000000| Untracked 
|   1|0x0000000080100000, 0x0000000080200000, 0x0000000080200000|100%| O|  |TAMS 0x0000000080200000, 0x0000000080100000| Untracked 
|   2|0x0000000080200000, 0x0000000080300000, 0x0000000080300000|100%| O|  |TAMS 0x0000000080300000, 0x0000000080200000| Untracked 
|   3|0x0000000080300000, 0x0000000080400000, 0x0000000080400000|100%|HS|  |TAMS 0x0000000080400000, 0x0000000080300000| Complete 
|   4|0x0000000080400000, 0x0000000080500000, 0x0000000080500000|100%|HC|  |TAMS 0x0000000080500000, 0x0000000080400000| Complete 
|   5|0x0000000080500000, 0x0000000080600000, 0x0000000080600000|100%|HC|  |TAMS 0x0000000080600000, 0x0000000080500000| Complete 
|   6|0x0000000080600000, 0x0000000080700000, 0x0000000080700000|100%| O|  |TAMS 0x0000000080700000, 0x0000000080600000| Untracked 
|   7|0x0000000080700000, 0x0000000080800000, 0x0000000080800000|100%| O|  |TAMS 0x0000000080800000, 0x0000000080700000| Untracked 
|   8|0x0000000080800000, 0x0000000080900000, 0x0000000080900000|100%| O|  |TAMS 0x0000000080900000, 0x0000000080800000| Untracked 
|   9|0x0000000080900000, 0x0000000080a00000, 0x0000000080a00000|100%| O|  |TAMS 0x0000000080a00000, 0x0000000080900000| Untracked 
|  10|0x0000000080a00000, 0x0000000080b00000, 0x0000000080b00000|100%| O|  |TAMS 0x0000000080b00000, 0x0000000080a00000| Untracked 
|  11|0x0000000080b00000, 0x0000000080c00000, 0x0000000080c00000|100%| O|  |TAMS 0x0000000080c00000, 0x0000000080b00000| Untracked 
|  12|0x0000000080c00000, 0x0000000080d00000, 0x0000000080d00000|100%| O|  |TAMS 0x0000000080d00000, 0x0000000080c00000| Untracked 
|  13|0x0000000080d00000, 0x0000000080e00000, 0x0000000080e00000|100%| O|  |TAMS 0x0000000080e00000, 0x0000000080d00000| Untracked 
|  14|0x0000000080e00000, 0x0000000080f00000, 0x0000000080f00000|100%| O|  |TAMS 0x0000000080f00000, 0x0000000080e00000| Untracked 
|  15|0x0000000080f00000, 0x0000000081000000, 0x0000000081000000|100%| O|  |TAMS 0x0000000081000000, 0x0000000080f00000| Untracked 
|  16|0x0000000081000000, 0x0000000081100000, 0x0000000081100000|100%| O|  |TAMS 0x0000000081100000, 0x0000000081000000| Untracked 
|  17|0x0000000081100000, 0x0000000081200000, 0x0000000081200000|100%| O|  |TAMS 0x0000000081200000, 0x0000000081100000| Untracked 
|  18|0x0000000081200000, 0x0000000081300000, 0x0000000081300000|100%| O|  |TAMS 0x0000000081300000, 0x0000000081200000| Untracked 
|  19|0x0000000081300000, 0x0000000081400000, 0x0000000081400000|100%| O|  |TAMS 0x0000000081400000, 0x0000000081300000| Untracked 
|  20|0x0000000081400000, 0x0000000081500000, 0x0000000081500000|100%| O|  |TAMS 0x0000000081500000, 0x0000000081400000| Untracked 
|  21|0x0000000081500000, 0x0000000081600000, 0x0000000081600000|100%| O|  |TAMS 0x0000000081600000, 0x0000000081500000| Untracked 
|  22|0x0000000081600000, 0x0000000081700000, 0x0000000081700000|100%| O|  |TAMS 0x0000000081700000, 0x0000000081600000| Untracked 
|  23|0x0000000081700000, 0x0000000081800000, 0x0000000081800000|100%| O|  |TAMS 0x0000000081800000, 0x0000000081700000| Untracked 
|  24|0x0000000081800000, 0x0000000081900000, 0x0000000081900000|100%| O|  |TAMS 0x0000000081900000, 0x0000000081800000| Untracked 
|  25|0x0000000081900000, 0x0000000081a00000, 0x0000000081a00000|100%| O|  |TAMS 0x0000000081a00000, 0x0000000081900000| Untracked 
|  26|0x0000000081a00000, 0x0000000081b00000, 0x0000000081b00000|100%| O|  |TAMS 0x0000000081b00000, 0x0000000081a00000| Untracked 
|  27|0x0000000081b00000, 0x0000000081c00000, 0x0000000081c00000|100%| O|  |TAMS 0x0000000081c00000, 0x0000000081b00000| Untracked 
|  28|0x0000000081c00000, 0x0000000081d00000, 0x0000000081d00000|100%| O|  |TAMS 0x0000000081d00000, 0x0000000081c00000| Untracked 
|  29|0x0000000081d00000, 0x0000000081e00000, 0x0000000081e00000|100%|HS|  |TAMS 0x0000000081e00000, 0x0000000081d00000| Complete 
|  30|0x0000000081e00000, 0x0000000081f00000, 0x0000000081f00000|100%|HS|  |TAMS 0x0000000081f00000, 0x0000000081e00000| Complete 
|  31|0x0000000081f00000, 0x0000000082000000, 0x0000000082000000|100%|HS|  |TAMS 0x0000000082000000, 0x0000000081f00000| Complete 
|  32|0x0000000082000000, 0x0000000082100000, 0x0000000082100000|100%|HC|  |TAMS 0x0000000082100000, 0x0000000082000000| Complete 
|  33|0x0000000082100000, 0x0000000082200000, 0x0000000082200000|100%| O|  |TAMS 0x0000000082200000, 0x0000000082100000| Untracked 
|  34|0x0000000082200000, 0x0000000082300000, 0x0000000082300000|100%| O|  |TAMS 0x0000000082300000, 0x0000000082200000| Untracked 
|  35|0x0000000082300000, 0x0000000082400000, 0x0000000082400000|100%| O|  |TAMS 0x0000000082400000, 0x0000000082300000| Untracked 
|  36|0x0000000082400000, 0x0000000082500000, 0x0000000082500000|100%| O|  |TAMS 0x0000000082500000, 0x0000000082400000| Untracked 
|  37|0x0000000082500000, 0x0000000082600000, 0x0000000082600000|100%| O|  |TAMS 0x0000000082600000, 0x0000000082500000| Untracked 
|  38|0x0000000082600000, 0x0000000082700000, 0x0000000082700000|100%| O|  |TAMS 0x0000000082700000, 0x0000000082600000| Untracked 
|  39|0x0000000082700000, 0x0000000082800000, 0x0000000082800000|100%| O|  |TAMS 0x0000000082800000, 0x0000000082700000| Untracked 
|  40|0x0000000082800000, 0x0000000082900000, 0x0000000082900000|100%| O|  |TAMS 0x0000000082900000, 0x0000000082800000| Untracked 
|  41|0x0000000082900000, 0x0000000082a00000, 0x0000000082a00000|100%| O|  |TAMS 0x0000000082a00000, 0x0000000082900000| Untracked 
|  42|0x0000000082a00000, 0x0000000082b00000, 0x0000000082b00000|100%| O|  |TAMS 0x0000000082b00000, 0x0000000082a00000| Untracked 
|  43|0x0000000082b00000, 0x0000000082c00000, 0x0000000082c00000|100%| O|  |TAMS 0x0000000082c00000, 0x0000000082b00000| Untracked 
|  44|0x0000000082c00000, 0x0000000082d00000, 0x0000000082d00000|100%| O|  |TAMS 0x0000000082d00000, 0x0000000082c00000| Untracked 
|  45|0x0000000082d00000, 0x0000000082e00000, 0x0000000082e00000|100%| O|  |TAMS 0x0000000082e00000, 0x0000000082d00000| Untracked 
|  46|0x0000000082e00000, 0x0000000082f00000, 0x0000000082f00000|100%| O|  |TAMS 0x0000000082f00000, 0x0000000082e00000| Untracked 
|  47|0x0000000082f00000, 0x0000000083000000, 0x0000000083000000|100%| O|  |TAMS 0x0000000083000000, 0x0000000082f00000| Untracked 
|  48|0x0000000083000000, 0x0000000083100000, 0x0000000083100000|100%| O|  |TAMS 0x0000000083100000, 0x0000000083000000| Untracked 
|  49|0x0000000083100000, 0x0000000083200000, 0x0000000083200000|100%| O|  |TAMS 0x0000000083200000, 0x0000000083100000| Untracked 
|  50|0x0000000083200000, 0x0000000083300000, 0x0000000083300000|100%| O|  |TAMS 0x0000000083300000, 0x0000000083200000| Untracked 
|  51|0x0000000083300000, 0x0000000083400000, 0x0000000083400000|100%| O|  |TAMS 0x0000000083400000, 0x0000000083300000| Untracked 
|  52|0x0000000083400000, 0x0000000083500000, 0x0000000083500000|100%| O|  |TAMS 0x0000000083500000, 0x0000000083400000| Untracked 
|  53|0x0000000083500000, 0x0000000083600000, 0x0000000083600000|100%| O|  |TAMS 0x0000000083600000, 0x0000000083500000| Untracked 
|  54|0x0000000083600000, 0x0000000083700000, 0x0000000083700000|100%| O|  |TAMS 0x0000000083700000, 0x0000000083600000| Untracked 
|  55|0x0000000083700000, 0x0000000083800000, 0x0000000083800000|100%| O|  |TAMS 0x0000000083800000, 0x0000000083700000| Untracked 
|  56|0x0000000083800000, 0x0000000083900000, 0x0000000083900000|100%| O|  |TAMS 0x0000000083900000, 0x0000000083800000| Untracked 
|  57|0x0000000083900000, 0x0000000083a00000, 0x0000000083a00000|100%| O|  |TAMS 0x0000000083a00000, 0x0000000083900000| Untracked 
|  58|0x0000000083a00000, 0x0000000083b00000, 0x0000000083b00000|100%| O|  |TAMS 0x0000000083b00000, 0x0000000083a00000| Untracked 
|  59|0x0000000083b00000, 0x0000000083c00000, 0x0000000083c00000|100%| O|  |TAMS 0x0000000083c00000, 0x0000000083b00000| Untracked 
|  60|0x0000000083c00000, 0x0000000083d00000, 0x0000000083d00000|100%| O|  |TAMS 0x0000000083d00000, 0x0000000083c00000| Untracked 
|  61|0x0000000083d00000, 0x0000000083e00000, 0x0000000083e00000|100%| O|  |TAMS 0x0000000083e00000, 0x0000000083d00000| Untracked 
|  62|0x0000000083e00000, 0x0000000083f00000, 0x0000000083f00000|100%| O|  |TAMS 0x0000000083f00000, 0x0000000083e00000| Untracked 
|  63|0x0000000083f00000, 0x0000000084000000, 0x0000000084000000|100%| O|  |TAMS 0x0000000084000000, 0x0000000083f00000| Untracked 
|  64|0x0000000084000000, 0x0000000084100000, 0x0000000084100000|100%| O|  |TAMS 0x0000000084100000, 0x0000000084000000| Untracked 
|  65|0x0000000084100000, 0x0000000084200000, 0x0000000084200000|100%| O|  |TAMS 0x0000000084200000, 0x0000000084100000| Untracked 
|  66|0x0000000084200000, 0x0000000084300000, 0x0000000084300000|100%| O|  |TAMS 0x0000000084300000, 0x0000000084200000| Untracked 
|  67|0x0000000084300000, 0x0000000084400000, 0x0000000084400000|100%| O|  |TAMS 0x0000000084400000, 0x0000000084300000| Untracked 
|  68|0x0000000084400000, 0x0000000084500000, 0x0000000084500000|100%| O|  |TAMS 0x0000000084500000, 0x0000000084400000| Untracked 
|  69|0x0000000084500000, 0x0000000084600000, 0x0000000084600000|100%| O|  |TAMS 0x0000000084600000, 0x0000000084500000| Untracked 
|  70|0x0000000084600000, 0x0000000084700000, 0x0000000084700000|100%| O|  |TAMS 0x0000000084700000, 0x0000000084600000| Untracked 
|  71|0x0000000084700000, 0x0000000084800000, 0x0000000084800000|100%| O|  |TAMS 0x0000000084800000, 0x0000000084700000| Untracked 
|  72|0x0000000084800000, 0x0000000084900000, 0x0000000084900000|100%| O|  |TAMS 0x0000000084900000, 0x0000000084800000| Untracked 
|  73|0x0000000084900000, 0x0000000084a00000, 0x0000000084a00000|100%| O|  |TAMS 0x0000000084a00000, 0x0000000084900000| Untracked 
|  74|0x0000000084a00000, 0x0000000084b00000, 0x0000000084b00000|100%| O|  |TAMS 0x0000000084b00000, 0x0000000084a00000| Untracked 
|  75|0x0000000084b00000, 0x0000000084c00000, 0x0000000084c00000|100%| O|  |TAMS 0x0000000084c00000, 0x0000000084b00000| Untracked 
|  76|0x0000000084c00000, 0x0000000084d00000, 0x0000000084d00000|100%| O|  |TAMS 0x0000000084d00000, 0x0000000084c00000| Untracked 
|  77|0x0000000084d00000, 0x0000000084e00000, 0x0000000084e00000|100%| O|  |TAMS 0x0000000084e00000, 0x0000000084d00000| Untracked 
|  78|0x0000000084e00000, 0x0000000084f00000, 0x0000000084f00000|100%| O|  |TAMS 0x0000000084f00000, 0x0000000084e00000| Untracked 
|  79|0x0000000084f00000, 0x0000000085000000, 0x0000000085000000|100%| O|  |TAMS 0x0000000085000000, 0x0000000084f00000| Untracked 
|  80|0x0000000085000000, 0x0000000085100000, 0x0000000085100000|100%| O|  |TAMS 0x0000000085100000, 0x0000000085000000| Untracked 
|  81|0x0000000085100000, 0x0000000085200000, 0x0000000085200000|100%| O|  |TAMS 0x0000000085200000, 0x0000000085100000| Untracked 
|  82|0x0000000085200000, 0x0000000085300000, 0x0000000085300000|100%| O|  |TAMS 0x0000000085300000, 0x0000000085200000| Untracked 
|  83|0x0000000085300000, 0x0000000085400000, 0x0000000085400000|100%| O|  |TAMS 0x0000000085400000, 0x0000000085300000| Untracked 
|  84|0x0000000085400000, 0x0000000085500000, 0x0000000085500000|100%| O|  |TAMS 0x0000000085500000, 0x0000000085400000| Untracked 
|  85|0x0000000085500000, 0x0000000085600000, 0x0000000085600000|100%| O|  |TAMS 0x0000000085600000, 0x0000000085500000| Untracked 
|  86|0x0000000085600000, 0x00000000856f3200, 0x0000000085700000| 94%| O|  |TAMS 0x00000000856f3200, 0x0000000085600000| Untracked 
|  87|0x0000000085700000, 0x0000000085700000, 0x0000000085800000|  0%| F|  |TAMS 0x0000000085700000, 0x0000000085700000| Untracked 
|  88|0x0000000085800000, 0x0000000085800000, 0x0000000085900000|  0%| F|  |TAMS 0x0000000085800000, 0x0000000085800000| Untracked 
|  89|0x0000000085900000, 0x0000000085900000, 0x0000000085a00000|  0%| F|  |TAMS 0x0000000085900000, 0x0000000085900000| Untracked 
|  90|0x0000000085a00000, 0x0000000085a00000, 0x0000000085b00000|  0%| F|  |TAMS 0x0000000085a00000, 0x0000000085a00000| Untracked 
|  91|0x0000000085b00000, 0x0000000085b00000, 0x0000000085c00000|  0%| F|  |TAMS 0x0000000085b00000, 0x0000000085b00000| Untracked 
|  92|0x0000000085c00000, 0x0000000085c00000, 0x0000000085d00000|  0%| F|  |TAMS 0x0000000085c00000, 0x0000000085c00000| Untracked 
|  93|0x0000000085d00000, 0x0000000085d00000, 0x0000000085e00000|  0%| F|  |TAMS 0x0000000085d00000, 0x0000000085d00000| Untracked 
|  94|0x0000000085e00000, 0x0000000085e00000, 0x0000000085f00000|  0%| F|  |TAMS 0x0000000085e00000, 0x0000000085e00000| Untracked 
|  95|0x0000000085f00000, 0x0000000085f00000, 0x0000000086000000|  0%| F|  |TAMS 0x0000000085f00000, 0x0000000085f00000| Untracked 
|  96|0x0000000086000000, 0x0000000086000000, 0x0000000086100000|  0%| F|  |TAMS 0x0000000086000000, 0x0000000086000000| Untracked 
|  97|0x0000000086100000, 0x0000000086100000, 0x0000000086200000|  0%| F|  |TAMS 0x0000000086100000, 0x0000000086100000| Untracked 
|  98|0x0000000086200000, 0x0000000086200000, 0x0000000086300000|  0%| F|  |TAMS 0x0000000086200000, 0x0000000086200000| Untracked 
|  99|0x0000000086300000, 0x0000000086300000, 0x0000000086400000|  0%| F|  |TAMS 0x0000000086300000, 0x0000000086300000| Untracked 
| 100|0x0000000086400000, 0x0000000086400000, 0x0000000086500000|  0%| F|  |TAMS 0x0000000086400000, 0x0000000086400000| Untracked 
| 101|0x0000000086500000, 0x0000000086500000, 0x0000000086600000|  0%| F|  |TAMS 0x0000000086500000, 0x0000000086500000| Untracked 
| 102|0x0000000086600000, 0x0000000086600000, 0x0000000086700000|  0%| F|  |TAMS 0x0000000086600000, 0x0000000086600000| Untracked 
| 103|0x0000000086700000, 0x0000000086700000, 0x0000000086800000|  0%| F|  |TAMS 0x0000000086700000, 0x0000000086700000| Untracked 
| 104|0x0000000086800000, 0x0000000086800000, 0x0000000086900000|  0%| F|  |TAMS 0x0000000086800000, 0x0000000086800000| Untracked 
| 105|0x0000000086900000, 0x0000000086900000, 0x0000000086a00000|  0%| F|  |TAMS 0x0000000086900000, 0x0000000086900000| Untracked 
| 106|0x0000000086a00000, 0x0000000086a00000, 0x0000000086b00000|  0%| F|  |TAMS 0x0000000086a00000, 0x0000000086a00000| Untracked 
| 107|0x0000000086b00000, 0x0000000086b00000, 0x0000000086c00000|  0%| F|  |TAMS 0x0000000086b00000, 0x0000000086b00000| Untracked 
| 108|0x0000000086c00000, 0x0000000086c00000, 0x0000000086d00000|  0%| F|  |TAMS 0x0000000086c00000, 0x0000000086c00000| Untracked 
| 109|0x0000000086d00000, 0x0000000086d00000, 0x0000000086e00000|  0%| F|  |TAMS 0x0000000086d00000, 0x0000000086d00000| Untracked 
| 110|0x0000000086e00000, 0x0000000086e00000, 0x0000000086f00000|  0%| F|  |TAMS 0x0000000086e00000, 0x0000000086e00000| Untracked 
| 111|0x0000000086f00000, 0x0000000086f00000, 0x0000000087000000|  0%| F|  |TAMS 0x0000000086f00000, 0x0000000086f00000| Untracked 
| 112|0x0000000087000000, 0x0000000087000000, 0x0000000087100000|  0%| F|  |TAMS 0x0000000087000000, 0x0000000087000000| Untracked 
| 113|0x0000000087100000, 0x0000000087100000, 0x0000000087200000|  0%| F|  |TAMS 0x0000000087100000, 0x0000000087100000| Untracked 
| 114|0x0000000087200000, 0x0000000087200000, 0x0000000087300000|  0%| F|  |TAMS 0x0000000087200000, 0x0000000087200000| Untracked 
| 115|0x0000000087300000, 0x0000000087300000, 0x0000000087400000|  0%| F|  |TAMS 0x0000000087300000, 0x0000000087300000| Untracked 
| 116|0x0000000087400000, 0x0000000087400000, 0x0000000087500000|  0%| F|  |TAMS 0x0000000087400000, 0x0000000087400000| Untracked 
| 117|0x0000000087500000, 0x0000000087500000, 0x0000000087600000|  0%| F|  |TAMS 0x0000000087500000, 0x0000000087500000| Untracked 
| 118|0x0000000087600000, 0x0000000087600000, 0x0000000087700000|  0%| F|  |TAMS 0x0000000087600000, 0x0000000087600000| Untracked 
| 119|0x0000000087700000, 0x0000000087700000, 0x0000000087800000|  0%| F|  |TAMS 0x0000000087700000, 0x0000000087700000| Untracked 
| 120|0x0000000087800000, 0x0000000087800000, 0x0000000087900000|  0%| F|  |TAMS 0x0000000087800000, 0x0000000087800000| Untracked 
| 121|0x0000000087900000, 0x0000000087900000, 0x0000000087a00000|  0%| F|  |TAMS 0x0000000087900000, 0x0000000087900000| Untracked 
| 122|0x0000000087a00000, 0x0000000087a00000, 0x0000000087b00000|  0%| F|  |TAMS 0x0000000087a00000, 0x0000000087a00000| Untracked 
| 123|0x0000000087b00000, 0x0000000087b00000, 0x0000000087c00000|  0%| F|  |TAMS 0x0000000087b00000, 0x0000000087b00000| Untracked 
| 124|0x0000000087c00000, 0x0000000087c00000, 0x0000000087d00000|  0%| F|  |TAMS 0x0000000087c00000, 0x0000000087c00000| Untracked 
| 125|0x0000000087d00000, 0x0000000087d00000, 0x0000000087e00000|  0%| F|  |TAMS 0x0000000087d00000, 0x0000000087d00000| Untracked 
| 126|0x0000000087e00000, 0x0000000087e00000, 0x0000000087f00000|  0%| F|  |TAMS 0x0000000087e00000, 0x0000000087e00000| Untracked 
| 127|0x0000000087f00000, 0x0000000087f616c0, 0x0000000088000000| 38%| S|CS|TAMS 0x0000000087f00000, 0x0000000087f00000| Complete 
| 128|0x0000000088000000, 0x0000000088100000, 0x0000000088100000|100%| S|CS|TAMS 0x0000000088000000, 0x0000000088000000| Complete 
| 129|0x0000000088100000, 0x0000000088100000, 0x0000000088200000|  0%| F|  |TAMS 0x0000000088100000, 0x0000000088100000| Untracked 
| 130|0x0000000088200000, 0x0000000088200000, 0x0000000088300000|  0%| F|  |TAMS 0x0000000088200000, 0x0000000088200000| Untracked 
| 131|0x0000000088300000, 0x00000000883d18a0, 0x0000000088400000| 81%| E|  |TAMS 0x0000000088300000, 0x0000000088300000| Complete 
| 132|0x0000000088400000, 0x0000000088500000, 0x0000000088500000|100%| E|CS|TAMS 0x0000000088400000, 0x0000000088400000| Complete 
| 133|0x0000000088500000, 0x0000000088600000, 0x0000000088600000|100%| E|CS|TAMS 0x0000000088500000, 0x0000000088500000| Complete 
| 134|0x0000000088600000, 0x0000000088700000, 0x0000000088700000|100%| E|CS|TAMS 0x0000000088600000, 0x0000000088600000| Complete 
| 135|0x0000000088700000, 0x0000000088800000, 0x0000000088800000|100%| E|CS|TAMS 0x0000000088700000, 0x0000000088700000| Complete 
| 136|0x0000000088800000, 0x0000000088900000, 0x0000000088900000|100%| E|CS|TAMS 0x0000000088800000, 0x0000000088800000| Complete 
| 137|0x0000000088900000, 0x0000000088a00000, 0x0000000088a00000|100%| E|CS|TAMS 0x0000000088900000, 0x0000000088900000| Complete 
| 138|0x0000000088a00000, 0x0000000088b00000, 0x0000000088b00000|100%| E|CS|TAMS 0x0000000088a00000, 0x0000000088a00000| Complete 
| 139|0x0000000088b00000, 0x0000000088c00000, 0x0000000088c00000|100%| E|CS|TAMS 0x0000000088b00000, 0x0000000088b00000| Complete 
| 140|0x0000000088c00000, 0x0000000088d00000, 0x0000000088d00000|100%| E|CS|TAMS 0x0000000088c00000, 0x0000000088c00000| Complete 
| 141|0x0000000088d00000, 0x0000000088e00000, 0x0000000088e00000|100%| E|CS|TAMS 0x0000000088d00000, 0x0000000088d00000| Complete 
| 142|0x0000000088e00000, 0x0000000088f00000, 0x0000000088f00000|100%| E|CS|TAMS 0x0000000088e00000, 0x0000000088e00000| Complete 
| 143|0x0000000088f00000, 0x0000000089000000, 0x0000000089000000|100%| E|CS|TAMS 0x0000000088f00000, 0x0000000088f00000| Complete 
| 144|0x0000000089000000, 0x0000000089100000, 0x0000000089100000|100%| E|CS|TAMS 0x0000000089000000, 0x0000000089000000| Complete 
| 145|0x0000000089100000, 0x0000000089200000, 0x0000000089200000|100%| E|CS|TAMS 0x0000000089100000, 0x0000000089100000| Complete 
| 146|0x0000000089200000, 0x0000000089300000, 0x0000000089300000|100%| E|CS|TAMS 0x0000000089200000, 0x0000000089200000| Complete 
| 147|0x0000000089300000, 0x0000000089400000, 0x0000000089400000|100%| E|CS|TAMS 0x0000000089300000, 0x0000000089300000| Complete 
| 148|0x0000000089400000, 0x0000000089500000, 0x0000000089500000|100%| E|CS|TAMS 0x0000000089400000, 0x0000000089400000| Complete 
| 149|0x0000000089500000, 0x0000000089600000, 0x0000000089600000|100%| E|CS|TAMS 0x0000000089500000, 0x0000000089500000| Complete 
| 150|0x0000000089600000, 0x0000000089700000, 0x0000000089700000|100%| E|CS|TAMS 0x0000000089600000, 0x0000000089600000| Complete 
| 151|0x0000000089700000, 0x0000000089800000, 0x0000000089800000|100%| E|CS|TAMS 0x0000000089700000, 0x0000000089700000| Complete 
| 152|0x0000000089800000, 0x0000000089900000, 0x0000000089900000|100%| E|CS|TAMS 0x0000000089800000, 0x0000000089800000| Complete 
| 153|0x0000000089900000, 0x0000000089a00000, 0x0000000089a00000|100%| E|CS|TAMS 0x0000000089900000, 0x0000000089900000| Complete 
| 154|0x0000000089a00000, 0x0000000089b00000, 0x0000000089b00000|100%| E|CS|TAMS 0x0000000089a00000, 0x0000000089a00000| Complete 
| 155|0x0000000089b00000, 0x0000000089c00000, 0x0000000089c00000|100%| E|CS|TAMS 0x0000000089b00000, 0x0000000089b00000| Complete 
| 156|0x0000000089c00000, 0x0000000089d00000, 0x0000000089d00000|100%| E|CS|TAMS 0x0000000089c00000, 0x0000000089c00000| Complete 
| 157|0x0000000089d00000, 0x0000000089e00000, 0x0000000089e00000|100%| E|CS|TAMS 0x0000000089d00000, 0x0000000089d00000| Complete 
| 158|0x0000000089e00000, 0x0000000089f00000, 0x0000000089f00000|100%| E|CS|TAMS 0x0000000089e00000, 0x0000000089e00000| Complete 
| 159|0x0000000089f00000, 0x000000008a000000, 0x000000008a000000|100%| E|CS|TAMS 0x0000000089f00000, 0x0000000089f00000| Complete 
| 160|0x000000008a000000, 0x000000008a100000, 0x000000008a100000|100%| E|CS|TAMS 0x000000008a000000, 0x000000008a000000| Complete 
| 161|0x000000008a100000, 0x000000008a200000, 0x000000008a200000|100%| E|CS|TAMS 0x000000008a100000, 0x000000008a100000| Complete 
| 162|0x000000008a200000, 0x000000008a300000, 0x000000008a300000|100%| E|CS|TAMS 0x000000008a200000, 0x000000008a200000| Complete 
| 163|0x000000008a300000, 0x000000008a400000, 0x000000008a400000|100%| E|CS|TAMS 0x000000008a300000, 0x000000008a300000| Complete 
| 164|0x000000008a400000, 0x000000008a500000, 0x000000008a500000|100%| E|CS|TAMS 0x000000008a400000, 0x000000008a400000| Complete 
| 165|0x000000008a500000, 0x000000008a600000, 0x000000008a600000|100%| E|CS|TAMS 0x000000008a500000, 0x000000008a500000| Complete 
| 166|0x000000008a600000, 0x000000008a700000, 0x000000008a700000|100%| E|CS|TAMS 0x000000008a600000, 0x000000008a600000| Complete 
| 167|0x000000008a700000, 0x000000008a800000, 0x000000008a800000|100%| E|CS|TAMS 0x000000008a700000, 0x000000008a700000| Complete 
| 168|0x000000008a800000, 0x000000008a900000, 0x000000008a900000|100%| E|CS|TAMS 0x000000008a800000, 0x000000008a800000| Complete 
| 169|0x000000008a900000, 0x000000008aa00000, 0x000000008aa00000|100%| E|CS|TAMS 0x000000008a900000, 0x000000008a900000| Complete 
| 170|0x000000008aa00000, 0x000000008ab00000, 0x000000008ab00000|100%| E|CS|TAMS 0x000000008aa00000, 0x000000008aa00000| Complete 
| 171|0x000000008ab00000, 0x000000008ac00000, 0x000000008ac00000|100%| E|CS|TAMS 0x000000008ab00000, 0x000000008ab00000| Complete 
| 172|0x000000008ac00000, 0x000000008ad00000, 0x000000008ad00000|100%| E|CS|TAMS 0x000000008ac00000, 0x000000008ac00000| Complete 
| 173|0x000000008ad00000, 0x000000008ae00000, 0x000000008ae00000|100%| E|CS|TAMS 0x000000008ad00000, 0x000000008ad00000| Complete 
| 174|0x000000008ae00000, 0x000000008af00000, 0x000000008af00000|100%| E|CS|TAMS 0x000000008ae00000, 0x000000008ae00000| Complete 
| 175|0x000000008af00000, 0x000000008b000000, 0x000000008b000000|100%| E|CS|TAMS 0x000000008af00000, 0x000000008af00000| Complete 
| 176|0x000000008b000000, 0x000000008b100000, 0x000000008b100000|100%| E|CS|TAMS 0x000000008b000000, 0x000000008b000000| Complete 
| 177|0x000000008b100000, 0x000000008b200000, 0x000000008b200000|100%| E|CS|TAMS 0x000000008b100000, 0x000000008b100000| Complete 
| 178|0x000000008b200000, 0x000000008b300000, 0x000000008b300000|100%| E|CS|TAMS 0x000000008b200000, 0x000000008b200000| Complete 
| 179|0x000000008b300000, 0x000000008b400000, 0x000000008b400000|100%| E|CS|TAMS 0x000000008b300000, 0x000000008b300000| Complete 
| 180|0x000000008b400000, 0x000000008b500000, 0x000000008b500000|100%| E|CS|TAMS 0x000000008b400000, 0x000000008b400000| Complete 
| 181|0x000000008b500000, 0x000000008b600000, 0x000000008b600000|100%| E|CS|TAMS 0x000000008b500000, 0x000000008b500000| Complete 
| 182|0x000000008b600000, 0x000000008b700000, 0x000000008b700000|100%| E|CS|TAMS 0x000000008b600000, 0x000000008b600000| Complete 
| 183|0x000000008b700000, 0x000000008b800000, 0x000000008b800000|100%| E|CS|TAMS 0x000000008b700000, 0x000000008b700000| Complete 
| 184|0x000000008b800000, 0x000000008b900000, 0x000000008b900000|100%| E|CS|TAMS 0x000000008b800000, 0x000000008b800000| Complete 
| 185|0x000000008b900000, 0x000000008ba00000, 0x000000008ba00000|100%| E|CS|TAMS 0x000000008b900000, 0x000000008b900000| Complete 
| 186|0x000000008ba00000, 0x000000008bb00000, 0x000000008bb00000|100%| E|CS|TAMS 0x000000008ba00000, 0x000000008ba00000| Complete 
| 187|0x000000008bb00000, 0x000000008bc00000, 0x000000008bc00000|100%| E|CS|TAMS 0x000000008bb00000, 0x000000008bb00000| Complete 
| 188|0x000000008bc00000, 0x000000008bd00000, 0x000000008bd00000|100%| E|CS|TAMS 0x000000008bc00000, 0x000000008bc00000| Complete 
| 189|0x000000008bd00000, 0x000000008be00000, 0x000000008be00000|100%| E|CS|TAMS 0x000000008bd00000, 0x000000008bd00000| Complete 
| 190|0x000000008be00000, 0x000000008bf00000, 0x000000008bf00000|100%| E|CS|TAMS 0x000000008be00000, 0x000000008be00000| Complete 
| 191|0x000000008bf00000, 0x000000008c000000, 0x000000008c000000|100%| E|CS|TAMS 0x000000008bf00000, 0x000000008bf00000| Complete 
| 192|0x000000008c000000, 0x000000008c100000, 0x000000008c100000|100%| E|CS|TAMS 0x000000008c000000, 0x000000008c000000| Complete 
| 193|0x000000008c100000, 0x000000008c200000, 0x000000008c200000|100%| E|CS|TAMS 0x000000008c100000, 0x000000008c100000| Complete 
| 194|0x000000008c200000, 0x000000008c300000, 0x000000008c300000|100%| E|CS|TAMS 0x000000008c200000, 0x000000008c200000| Complete 

Card table byte_map: [0x0000028aa86c0000,0x0000028aa8ac0000] _byte_map_base: 0x0000028aa82c0000

Marking Bits (Prev, Next): (CMBitMap*) 0x0000028a95808338, (CMBitMap*) 0x0000028a95808370
 Prev Bits: [0x0000028aa8ec0000, 0x0000028aaaec0000)
 Next Bits: [0x0000028aaaec0000, 0x0000028aacec0000)

Polling page: 0x0000028a93670000

Metaspace:

Usage:
  Non-class:     86.70 MB capacity,    85.16 MB ( 98%) used,     1.23 MB (  1%) free+waste,   322.13 KB ( <1%) overhead. 
      Class:     13.76 MB capacity,    12.77 MB ( 93%) used,   863.37 KB (  6%) free+waste,   146.50 KB (  1%) overhead. 
       Both:    100.46 MB capacity,    97.93 MB ( 97%) used,     2.07 MB (  2%) free+waste,   468.63 KB ( <1%) overhead. 

Virtual space:
  Non-class space:       88.00 MB reserved,      86.87 MB ( 99%) committed 
      Class space:        1.00 GB reserved,      13.88 MB (  1%) committed 
             Both:        1.09 GB reserved,     100.74 MB (  9%) committed 

Chunk freelists:
   Non-Class:  0 bytes
       Class:  0 bytes
        Both:  0 bytes

MaxMetaspaceSize: 17179869184.00 GB
CompressedClassSpaceSize: 1.00 GB
Initial GC threshold: 20.80 MB
Current GC threshold: 164.99 MB
CDS: off

CodeHeap 'non-profiled nmethods': size=120064Kb used=5083Kb max_used=5083Kb free=114980Kb
 bounds [0x0000028aa0d80000, 0x0000028aa1280000, 0x0000028aa82c0000]
CodeHeap 'profiled nmethods': size=120000Kb used=28194Kb max_used=28194Kb free=91805Kb
 bounds [0x0000028a99850000, 0x0000028a9b3e0000, 0x0000028aa0d80000]
CodeHeap 'non-nmethods': size=5696Kb used=2398Kb max_used=2430Kb free=3297Kb
 bounds [0x0000028a992c0000, 0x0000028a99530000, 0x0000028a99850000]
 total_blobs=13882 nmethods=12963 adapters=830
 compilation: enabled
              stopped_count=0, restarted_count=0
 full_count=0

Compilation events (20 events):
Event: 27.772 Thread 0x0000028aaf3d8000 nmethod 13080 0x0000028a9b3aa110 code [0x0000028a9b3aa2c0, 0x0000028a9b3aa468]
Event: 27.772 Thread 0x0000028aaf3d8000 13081       2       com.android.tools.r8.internal.MJ$c::<init> (10 bytes)
Event: 27.772 Thread 0x0000028aaf3d8000 nmethod 13081 0x0000028a9b3aa590 code [0x0000028a9b3aa740, 0x0000028a9b3aa8f8]
Event: 27.772 Thread 0x0000028aaf3d8000 13079       2       com.android.tools.r8.internal.MJ$c$a::<init> (5 bytes)
Event: 27.772 Thread 0x0000028aaf3d8000 nmethod 13079 0x0000028a9b3aa990 code [0x0000028a9b3aab40, 0x0000028a9b3aac38]
Event: 27.772 Thread 0x0000028aaf3d8000 13082       2       com.android.tools.r8.ir.regalloc.b::<init> (165 bytes)
Event: 27.776 Thread 0x0000028aaf3d8000 nmethod 13082 0x0000028a9b3aad10 code [0x0000028a9b3aafc0, 0x0000028a9b3abe98]
Event: 27.776 Thread 0x0000028aaf3d8000 13083       2       com.android.tools.r8.internal.LO::containsKey (74 bytes)
Event: 27.778 Thread 0x0000028aaf3d8000 nmethod 13083 0x0000028a9b3ac590 code [0x0000028a9b3ac760, 0x0000028a9b3aca08]
Event: 27.778 Thread 0x0000028aaf3d8000 13087       2       com.android.tools.r8.graph.f1::hashCode (8 bytes)
Event: 27.778 Thread 0x0000028aaf3d8000 nmethod 13087 0x0000028a9b3acb90 code [0x0000028a9b3acd40, 0x0000028a9b3ace48]
Event: 27.778 Thread 0x0000028aaf3d8000 13084       2       com.android.tools.r8.internal.JO::hasNext (14 bytes)
Event: 27.779 Thread 0x0000028aaf3d8000 nmethod 13084 0x0000028a9b3acf10 code [0x0000028a9b3ad0c0, 0x0000028a9b3ad1d8]
Event: 27.779 Thread 0x0000028aaf3d8000 13089       2       com.android.tools.r8.internal.jG::containsKey (80 bytes)
Event: 27.779 Thread 0x0000028aaf3d8000 nmethod 13089 0x0000028a9b3ad290 code [0x0000028a9b3ad480, 0x0000028a9b3ad788]
Event: 27.779 Thread 0x0000028aaf3d8000 13085       2       com.android.tools.r8.internal.FO::next (13 bytes)
Event: 27.780 Thread 0x0000028aaf3d8000 nmethod 13085 0x0000028a9b3ad910 code [0x0000028a9b3adac0, 0x0000028a9b3adc08]
Event: 27.780 Thread 0x0000028aaf3d8000 13086       2       com.android.tools.r8.internal.JO::m (60 bytes)
Event: 27.780 Thread 0x0000028aaf3d8000 nmethod 13086 0x0000028a9b3add10 code [0x0000028a9b3adee0, 0x0000028a9b3ae108]
Event: 27.780 Thread 0x0000028aaf3d8000 13092       2       com.android.tools.r8.internal.nf::a (519 bytes)

GC Heap History (20 events):
Event: 16.489 GC heap before
{Heap before GC invocations=23 (full 0):
 garbage-first heap   total 138240K, used 100791K [0x0000000080000000, 0x0000000100000000)
  region size 1024K, 50 young (51200K), 6 survivors (6144K)
 Metaspace       used 71953K, capacity 73647K, committed 73804K, reserved 1114112K
  class space    used 9392K, capacity 10021K, committed 10112K, reserved 1048576K
}
Event: 16.504 GC heap after
{Heap after GC invocations=24 (full 0):
 garbage-first heap   total 138240K, used 58829K [0x0000000080000000, 0x0000000100000000)
  region size 1024K, 7 young (7168K), 7 survivors (7168K)
 Metaspace       used 71953K, capacity 73647K, committed 73804K, reserved 1114112K
  class space    used 9392K, capacity 10021K, committed 10112K, reserved 1048576K
}
Event: 17.361 GC heap before
{Heap before GC invocations=24 (full 0):
 garbage-first heap   total 138240K, used 104909K [0x0000000080000000, 0x0000000100000000)
  region size 1024K, 52 young (53248K), 7 survivors (7168K)
 Metaspace       used 77081K, capacity 78886K, committed 79180K, reserved 1118208K
  class space    used 10125K, capacity 10786K, committed 10880K, reserved 1048576K
}
Event: 17.382 GC heap after
{Heap after GC invocations=25 (full 0):
 garbage-first heap   total 138240K, used 61125K [0x0000000080000000, 0x0000000100000000)
  region size 1024K, 6 young (6144K), 6 survivors (6144K)
 Metaspace       used 77081K, capacity 78886K, committed 79180K, reserved 1118208K
  class space    used 10125K, capacity 10786K, committed 10880K, reserved 1048576K
}
Event: 18.578 GC heap before
{Heap before GC invocations=25 (full 0):
 garbage-first heap   total 138240K, used 107205K [0x0000000080000000, 0x0000000100000000)
  region size 1024K, 51 young (52224K), 6 survivors (6144K)
 Metaspace       used 80664K, capacity 82683K, committed 82764K, reserved 1120256K
  class space    used 10648K, capacity 11365K, committed 11392K, reserved 1048576K
}
Event: 18.602 GC heap after
{Heap after GC invocations=26 (full 0):
 garbage-first heap   total 165888K, used 64659K [0x0000000080000000, 0x0000000100000000)
  region size 1024K, 6 young (6144K), 6 survivors (6144K)
 Metaspace       used 80664K, capacity 82683K, committed 82764K, reserved 1120256K
  class space    used 10648K, capacity 11365K, committed 11392K, reserved 1048576K
}
Event: 20.572 GC heap before
{Heap before GC invocations=26 (full 0):
 garbage-first heap   total 165888K, used 126099K [0x0000000080000000, 0x0000000100000000)
  region size 1024K, 67 young (68608K), 6 survivors (6144K)
 Metaspace       used 81636K, capacity 83702K, committed 84044K, reserved 1122304K
  class space    used 10731K, capacity 11537K, committed 11648K, reserved 1048576K
}
Event: 20.596 GC heap after
{Heap after GC invocations=27 (full 0):
 garbage-first heap   total 165888K, used 69087K [0x0000000080000000, 0x0000000100000000)
  region size 1024K, 8 young (8192K), 8 survivors (8192K)
 Metaspace       used 81636K, capacity 83702K, committed 84044K, reserved 1122304K
  class space    used 10731K, capacity 11537K, committed 11648K, reserved 1048576K
}
Event: 22.231 GC heap before
{Heap before GC invocations=27 (full 0):
 garbage-first heap   total 165888K, used 128479K [0x0000000080000000, 0x0000000100000000)
  region size 1024K, 67 young (68608K), 8 survivors (8192K)
 Metaspace       used 86137K, capacity 88296K, committed 88396K, reserved 1126400K
  class space    used 11261K, capacity 12066K, committed 12160K, reserved 1048576K
}
Event: 22.251 GC heap after
{Heap after GC invocations=28 (full 0):
 garbage-first heap   total 165888K, used 72513K [0x0000000080000000, 0x0000000100000000)
  region size 1024K, 8 young (8192K), 8 survivors (8192K)
 Metaspace       used 86137K, capacity 88296K, committed 88396K, reserved 1126400K
  class space    used 11261K, capacity 12066K, committed 12160K, reserved 1048576K
}
Event: 23.587 GC heap before
{Heap before GC invocations=28 (full 0):
 garbage-first heap   total 165888K, used 130881K [0x0000000080000000, 0x0000000100000000)
  region size 1024K, 66 young (67584K), 8 survivors (8192K)
 Metaspace       used 88439K, capacity 90577K, committed 90700K, reserved 1128448K
  class space    used 11513K, capacity 12316K, committed 12416K, reserved 1048576K
}
Event: 23.629 GC heap after
{Heap after GC invocations=29 (full 0):
 garbage-first heap   total 165888K, used 78443K [0x0000000080000000, 0x0000000100000000)
  region size 1024K, 9 young (9216K), 9 survivors (9216K)
 Metaspace       used 88439K, capacity 90577K, committed 90700K, reserved 1128448K
  class space    used 11513K, capacity 12316K, committed 12416K, reserved 1048576K
}
Event: 24.591 GC heap before
{Heap before GC invocations=29 (full 0):
 garbage-first heap   total 165888K, used 132715K [0x0000000080000000, 0x0000000100000000)
  region size 1024K, 63 young (64512K), 9 survivors (9216K)
 Metaspace       used 93564K, capacity 95932K, committed 96076K, reserved 1132544K
  class space    used 12205K, capacity 13109K, committed 13184K, reserved 1048576K
}
Event: 24.636 GC heap after
{Heap after GC invocations=30 (full 0):
 garbage-first heap   total 199680K, used 84357K [0x0000000080000000, 0x0000000100000000)
  region size 1024K, 8 young (8192K), 8 survivors (8192K)
 Metaspace       used 93564K, capacity 95932K, committed 96076K, reserved 1132544K
  class space    used 12205K, capacity 13109K, committed 13184K, reserved 1048576K
}
Event: 26.080 GC heap before
{Heap before GC invocations=30 (full 0):
 garbage-first heap   total 199680K, used 149893K [0x0000000080000000, 0x0000000100000000)
  region size 1024K, 73 young (74752K), 8 survivors (8192K)
 Metaspace       used 98133K, capacity 100666K, committed 100940K, reserved 1136640K
  class space    used 12891K, capacity 13867K, committed 13952K, reserved 1048576K
}
Event: 26.105 GC heap after
{Heap after GC invocations=31 (full 0):
 garbage-first heap   total 199680K, used 89450K [0x0000000080000000, 0x0000000100000000)
  region size 1024K, 6 young (6144K), 6 survivors (6144K)
 Metaspace       used 98133K, capacity 100666K, committed 100940K, reserved 1136640K
  class space    used 12891K, capacity 13867K, committed 13952K, reserved 1048576K
}
Event: 26.141 GC heap before
{Heap before GC invocations=31 (full 0):
 garbage-first heap   total 199680K, used 92522K [0x0000000080000000, 0x0000000100000000)
  region size 1024K, 10 young (10240K), 6 survivors (6144K)
 Metaspace       used 98310K, capacity 100830K, committed 100940K, reserved 1136640K
  class space    used 12907K, capacity 13899K, committed 13952K, reserved 1048576K
}
Event: 26.155 GC heap after
{Heap after GC invocations=32 (full 0):
 garbage-first heap   total 199680K, used 90060K [0x0000000080000000, 0x0000000100000000)
  region size 1024K, 1 young (1024K), 1 survivors (1024K)
 Metaspace       used 98310K, capacity 100830K, committed 100940K, reserved 1136640K
  class space    used 12907K, capacity 13899K, committed 13952K, reserved 1048576K
}
Event: 27.101 GC heap before
{Heap before GC invocations=33 (full 0):
 garbage-first heap   total 199680K, used 156620K [0x0000000080000000, 0x0000000100000000)
  region size 1024K, 66 young (67584K), 1 survivors (1024K)
 Metaspace       used 98624K, capacity 101074K, committed 101624K, reserved 1136640K
  class space    used 12872K, capacity 13793K, committed 13952K, reserved 1048576K
}
Event: 27.107 GC heap after
{Heap after GC invocations=34 (full 0):
 garbage-first heap   total 199680K, used 90450K [0x0000000080000000, 0x0000000100000000)
  region size 1024K, 2 young (2048K), 2 survivors (2048K)
 Metaspace       used 98624K, capacity 101074K, committed 101624K, reserved 1136640K
  class space    used 12872K, capacity 13793K, committed 13952K, reserved 1048576K
}

Deoptimization events (20 events):
Event: 27.716 Thread 0x0000028ab001c800 DEOPT PACKING pc=0x0000028aa121f710 sp=0x000000ae0bffa120
Event: 27.716 Thread 0x0000028ab001c800 DEOPT UNPACKING pc=0x0000028a9930a1af sp=0x000000ae0bffa0b8 mode 2
Event: 27.717 Thread 0x0000028ab001c800 Uncommon trap: trap_request=0xffffffde fr.pc=0x0000028aa1244e44 relative=0x0000000000000164
Event: 27.717 Thread 0x0000028ab001c800 Uncommon trap: reason=class_check action=maybe_recompile pc=0x0000028aa1244e44 method=com.android.tools.r8.internal.kV.a(Lcom/android/tools/r8/internal/kV;Lcom/android/tools/r8/internal/Yb;)I @ 19 c2
Event: 27.717 Thread 0x0000028ab001c800 DEOPT PACKING pc=0x0000028aa1244e44 sp=0x000000ae0bffa390
Event: 27.717 Thread 0x0000028ab001c800 DEOPT UNPACKING pc=0x0000028a9930a1af sp=0x000000ae0bffa338 mode 2
Event: 27.717 Thread 0x0000028ab001c800 Uncommon trap: trap_request=0xffffffde fr.pc=0x0000028aa1244e44 relative=0x0000000000000164
Event: 27.717 Thread 0x0000028ab001c800 Uncommon trap: reason=class_check action=maybe_recompile pc=0x0000028aa1244e44 method=com.android.tools.r8.internal.kV.a(Lcom/android/tools/r8/internal/kV;Lcom/android/tools/r8/internal/Yb;)I @ 19 c2
Event: 27.717 Thread 0x0000028ab001c800 DEOPT PACKING pc=0x0000028aa1244e44 sp=0x000000ae0bffa190
Event: 27.717 Thread 0x0000028ab001c800 DEOPT UNPACKING pc=0x0000028a9930a1af sp=0x000000ae0bffa120 mode 2
Event: 27.717 Thread 0x0000028ab001c800 Uncommon trap: trap_request=0xffffffde fr.pc=0x0000028aa1244e44 relative=0x0000000000000164
Event: 27.717 Thread 0x0000028ab001c800 Uncommon trap: reason=class_check action=maybe_recompile pc=0x0000028aa1244e44 method=com.android.tools.r8.internal.kV.a(Lcom/android/tools/r8/internal/kV;Lcom/android/tools/r8/internal/Yb;)I @ 19 c2
Event: 27.717 Thread 0x0000028ab001c800 DEOPT PACKING pc=0x0000028aa1244e44 sp=0x000000ae0bffa390
Event: 27.717 Thread 0x0000028ab001c800 DEOPT UNPACKING pc=0x0000028a9930a1af sp=0x000000ae0bffa338 mode 2
Event: 27.717 Thread 0x0000028ab001c800 Uncommon trap: trap_request=0xffffffde fr.pc=0x0000028aa1244e44 relative=0x0000000000000164
Event: 27.717 Thread 0x0000028ab001c800 Uncommon trap: reason=class_check action=maybe_recompile pc=0x0000028aa1244e44 method=com.android.tools.r8.internal.kV.a(Lcom/android/tools/r8/internal/kV;Lcom/android/tools/r8/internal/Yb;)I @ 19 c2
Event: 27.717 Thread 0x0000028ab001c800 DEOPT PACKING pc=0x0000028aa1244e44 sp=0x000000ae0bffa3b0
Event: 27.717 Thread 0x0000028ab001c800 DEOPT UNPACKING pc=0x0000028a9930a1af sp=0x000000ae0bffa358 mode 2
Event: 27.762 Thread 0x0000028ab35bf800 DEOPT PACKING pc=0x0000028a9af6fa6a sp=0x000000ae0c8f9130
Event: 27.762 Thread 0x0000028ab35bf800 DEOPT UNPACKING pc=0x0000028a9930a95e sp=0x000000ae0c8f8780 mode 0

Classes redefined (0 events):
No events

Internal exceptions (20 events):
Event: 24.173 Thread 0x0000028ab35da000 Exception <a 'java/lang/IncompatibleClassChangeError'{0x0000000088ffaa28}: Found class java.lang.Object, but interface was expected> (0x0000000088ffaa28) thrown at [./src/hotspot/share/interpreter/linkResolver.cpp, line 839]
Event: 24.480 Thread 0x0000028ab35da000 Exception <a 'java/lang/NoSuchMethodError'{0x00000000875781e8}: 'java.lang.Object java.lang.invoke.DirectMethodHandle$Holder.invokeStatic(java.lang.Object, int, java.lang.Object, java.lang.Object)'> (0x00000000875781e8) thrown at [./src/hotspot/share/interpreter/linkResolver.cpp, line 773]
Event: 24.491 Thread 0x0000028ab35bf800 Exception <a 'java/lang/NoSuchMethodError'{0x000000008753cdf8}: 'java.lang.Object java.lang.invoke.DirectMethodHandle$Holder.invokeStatic(java.lang.Object, int, java.lang.Object, java.lang.Object)'> (0x000000008753cdf8) thrown at [./src/hotspot/share/interpreter/linkResolver.cpp, line 773]
Event: 24.831 Thread 0x0000028ab001c800 Exception <a 'java/lang/NoSuchMethodError'{0x000000008b68f960}: 'int java.lang.invoke.DirectMethodHandle$Holder.invokeSpecial(java.lang.Object, java.lang.Object, java.lang.Object, java.lang.Object, java.lang.Object)'> (0x000000008b68f960) thrown at [./src/hotspot/share/interpreter/linkResolver.cpp, line 773]
Event: 24.831 Thread 0x0000028ab35da000 Exception <a 'java/lang/NoSuchMethodError'{0x000000008b66bfa0}: 'int java.lang.invoke.DirectMethodHandle$Holder.invokeSpecial(java.lang.Object, java.lang.Object, java.lang.Object, java.lang.Object, java.lang.Object)'> (0x000000008b66bfa0) thrown at [./src/hotspot/share/interpreter/linkResolver.cpp, line 773]
Event: 24.831 Thread 0x0000028ab35bf800 Exception <a 'java/lang/NoSuchMethodError'{0x000000008bf6ed98}: 'int java.lang.invoke.DirectMethodHandle$Holder.invokeSpecial(java.lang.Object, java.lang.Object, java.lang.Object, java.lang.Object, java.lang.Object)'> (0x000000008bf6ed98) thrown at [./src/hotspot/share/interpreter/linkResolver.cpp, line 773]
Event: 24.858 Thread 0x0000028ab35bf800 Exception <a 'java/lang/IncompatibleClassChangeError'{0x000000008b4853f8}: Found class java.lang.Object, but interface was expected> (0x000000008b4853f8) thrown at [./src/hotspot/share/interpreter/linkResolver.cpp, line 839]
Event: 24.858 Thread 0x0000028ab35da000 Exception <a 'java/lang/IncompatibleClassChangeError'{0x000000008b45c230}: Found class java.lang.Object, but interface was expected> (0x000000008b45c230) thrown at [./src/hotspot/share/interpreter/linkResolver.cpp, line 839]
Event: 24.862 Thread 0x0000028ab35da000 Exception <a 'java/lang/IncompatibleClassChangeError'{0x000000008b465178}: Found class java.lang.Object, but interface was expected> (0x000000008b465178) thrown at [./src/hotspot/share/interpreter/linkResolver.cpp, line 839]
Event: 24.933 Thread 0x0000028ab001c800 Exception <a 'java/lang/NoSuchMethodError'{0x000000008afd6948}: 'void java.lang.invoke.DirectMethodHandle$Holder.invokeSpecial(java.lang.Object, java.lang.Object, int, java.lang.Object)'> (0x000000008afd6948) thrown at [./src/hotspot/share/interpreter/linkResolver.cpp, line 773]
Event: 24.933 Thread 0x0000028ab35da000 Exception <a 'java/lang/NoSuchMethodError'{0x000000008ad26b08}: 'void java.lang.invoke.DirectMethodHandle$Holder.invokeSpecial(java.lang.Object, java.lang.Object, int, java.lang.Object)'> (0x000000008ad26b08) thrown at [./src/hotspot/share/interpreter/linkResolver.cpp, line 773]
Event: 24.933 Thread 0x0000028ab35bf800 Exception <a 'java/lang/NoSuchMethodError'{0x000000008ad154a8}: 'void java.lang.invoke.DirectMethodHandle$Holder.invokeSpecial(java.lang.Object, java.lang.Object, int, java.lang.Object)'> (0x000000008ad154a8) thrown at [./src/hotspot/share/interpreter/linkResolver.cpp, line 773]
Event: 25.073 Thread 0x0000028ab0021800 Exception <a 'java/lang/NoSuchMethodError'{0x000000008a4fb8e8}: 'java.lang.Object java.lang.invoke.DirectMethodHandle$Holder.newInvokeSpecial(java.lang.Object, int)'> (0x000000008a4fb8e8) thrown at [./src/hotspot/share/interpreter/linkResolver.cpp, line 773]
Event: 25.073 Thread 0x0000028ab001c800 Exception <a 'java/lang/NoSuchMethodError'{0x000000008a38b038}: 'java.lang.Object java.lang.invoke.DirectMethodHandle$Holder.newInvokeSpecial(java.lang.Object, int)'> (0x000000008a38b038) thrown at [./src/hotspot/share/interpreter/linkResolver.cpp, line 773]
Event: 25.073 Thread 0x0000028ab35bf800 Exception <a 'java/lang/NoSuchMethodError'{0x000000008a3f6860}: 'java.lang.Object java.lang.invoke.DirectMethodHandle$Holder.newInvokeSpecial(java.lang.Object, int)'> (0x000000008a3f6860) thrown at [./src/hotspot/share/interpreter/linkResolver.cpp, line 773]
Event: 25.073 Thread 0x0000028ab35da000 Exception <a 'java/lang/NoSuchMethodError'{0x000000008a2044c8}: 'java.lang.Object java.lang.invoke.DirectMethodHandle$Holder.newInvokeSpecial(java.lang.Object, int)'> (0x000000008a2044c8) thrown at [./src/hotspot/share/interpreter/linkResolver.cpp, line 773]
Event: 27.537 Thread 0x0000028ab001c800 Exception <a 'java/lang/NoSuchMethodError'{0x000000008a3889a0}: 'java.lang.Object java.lang.invoke.Invokers$Holder.linkToTargetMethod(java.lang.Object, int, java.lang.Object, java.lang.Object, java.lang.Object, java.lang.Object)'> (0x000000008a3889a0) thrown at [./src/hotspot/share/interpreter/linkResolver.cpp, line 773]
Event: 27.540 Thread 0x0000028ab001c800 Exception <a 'java/lang/NoSuchMethodError'{0x000000008a39c990}: 'java.lang.Object java.lang.invoke.Invokers$Holder.linkToTargetMethod(java.lang.Object, java.lang.Object, java.lang.Object, int, java.lang.Object, java.lang.Object, java.lang.Object)'> (0x000000008a39c990) thrown at [./src/hotspot/share/interpreter/linkResolver.cpp, line 773]
Event: 27.548 Thread 0x0000028ab001c800 Exception <a 'java/lang/NoSuchMethodError'{0x000000008a3b1a98}: 'void java.lang.invoke.DirectMethodHandle$Holder.invokeStatic(java.lang.Object, java.lang.Object, java.lang.Object, java.lang.Object, java.lang.Object, java.lang.Object, java.lang.Object, java.lang.Object)'> (0x000000008a3b1a98) thrown at [./src/hotspot/share/interpreter/linkResolver.cpp, line 773]
Event: 27.664 Thread 0x0000028ab35da000 Exception <a 'java/lang/IncompatibleClassChangeError'{0x00000000896fea18}: Found class java.lang.Object, but interface was expected> (0x00000000896fea18) thrown at [./src/hotspot/share/interpreter/linkResolver.cpp, line 839]

Events (20 events):
Event: 27.780 loading class com/android/tools/r8/graph/q0
Event: 27.780 loading class com/android/tools/r8/graph/q0 done
Event: 27.780 loading class com/android/tools/r8/graph/q0
Event: 27.780 loading class com/android/tools/r8/graph/q0 done
Event: 27.780 loading class com/android/tools/r8/graph/q0
Event: 27.780 loading class com/android/tools/r8/graph/q0 done
Event: 27.780 loading class com/android/tools/r8/graph/A
Event: 27.780 loading class com/android/tools/r8/graph/A done
Event: 27.780 loading class com/android/tools/r8/graph/A
Event: 27.780 loading class com/android/tools/r8/graph/A done
Event: 27.780 loading class com/android/tools/r8/graph/o0
Event: 27.780 loading class com/android/tools/r8/graph/o0 done
Event: 27.781 loading class com/android/tools/r8/internal/hj
Event: 27.781 loading class com/android/tools/r8/internal/hj done
Event: 27.783 loading class com/android/tools/r8/graph/Z2
Event: 27.783 loading class com/android/tools/r8/graph/Z2 done
Event: 27.783 loading class com/android/tools/r8/internal/kj
Event: 27.783 loading class com/android/tools/r8/internal/kj done
Event: 27.784 loading class com/android/tools/r8/internal/EK
Event: 27.784 loading class com/android/tools/r8/internal/EK done


Dynamic libraries:
0x00007ff605890000 - 0x00007ff60589a000 	C:\Program Files\Android\Android Studio\jre\bin\java.exe
0x00007ffa2bbb0000 - 0x00007ffa2bd9e000 	C:\Windows\SYSTEM32\ntdll.dll
0x00007ffa28de0000 - 0x00007ffa28e93000 	C:\Windows\System32\KERNEL32.DLL
0x00007ffa27fb0000 - 0x00007ffa2824d000 	C:\Windows\System32\KERNELBASE.dll
0x00007ffa27c60000 - 0x00007ffa27d5a000 	C:\Windows\System32\ucrtbase.dll
0x00007ffa06350000 - 0x00007ffa06367000 	C:\Program Files\Android\Android Studio\jre\bin\VCRUNTIME140.dll
0x00007ffa06300000 - 0x00007ffa06319000 	C:\Program Files\Android\Android Studio\jre\bin\jli.dll
0x00007ffa293b0000 - 0x00007ffa29548000 	C:\Windows\System32\USER32.dll
0x00007ffa17e50000 - 0x00007ffa180c9000 	C:\Windows\WinSxS\amd64_microsoft.windows.common-controls_6595b64144ccf1df_6.0.17763.3650_none_de72e6e05349b85a\COMCTL32.dll
0x00007ffa27c40000 - 0x00007ffa27c60000 	C:\Windows\System32\win32u.dll
0x00007ffa2b020000 - 0x00007ffa2b0be000 	C:\Windows\System32\msvcrt.dll
0x00007ffa29210000 - 0x00007ffa29239000 	C:\Windows\System32\GDI32.dll
0x00007ffa2b720000 - 0x00007ffa2ba4b000 	C:\Windows\System32\combase.dll
0x00007ffa28c40000 - 0x00007ffa28de0000 	C:\Windows\System32\gdi32full.dll
0x00007ffa2b220000 - 0x00007ffa2b33d000 	C:\Windows\System32\RPCRT4.dll
0x00007ffa28350000 - 0x00007ffa283f0000 	C:\Windows\System32\msvcp_win.dll
0x00007ffa28bb0000 - 0x00007ffa28c32000 	C:\Windows\System32\bcryptPrimitives.dll
0x00007ffa29040000 - 0x00007ffa2906e000 	C:\Windows\System32\IMM32.DLL
0x00007ffa044b0000 - 0x00007ffa0454d000 	C:\Program Files\Android\Android Studio\jre\bin\msvcp140.dll
0x00007ff9f6e30000 - 0x00007ff9f7915000 	C:\Program Files\Android\Android Studio\jre\bin\server\jvm.dll
0x00007ffa2b670000 - 0x00007ffa2b717000 	C:\Windows\System32\ADVAPI32.dll
0x00007ffa28f00000 - 0x00007ffa28f9f000 	C:\Windows\System32\sechost.dll
0x00007ffa29550000 - 0x00007ffa29558000 	C:\Windows\System32\PSAPI.DLL
0x00007ffa22000000 - 0x00007ffa22009000 	C:\Windows\SYSTEM32\WSOCK32.dll
0x00007ffa2b550000 - 0x00007ffa2b5bd000 	C:\Windows\System32\WS2_32.dll
0x00007ffa25930000 - 0x00007ffa25954000 	C:\Windows\SYSTEM32\WINMM.dll
0x00007ffa21390000 - 0x00007ffa2139a000 	C:\Windows\SYSTEM32\VERSION.dll
0x00007ffa257a0000 - 0x00007ffa257cd000 	C:\Windows\SYSTEM32\WINMMBASE.dll
0x00007ffa27d60000 - 0x00007ffa27daa000 	C:\Windows\System32\cfgmgr32.dll
0x00007ffa27b70000 - 0x00007ffa27b81000 	C:\Windows\System32\kernel.appcore.dll
0x00007ffa1a0b0000 - 0x00007ffa1a0c1000 	C:\Program Files\Android\Android Studio\jre\bin\verify.dll
0x00007ffa27660000 - 0x00007ffa2784d000 	C:\Windows\SYSTEM32\DBGHELP.DLL
0x00007ffa27400000 - 0x00007ffa2742a000 	C:\Windows\SYSTEM32\dbgcore.DLL
0x00007ffa18120000 - 0x00007ffa18149000 	C:\Program Files\Android\Android Studio\jre\bin\java.dll
0x00007ffa13d00000 - 0x00007ffa13d0b000 	C:\Program Files\Android\Android Studio\jre\bin\jimage.dll
0x00007ffa0e9a0000 - 0x00007ffa0e9b8000 	C:\Program Files\Android\Android Studio\jre\bin\zip.dll
0x00007ffa295c0000 - 0x00007ffa2aab8000 	C:\Windows\System32\SHELL32.dll
0x00007ffa290d0000 - 0x00007ffa29177000 	C:\Windows\System32\shcore.dll
0x00007ffa28460000 - 0x00007ffa28ba9000 	C:\Windows\System32\windows.storage.dll
0x00007ffa27b90000 - 0x00007ffa27bb3000 	C:\Windows\System32\profapi.dll
0x00007ffa27be0000 - 0x00007ffa27c3d000 	C:\Windows\System32\powrprof.dll
0x00007ffa29070000 - 0x00007ffa290c2000 	C:\Windows\System32\shlwapi.dll
0x00007ffa28250000 - 0x00007ffa2826b000 	C:\Windows\System32\cryptsp.dll
0x00007ffa089d0000 - 0x00007ffa089ea000 	C:\Program Files\Android\Android Studio\jre\bin\net.dll
0x00007ffa1add0000 - 0x00007ffa1aecf000 	C:\Windows\SYSTEM32\WINHTTP.dll
0x00007ffa26fe0000 - 0x00007ffa27047000 	C:\Windows\system32\mswsock.dll
0x00007ffa089b0000 - 0x00007ffa089c4000 	C:\Program Files\Android\Android Studio\jre\bin\nio.dll
0x00007ffa00640000 - 0x00007ffa00667000 	C:\Users\Admin\.gradle\native\e1d6ef7f7dcc3fd88c89a11ec53ec762bb8ba0a96d01ffa2cd45eb1d1d8dd5c5\windows-amd64\native-platform.dll
0x00007ff9fdf70000 - 0x00007ff9fe0b4000 	C:\Users\Admin\.gradle\native\5664cfc778a61ccfe75a443a1ab52a65af34e5dc3c78e0209fed803814484fcb\windows-amd64\native-platform-file-events.dll
0x00007ffa12af0000 - 0x00007ffa12afa000 	C:\Program Files\Android\Android Studio\jre\bin\management.dll
0x00007ffa128f0000 - 0x00007ffa128fd000 	C:\Program Files\Android\Android Studio\jre\bin\management_ext.dll
0x00007ffa26b60000 - 0x00007ffa26b93000 	C:\Windows\system32\rsaenh.dll
0x00007ffa28270000 - 0x00007ffa28296000 	C:\Windows\System32\bcrypt.dll
0x00007ffa27a70000 - 0x00007ffa27a99000 	C:\Windows\SYSTEM32\USERENV.dll
0x00007ffa271b0000 - 0x00007ffa271bc000 	C:\Windows\SYSTEM32\CRYPTBASE.dll
0x00007ffa26cf0000 - 0x00007ffa26d2d000 	C:\Windows\SYSTEM32\IPHLPAPI.DLL
0x00007ffa29180000 - 0x00007ffa29188000 	C:\Windows\System32\NSI.dll
0x00007ffa21b80000 - 0x00007ffa21b96000 	C:\Windows\SYSTEM32\dhcpcsvc6.DLL
0x00007ffa21ad0000 - 0x00007ffa21aec000 	C:\Windows\SYSTEM32\dhcpcsvc.DLL
0x00007ffa26d30000 - 0x00007ffa26df6000 	C:\Windows\SYSTEM32\DNSAPI.dll

dbghelp: loaded successfully - version: 4.0.5 - missing functions: none
symbol engine: initialized successfully - sym options: 0x614 - pdb path: .;C:\Program Files\Android\Android Studio\jre\bin;C:\Windows\SYSTEM32;C:\Windows\WinSxS\amd64_microsoft.windows.common-controls_6595b64144ccf1df_6.0.17763.3650_none_de72e6e05349b85a;C:\Program Files\Android\Android Studio\jre\bin\server;C:\Users\Admin\.gradle\native\e1d6ef7f7dcc3fd88c89a11ec53ec762bb8ba0a96d01ffa2cd45eb1d1d8dd5c5\windows-amd64;C:\Users\Admin\.gradle\native\5664cfc778a61ccfe75a443a1ab52a65af34e5dc3c78e0209fed803814484fcb\windows-amd64

VM Arguments:
jvm_args: --add-opens=java.base/java.util=ALL-UNNAMED --add-opens=java.base/java.lang=ALL-UNNAMED --add-opens=java.base/java.lang.invoke=ALL-UNNAMED --add-opens=java.base/java.util=ALL-UNNAMED --add-opens=java.prefs/java.util.prefs=ALL-UNNAMED --add-opens=java.prefs/java.util.prefs=ALL-UNNAMED --add-opens=java.base/java.nio.charset=ALL-UNNAMED --add-opens=java.base/java.net=ALL-UNNAMED --add-opens=java.base/java.util.concurrent.atomic=ALL-UNNAMED -Xmx2048m -Dfile.encoding=UTF-8 -Duser.country=US -Duser.language=en -Duser.variant 
java_command: org.gradle.launcher.daemon.bootstrap.GradleDaemon 7.3.3
java_class_path (initial): C:\Users\Admin\.gradle\wrapper\dists\gradle-7.3.3-bin\6a41zxkdtcxs8rphpq6y0069z\gradle-7.3.3\lib\gradle-launcher-7.3.3.jar
Launcher Type: SUN_STANDARD

[Global flags]
     intx CICompilerCount                          = 3                                         {product} {ergonomic}
     uint ConcGCThreads                            = 1                                         {product} {ergonomic}
     uint G1ConcRefinementThreads                  = 4                                         {product} {ergonomic}
   size_t G1HeapRegionSize                         = 1048576                                   {product} {ergonomic}
    uintx GCDrainStackTargetSize                   = 64                                        {product} {ergonomic}
   size_t InitialHeapSize                          = 67108864                                  {product} {ergonomic}
   size_t MarkStackSize                            = 4194304                                   {product} {ergonomic}
   size_t MaxHeapSize                              = 2147483648                                {product} {command line}
   size_t MaxNewSize                               = 1287651328                                {product} {ergonomic}
   size_t MinHeapDeltaBytes                        = 1048576                                   {product} {ergonomic}
    uintx NonNMethodCodeHeapSize                   = 5830732                                {pd product} {ergonomic}
    uintx NonProfiledCodeHeapSize                  = 122913754                              {pd product} {ergonomic}
    uintx ProfiledCodeHeapSize                     = 122913754                              {pd product} {ergonomic}
    uintx ReservedCodeCacheSize                    = 251658240                              {pd product} {ergonomic}
     bool SegmentedCodeCache                       = true                                      {product} {ergonomic}
     bool UseCompressedClassPointers               = true                                 {lp64_product} {ergonomic}
     bool UseCompressedOops                        = true                                 {lp64_product} {ergonomic}
     bool UseG1GC                                  = true                                      {product} {ergonomic}
     bool UseLargePagesIndividualAllocation        = false                                  {pd product} {ergonomic}

Logging:
Log output configuration:
 #0: stdout all=warning uptime,level,tags
 #1: stderr all=off uptime,level,tags

Environment Variables:
JAVA_HOME=C:\Program Files\Java\jdk1.8.0_281
PATH=C:\Program Files (x86)\VMware\VMware Workstation\bin\;C:\Program Files\Microsoft MPI\Bin\;C:\Program Files (x86)\Common Files\Oracle\Java\javapath;C:\Windows\system32;C:\Windows;C:\Windows\System32\Wbem;C:\Windows\System32\WindowsPowerShell\v1.0\;C:\Windows\System32\OpenSSH\;C:\cygwin64\bin;C:\Program Files\MATLAB\R2016a\runtime\win64;C:\Program Files\MATLAB\R2016a\bin;C:\Program Files\MATLAB\R2016a\polyspace\bin;C:\Program Files\Java\jdk1.8.0_281\bin;C:\Program Files\Java\jdk1.8.0_281;C:\Program Files (x86)\Microsoft SQL Server\150\Tools\Binn\;C:\Program Files\Microsoft SQL Server\150\Tools\Binn\;C:\Program Files (x86)\Microsoft SQL Server\150\DTS\Binn\;C:\Program Files\Microsoft SQL Server\150\DTS\Binn\;C:\Program Files\Microsoft SQL Server\Client SDK\ODBC\170\Tools\Binn\;C:\Program Files\Microsoft SQL Server\Client SDK\ODBC\130\Tools\Binn\;C:\Program Files (x86)\Microsoft SQL Server\140\Tools\Binn\;C:\Program Files\Microsoft SQL Server\140\Tools\Binn\;C:\Program Files\Microsoft SQL Server\140\DTS\Binn\;C:\Program Files\Git\cmd;C:\Users\Admin\AppData\Local\Microsoft\WindowsApps;D:\Downloads\Microsoft VS Code\bin;C:\Users\Admin\AppData\Local\GitHubDesktop\bin
USERNAME=Admin
OS=Windows_NT
PROCESSOR_IDENTIFIER=Intel64 Family 6 Model 61 Stepping 4, GenuineIntel



---------------  S Y S T E M  ---------------

OS: Windows 10 , 64 bit Build 17763 (10.0.17763.3287)
OS uptime: 1 days 4:39 hours

CPU:total 4 (initial active 4) (2 cores per cpu, 2 threads per core) family 6 model 61 stepping 4 microcode 0x2f, cmov, cx8, fxsr, mmx, sse, sse2, sse3, ssse3, sse4.1, sse4.2, popcnt, avx, avx2, aes, clmul, erms, 3dnowpref, lzcnt, ht, tsc, tscinvbit, bmi1, bmi2, adx, fma

Memory: 4k page, system-wide physical 4006M (263M free)
TotalPageFile size 8936M (AvailPageFile size 4M)
current process WorkingSet (physical memory assigned to process): 440M, peak: 440M
current process commit charge ("private bytes"): 508M, peak: 509M

vm_info: OpenJDK 64-Bit Server VM (11.0.12+7-b1504.28-7817840) for windows-amd64 JRE (11.0.12+7-b1504.28-7817840), built on Oct 13 2021 22:12:33 by "builder" with MS VC++ 14.0 (VS2015)

END.
