#
# There is insufficient memory for the Java Runtime Environment to continue.
# Native memory allocation (mmap) failed to map 59768832 bytes for Failed to commit area from 0x0000000091900000 to 0x0000000095200000 of length 59768832.
# Possible reasons:
#   The system is out of physical RAM or swap space
#   The process is running with CompressedOops enabled, and the Java Heap may be blocking the growth of the native heap
# Possible solutions:
#   Reduce memory load on the system
#   Increase physical memory or swap space
#   Check if swap backing store is full
#   Decrease Java heap size (-Xmx/-Xms)
#   Decrease number of Java threads
#   Decrease Java thread stack sizes (-Xss)
#   Set larger code cache with -XX:ReservedCodeCacheSize=
#   JVM is running with Unscaled Compressed Oops mode in which the Java heap is
#     placed in the first 4GB address space. The Java Heap base address is the
#     maximum limit for the native heap growth. Please use -XX:HeapBaseMinAddress
#     to set the Java Heap base and to place the Java Heap above 4GB virtual address.
# This output file may be truncated or incomplete.
#
#  Out of Memory Error (./src/hotspot/os/windows/os_windows.cpp:3521), pid=10108, tid=12032
#
# JRE version: OpenJDK Runtime Environment (11.0.12+7) (build 11.0.12+7-b1504.28-7817840)
# Java VM: OpenJDK 64-Bit Server VM (11.0.12+7-b1504.28-7817840, mixed mode, tiered, compressed oops, g1 gc, windows-amd64)
# No core dump will be written. Minidumps are not enabled by default on client versions of Windows
#

---------------  S U M M A R Y ------------

Command Line: --add-opens=java.base/java.util=ALL-UNNAMED --add-opens=java.base/java.lang=ALL-UNNAMED --add-opens=java.base/java.lang.invoke=ALL-UNNAMED --add-opens=java.base/java.util=ALL-UNNAMED --add-opens=java.prefs/java.util.prefs=ALL-UNNAMED --add-opens=java.prefs/java.util.prefs=ALL-UNNAMED --add-opens=java.base/java.nio.charset=ALL-UNNAMED --add-opens=java.base/java.net=ALL-UNNAMED --add-opens=java.base/java.util.concurrent.atomic=ALL-UNNAMED -Xmx2048m -Dfile.encoding=UTF-8 -Duser.country=US -Duser.language=en -Duser.variant org.gradle.launcher.daemon.bootstrap.GradleDaemon 7.3.3

Host: Intel(R) Core(TM) i5-5200U CPU @ 2.20GHz, 4 cores, 3G,  Windows 10 , 64 bit Build 17763 (10.0.17763.3287)
Time: Fri Dec  9 00:36:01 2022 SE Asia Standard Time elapsed time: 925.776036 seconds (0d 0h 15m 25s)

---------------  T H R E A D  ---------------

Current thread (0x0000021238f7d000):  VMThread "VM Thread" [stack: 0x000000138e900000,0x000000138ea00000] [id=12032]

Stack: [0x000000138e900000,0x000000138ea00000]
[error occurred during error reporting (printing stack bounds), id 0xc0000005, EXCEPTION_ACCESS_VIOLATION (0xc0000005) at pc=0x0000021222eb112d]

Native frames: (J=compiled Java code, j=interpreted, Vv=VM code, C=native code)
V  [jvm.dll+0x5fbcea]
V  [jvm.dll+0x731905]
V  [jvm.dll+0x732f1d]
V  [jvm.dll+0x733535]
V  [jvm.dll+0x7334eb]
V  [jvm.dll+0x5fb080]
V  [jvm.dll+0x5fb818]
C  [ntdll.dll+0xa582f]
C  [ntdll.dll+0x4cef]
C  [ntdll.dll+0xa459e]
C  0x0000021222eb112d

VM_Operation (0x00000013910f9240): G1CollectForAllocation, mode: safepoint, requested by thread 0x000002123dc81000


---------------  P R O C E S S  ---------------

Threads class SMR info:
_java_thread_list=0x00000212452d7ab0, length=85, elements={
0x000002121f3b7000, 0x0000021238f83800, 0x0000021238f85000, 0x0000021239933000,
0x0000021238fa2800, 0x0000021238fa5000, 0x0000021238fa6800, 0x0000021238fad800,
0x0000021238fb2000, 0x0000021239a53000, 0x000002123a5cc800, 0x000002123a5c8000,
0x000002123a5cb000, 0x000002123bb01000, 0x000002123bb02000, 0x000002123bb00800,
0x000002123bb08800, 0x000002123bb07800, 0x000002123bb05000, 0x000002123bb02800,
0x000002123bb09800, 0x000002123bb03800, 0x000002123bb0b000, 0x000002123bb0e000,
0x000002123dc76800, 0x000002123dc7a800, 0x000002123dc79000, 0x000002123dc77800,
0x000002123dc75000, 0x000002123dc7b800, 0x000002123dc7a000, 0x000002123dc78000,
0x000002123dc75800, 0x000002123dc7e000, 0x000002123dc7c000, 0x000002123dc7e800,
0x000002123dc80800, 0x000002123dc7d000, 0x000002123dc7f800, 0x000002123dc81000,
0x000002123dc82800, 0x000002123dc83800, 0x000002123dc82000, 0x000002123bb07000,
0x000002123bb06000, 0x000002123bb0a000, 0x000002123bb04800, 0x000002123bb0f000,
0x000002123bb0c800, 0x000002123a5c8800, 0x000002123a5cc000, 0x000002123a5c7000,
0x000002123a5c9800, 0x000002123a5ca000, 0x000002123a5cd800, 0x000002123c3e8000,
0x000002123c3ea000, 0x000002123c3e9000, 0x000002123c3e4000, 0x000002123c3ea800,
0x000002123c3e5000, 0x000002123c3eb800, 0x000002123c3e5800, 0x000002123c3e7800,
0x000002123c3e6800, 0x000002123c3ee000, 0x000002123c3ee800, 0x000002123c3ed000,
0x000002123c3ef800, 0x000002123c3f1000, 0x000002123c3ec000, 0x000002123c3f0800,
0x000002123c3f2000, 0x000002123c3f3000, 0x000002124061b000, 0x0000021240615800,
0x000002124061c000, 0x0000021240616000, 0x000002124061c800, 0x0000021240618800,
0x0000021240619800, 0x000002124061a800, 0x0000021240617000, 0x000002124061d800,
0x000002124061f000
}

Java Threads: ( => current thread )
  0x000002121f3b7000 JavaThread "main" [_thread_blocked, id=12436, stack(0x000000138e300000,0x000000138e400000)]
  0x0000021238f83800 JavaThread "Reference Handler" daemon [_thread_blocked, id=9876, stack(0x000000138ea00000,0x000000138eb00000)]
  0x0000021238f85000 JavaThread "Finalizer" daemon [_thread_blocked, id=9568, stack(0x000000138eb00000,0x000000138ec00000)]
  0x0000021239933000 JavaThread "Signal Dispatcher" daemon [_thread_blocked, id=10604, stack(0x000000138ec00000,0x000000138ed00000)]
  0x0000021238fa2800 JavaThread "Attach Listener" daemon [_thread_blocked, id=11132, stack(0x000000138ed00000,0x000000138ee00000)]
  0x0000021238fa5000 JavaThread "Service Thread" daemon [_thread_blocked, id=11412, stack(0x000000138ee00000,0x000000138ef00000)]
  0x0000021238fa6800 JavaThread "C2 CompilerThread0" daemon [_thread_blocked, id=1492, stack(0x000000138ef00000,0x000000138f000000)]
  0x0000021238fad800 JavaThread "C1 CompilerThread0" daemon [_thread_blocked, id=10272, stack(0x000000138f000000,0x000000138f100000)]
  0x0000021238fb2000 JavaThread "Sweeper thread" daemon [_thread_blocked, id=4512, stack(0x000000138f100000,0x000000138f200000)]
  0x0000021239a53000 JavaThread "Common-Cleaner" daemon [_thread_blocked, id=10524, stack(0x000000138f200000,0x000000138f300000)]
  0x000002123a5cc800 JavaThread "Daemon health stats" [_thread_blocked, id=3512, stack(0x000000138f500000,0x000000138f600000)]
  0x000002123a5c8000 JavaThread "Incoming local TCP Connector on port 60050" [_thread_in_native, id=2232, stack(0x000000138f600000,0x000000138f700000)]
  0x000002123a5cb000 JavaThread "Daemon periodic checks" [_thread_blocked, id=4180, stack(0x000000138f700000,0x000000138f800000)]
  0x000002123bb01000 JavaThread "Cache worker for journal cache (C:\Users\Admin\.gradle\caches\journal-1)" [_thread_blocked, id=7784, stack(0x0000001390100000,0x0000001390200000)]
  0x000002123bb02000 JavaThread "File lock request listener" [_thread_in_native, id=11668, stack(0x0000001390200000,0x0000001390300000)]
  0x000002123bb00800 JavaThread "Cache worker for file hash cache (C:\Users\Admin\.gradle\caches\7.3.3\fileHashes)" [_thread_blocked, id=11368, stack(0x0000001390300000,0x0000001390400000)]
  0x000002123bb08800 JavaThread "File watcher server" daemon [_thread_blocked, id=11500, stack(0x0000001390500000,0x0000001390600000)]
  0x000002123bb07800 JavaThread "File watcher consumer" daemon [_thread_blocked, id=3904, stack(0x0000001390600000,0x0000001390700000)]
  0x000002123bb05000 JavaThread "jar transforms" [_thread_blocked, id=9056, stack(0x0000001390700000,0x0000001390800000)]
  0x000002123bb02800 JavaThread "jar transforms Thread 2" [_thread_blocked, id=12908, stack(0x0000001390800000,0x0000001390900000)]
  0x000002123bb09800 JavaThread "jar transforms Thread 3" [_thread_blocked, id=12936, stack(0x0000001390900000,0x0000001390a00000)]
  0x000002123bb03800 JavaThread "jar transforms Thread 4" [_thread_blocked, id=7256, stack(0x0000001390a00000,0x0000001390b00000)]
  0x000002123bb0b000 JavaThread "Cache worker for execution history cache (C:\Users\Admin\.gradle\caches\7.3.3\executionHistory)" [_thread_blocked, id=11228, stack(0x0000001390e00000,0x0000001390f00000)]
  0x000002123bb0e000 JavaThread "Cache worker for file content cache (C:\Users\Admin\.gradle\caches\7.3.3\fileContent)" [_thread_blocked, id=10072, stack(0x0000001390f00000,0x0000001391000000)]
  0x000002123dc76800 JavaThread "Memory manager" [_thread_blocked, id=10692, stack(0x0000001393a00000,0x0000001393b00000)]
  0x000002123dc7a800 JavaThread "Daemon Thread 3" [_thread_blocked, id=11840, stack(0x000000138e000000,0x000000138e100000)]
  0x000002123dc79000 JavaThread "Handler for socket connection from /127.0.0.1:60050 to /127.0.0.1:60235" [_thread_in_native, id=6972, stack(0x000000138e100000,0x000000138e200000)]
  0x000002123dc77800 JavaThread "Cancel handler" [_thread_blocked, id=11804, stack(0x000000138e200000,0x000000138e300000)]
  0x000002123dc75000 JavaThread "Daemon worker Thread 3" [_thread_blocked, id=9148, stack(0x000000138f800000,0x000000138f900000)]
  0x000002123dc7b800 JavaThread "Asynchronous log dispatcher for DefaultDaemonConnection: socket connection from /127.0.0.1:60050 to /127.0.0.1:60235" [_thread_blocked, id=10780, stack(0x000000138f900000,0x000000138fa00000)]
  0x000002123dc7a000 JavaThread "Stdin handler" [_thread_blocked, id=7328, stack(0x000000138fa00000,0x000000138fb00000)]
  0x000002123dc78000 JavaThread "Daemon client event forwarder" [_thread_blocked, id=4032, stack(0x000000138fb00000,0x000000138fc00000)]
  0x000002123dc75800 JavaThread "Cache worker for file hash cache (C:\Users\Admin\AndroidStudioProjects\cuoiky\PTUDDD\DemoApp\.gradle\7.3.3\fileHashes)" [_thread_blocked, id=2076, stack(0x000000138fc00000,0x000000138fd00000)]
  0x000002123dc7e000 JavaThread "Cache worker for checksums cache (C:\Users\Admin\AndroidStudioProjects\cuoiky\PTUDDD\DemoApp\.gradle\7.3.3\checksums)" [_thread_blocked, id=7212, stack(0x000000138fd00000,0x000000138fe00000)]
  0x000002123dc7c000 JavaThread "Cache worker for cache directory md-supplier (C:\Users\Admin\.gradle\caches\7.3.3\md-supplier)" [_thread_blocked, id=9100, stack(0x000000138fe00000,0x000000138ff00000)]
  0x000002123dc7e800 JavaThread "Cache worker for cache directory md-rule (C:\Users\Admin\.gradle\caches\7.3.3\md-rule)" [_thread_blocked, id=9384, stack(0x0000001390400000,0x0000001390500000)]
  0x000002123dc80800 JavaThread "Cache worker for dependencies-accessors (C:\Users\Admin\AndroidStudioProjects\cuoiky\PTUDDD\DemoApp\.gradle\7.3.3\dependencies-accessors)" [_thread_blocked, id=12280, stack(0x0000001390b00000,0x0000001390c00000)]
  0x000002123dc7d000 JavaThread "Cache worker for Build Output Cleanup Cache (C:\Users\Admin\AndroidStudioProjects\cuoiky\PTUDDD\DemoApp\.gradle\buildOutputCleanup)" [_thread_blocked, id=12224, stack(0x0000001390c00000,0x0000001390d00000)]
  0x000002123dc7f800 JavaThread "Unconstrained build operations" [_thread_blocked, id=13084, stack(0x0000001390d00000,0x0000001390e00000)]
  0x000002123dc81000 JavaThread "Unconstrained build operations Thread 2" [_thread_blocked, id=12420, stack(0x0000001391000000,0x0000001391100000)]
  0x000002123dc82800 JavaThread "Unconstrained build operations Thread 3" [_thread_blocked, id=8676, stack(0x0000001391100000,0x0000001391200000)]
  0x000002123dc83800 JavaThread "Unconstrained build operations Thread 4" [_thread_blocked, id=1404, stack(0x0000001391200000,0x0000001391300000)]
  0x000002123dc82000 JavaThread "Unconstrained build operations Thread 5" [_thread_blocked, id=13012, stack(0x0000001391300000,0x0000001391400000)]
  0x000002123bb07000 JavaThread "Unconstrained build operations Thread 6" [_thread_blocked, id=9320, stack(0x0000001391400000,0x0000001391500000)]
  0x000002123bb06000 JavaThread "Unconstrained build operations Thread 7" [_thread_blocked, id=9860, stack(0x0000001391500000,0x0000001391600000)]
  0x000002123bb0a000 JavaThread "Unconstrained build operations Thread 8" [_thread_blocked, id=8268, stack(0x0000001391600000,0x0000001391700000)]
  0x000002123bb04800 JavaThread "Unconstrained build operations Thread 9" [_thread_blocked, id=11116, stack(0x0000001391700000,0x0000001391800000)]
  0x000002123bb0f000 JavaThread "Unconstrained build operations Thread 10" [_thread_blocked, id=12024, stack(0x0000001391800000,0x0000001391900000)]
  0x000002123bb0c800 JavaThread "Unconstrained build operations Thread 11" [_thread_blocked, id=7944, stack(0x0000001391900000,0x0000001391a00000)]
  0x000002123a5c8800 JavaThread "Unconstrained build operations Thread 12" [_thread_blocked, id=5016, stack(0x0000001391a00000,0x0000001391b00000)]
  0x000002123a5cc000 JavaThread "Unconstrained build operations Thread 13" [_thread_blocked, id=12708, stack(0x0000001391b00000,0x0000001391c00000)]
  0x000002123a5c7000 JavaThread "Unconstrained build operations Thread 14" [_thread_blocked, id=9292, stack(0x0000001391c00000,0x0000001391d00000)]
  0x000002123a5c9800 JavaThread "Unconstrained build operations Thread 15" [_thread_blocked, id=1104, stack(0x0000001391d00000,0x0000001391e00000)]
  0x000002123a5ca000 JavaThread "Unconstrained build operations Thread 16" [_thread_blocked, id=12832, stack(0x0000001391e00000,0x0000001391f00000)]
  0x000002123a5cd800 JavaThread "Unconstrained build operations Thread 17" [_thread_blocked, id=10012, stack(0x0000001391f00000,0x0000001392000000)]
  0x000002123c3e8000 JavaThread "Unconstrained build operations Thread 18" [_thread_blocked, id=9264, stack(0x0000001392000000,0x0000001392100000)]
  0x000002123c3ea000 JavaThread "Unconstrained build operations Thread 19" [_thread_blocked, id=13104, stack(0x0000001392100000,0x0000001392200000)]
  0x000002123c3e9000 JavaThread "Unconstrained build operations Thread 20" [_thread_blocked, id=12268, stack(0x0000001392200000,0x0000001392300000)]
  0x000002123c3e4000 JavaThread "Unconstrained build operations Thread 21" [_thread_blocked, id=10516, stack(0x0000001392300000,0x0000001392400000)]
  0x000002123c3ea800 JavaThread "Unconstrained build operations Thread 22" [_thread_blocked, id=3224, stack(0x0000001392400000,0x0000001392500000)]
  0x000002123c3e5000 JavaThread "Unconstrained build operations Thread 23" [_thread_blocked, id=10316, stack(0x0000001392500000,0x0000001392600000)]
  0x000002123c3eb800 JavaThread "Unconstrained build operations Thread 24" [_thread_blocked, id=7324, stack(0x0000001392600000,0x0000001392700000)]
  0x000002123c3e5800 JavaThread "Unconstrained build operations Thread 25" [_thread_blocked, id=8364, stack(0x0000001392700000,0x0000001392800000)]
  0x000002123c3e7800 JavaThread "Unconstrained build operations Thread 26" [_thread_blocked, id=2876, stack(0x0000001392800000,0x0000001392900000)]
  0x000002123c3e6800 JavaThread "Unconstrained build operations Thread 27" [_thread_blocked, id=11868, stack(0x0000001392900000,0x0000001392a00000)]
  0x000002123c3ee000 JavaThread "Unconstrained build operations Thread 28" [_thread_blocked, id=12452, stack(0x0000001392a00000,0x0000001392b00000)]
  0x000002123c3ee800 JavaThread "Unconstrained build operations Thread 29" [_thread_blocked, id=7016, stack(0x0000001392b00000,0x0000001392c00000)]
  0x000002123c3ed000 JavaThread "Unconstrained build operations Thread 30" [_thread_blocked, id=11444, stack(0x0000001392c00000,0x0000001392d00000)]
  0x000002123c3ef800 JavaThread "Unconstrained build operations Thread 31" [_thread_blocked, id=12100, stack(0x0000001392d00000,0x0000001392e00000)]
  0x000002123c3f1000 JavaThread "Unconstrained build operations Thread 32" [_thread_blocked, id=2084, stack(0x0000001392e00000,0x0000001392f00000)]
  0x000002123c3ec000 JavaThread "Unconstrained build operations Thread 33" [_thread_blocked, id=7464, stack(0x0000001392f00000,0x0000001393000000)]
  0x000002123c3f0800 JavaThread "Unconstrained build operations Thread 34" [_thread_blocked, id=12492, stack(0x0000001393000000,0x0000001393100000)]
  0x000002123c3f2000 JavaThread "Unconstrained build operations Thread 35" [_thread_blocked, id=10208, stack(0x0000001393100000,0x0000001393200000)]
  0x000002123c3f3000 JavaThread "Unconstrained build operations Thread 36" [_thread_blocked, id=9124, stack(0x0000001393200000,0x0000001393300000)]
  0x000002124061b000 JavaThread "Unconstrained build operations Thread 37" [_thread_blocked, id=7064, stack(0x0000001393300000,0x0000001393400000)]
  0x0000021240615800 JavaThread "Unconstrained build operations Thread 38" [_thread_blocked, id=9732, stack(0x0000001393400000,0x0000001393500000)]
  0x000002124061c000 JavaThread "Unconstrained build operations Thread 39" [_thread_blocked, id=4640, stack(0x0000001393500000,0x0000001393600000)]
  0x0000021240616000 JavaThread "Unconstrained build operations Thread 40" [_thread_blocked, id=12392, stack(0x0000001393600000,0x0000001393700000)]
  0x000002124061c800 JavaThread "build event listener" [_thread_blocked, id=6900, stack(0x0000001393700000,0x0000001393800000)]
  0x0000021240618800 JavaThread "Execution worker for ':'" [_thread_blocked, id=2304, stack(0x0000001393800000,0x0000001393900000)]
  0x0000021240619800 JavaThread "Execution worker for ':' Thread 2" [_thread_blocked, id=8240, stack(0x0000001393900000,0x0000001393a00000)]
  0x000002124061a800 JavaThread "Execution worker for ':' Thread 3" [_thread_blocked, id=10056, stack(0x0000001393b00000,0x0000001393c00000)]
  0x0000021240617000 JavaThread "Cache worker for execution history cache (C:\Users\Admin\AndroidStudioProjects\cuoiky\PTUDDD\DemoApp\.gradle\7.3.3\executionHistory)" [_thread_blocked, id=6524, stack(0x0000001393c00000,0x0000001393d00000)]
  0x000002124061d800 JavaThread "WorkerExecutor Queue" [_thread_blocked, id=11296, stack(0x0000001393d00000,0x0000001393e00000)]
  0x000002124061f000 JavaThread "WorkerExecutor Queue Thread 4" [_thread_blocked, id=3140, stack(0x0000001394000000,0x0000001394100000)]

Other Threads:
=>0x0000021238f7d000 VMThread "VM Thread" [stack: 0x000000138e900000,0x000000138ea00000] [id=12032]
  0x0000021239a74800 WatcherThread [stack: 0x000000138f300000,0x000000138f400000] [id=6776]
  0x000002121f3cc800 GCTaskThread "GC Thread#0" [stack: 0x000000138e400000,0x000000138e500000] [id=9256]
  0x0000021239d95800 GCTaskThread "GC Thread#1" [stack: 0x000000138f400000,0x000000138f500000] [id=1700]
  0x000002123a401800 GCTaskThread "GC Thread#2" [stack: 0x000000138ff00000,0x0000001390000000] [id=11700]
  0x000002123a402800 GCTaskThread "GC Thread#3" [stack: 0x0000001390000000,0x0000001390100000] [id=5984]
  0x000002121f3fc000 ConcurrentGCThread "G1 Main Marker" [stack: 0x000000138e500000,0x000000138e600000] [id=12428]
  0x000002121f3fd800 ConcurrentGCThread "G1 Conc#0" [stack: 0x000000138e600000,0x000000138e700000] [id=12864]
  0x000002121f459000 ConcurrentGCThread "G1 Refine#0" [stack: 0x000000138e700000,0x000000138e800000] [id=5928]
  0x000002121f45a000 ConcurrentGCThread "G1 Young RemSet Sampling" [stack: 0x000000138e800000,0x000000138e900000] [id=11900]

Threads with active compile tasks:
C2 CompilerThread0 925805 19621       4       java.util.IdentityHashMap$IdentityHashMapIterator::nextIndex (72 bytes)
C1 CompilerThread0 925805 19611       2       com.android.tools.r8.internal.tJ::a (406 bytes)

VM state:at safepoint (normal execution)

VM Mutex/Monitor currently owned by a thread:  ([mutex/lock_event])
[0x000002121f3b2870] Threads_lock - owner thread: 0x0000021238f7d000
[0x000002121f3b2e10] Heap_lock - owner thread: 0x000002123dc81000

Heap address: 0x0000000080000000, size: 2048 MB, Compressed Oops mode: 32-bit
Narrow klass base: 0x0000000000000000, Narrow klass shift: 3
Compressed class space size: 1073741824 Address: 0x0000000100000000

Heap:
 garbage-first heap   total 346112K, used 165499K [0x0000000080000000, 0x0000000100000000)
  region size 1024K, 5 young (5120K), 5 survivors (5120K)
 Metaspace       used 137266K, capacity 141378K, committed 141440K, reserved 1171456K
  class space    used 17288K, capacity 18785K, committed 18816K, reserved 1048576K
Heap Regions: E=young(eden), S=young(survivor), O=old, HS=humongous(starts), HC=humongous(continues), CS=collection set, F=free, A=archive, TAMS=top-at-mark-start (previous, next)
|   0|0x0000000080000000, 0x0000000080100000, 0x0000000080100000|100%| O|  |TAMS 0x0000000080100000, 0x0000000080000000| Untracked 
|   1|0x0000000080100000, 0x0000000080200000, 0x0000000080200000|100%| O|  |TAMS 0x0000000080200000, 0x0000000080100000| Untracked 
|   2|0x0000000080200000, 0x0000000080300000, 0x0000000080300000|100%| O|  |TAMS 0x0000000080300000, 0x0000000080200000| Untracked 
|   3|0x0000000080300000, 0x0000000080400000, 0x0000000080400000|100%|HS|  |TAMS 0x0000000080400000, 0x0000000080300000| Complete 
|   4|0x0000000080400000, 0x0000000080500000, 0x0000000080500000|100%|HC|  |TAMS 0x0000000080500000, 0x0000000080400000| Complete 
|   5|0x0000000080500000, 0x0000000080600000, 0x0000000080600000|100%|HC|  |TAMS 0x0000000080600000, 0x0000000080500000| Complete 
|   6|0x0000000080600000, 0x0000000080700000, 0x0000000080700000|100%| O|  |TAMS 0x0000000080700000, 0x0000000080600000| Untracked 
|   7|0x0000000080700000, 0x0000000080800000, 0x0000000080800000|100%| O|  |TAMS 0x0000000080800000, 0x0000000080700000| Untracked 
|   8|0x0000000080800000, 0x0000000080900000, 0x0000000080900000|100%| O|  |TAMS 0x0000000080900000, 0x0000000080800000| Untracked 
|   9|0x0000000080900000, 0x0000000080a00000, 0x0000000080a00000|100%| O|  |TAMS 0x0000000080a00000, 0x0000000080900000| Untracked 
|  10|0x0000000080a00000, 0x0000000080b00000, 0x0000000080b00000|100%| O|  |TAMS 0x0000000080b00000, 0x0000000080a00000| Untracked 
|  11|0x0000000080b00000, 0x0000000080c00000, 0x0000000080c00000|100%| O|  |TAMS 0x0000000080c00000, 0x0000000080b00000| Untracked 
|  12|0x0000000080c00000, 0x0000000080d00000, 0x0000000080d00000|100%| O|  |TAMS 0x0000000080d00000, 0x0000000080c00000| Untracked 
|  13|0x0000000080d00000, 0x0000000080e00000, 0x0000000080e00000|100%| O|  |TAMS 0x0000000080e00000, 0x0000000080d00000| Untracked 
|  14|0x0000000080e00000, 0x0000000080f00000, 0x0000000080f00000|100%| O|  |TAMS 0x0000000080f00000, 0x0000000080e00000| Untracked 
|  15|0x0000000080f00000, 0x0000000081000000, 0x0000000081000000|100%| O|  |TAMS 0x0000000081000000, 0x0000000080f00000| Untracked 
|  16|0x0000000081000000, 0x0000000081100000, 0x0000000081100000|100%| O|  |TAMS 0x0000000081100000, 0x0000000081000000| Untracked 
|  17|0x0000000081100000, 0x0000000081200000, 0x0000000081200000|100%|HS|  |TAMS 0x0000000081200000, 0x0000000081100000| Complete 
|  18|0x0000000081200000, 0x0000000081300000, 0x0000000081300000|100%|HC|  |TAMS 0x0000000081300000, 0x0000000081200000| Complete 
|  19|0x0000000081300000, 0x0000000081400000, 0x0000000081400000|100%|HS|  |TAMS 0x0000000081400000, 0x0000000081300000| Complete 
|  20|0x0000000081400000, 0x0000000081500000, 0x0000000081500000|100%|HC|  |TAMS 0x0000000081500000, 0x0000000081400000| Complete 
|  21|0x0000000081500000, 0x0000000081600000, 0x0000000081600000|100%|HC|  |TAMS 0x0000000081600000, 0x0000000081500000| Complete 
|  22|0x0000000081600000, 0x0000000081700000, 0x0000000081700000|100%|HS|  |TAMS 0x0000000081700000, 0x0000000081600000| Complete 
|  23|0x0000000081700000, 0x0000000081800000, 0x0000000081800000|100%|HS|  |TAMS 0x0000000081800000, 0x0000000081700000| Complete 
|  24|0x0000000081800000, 0x0000000081900000, 0x0000000081900000|100%|HC|  |TAMS 0x0000000081900000, 0x0000000081800000| Complete 
|  25|0x0000000081900000, 0x0000000081a00000, 0x0000000081a00000|100%|HC|  |TAMS 0x0000000081a00000, 0x0000000081900000| Complete 
|  26|0x0000000081a00000, 0x0000000081b00000, 0x0000000081b00000|100%|HC|  |TAMS 0x0000000081b00000, 0x0000000081a00000| Complete 
|  27|0x0000000081b00000, 0x0000000081c00000, 0x0000000081c00000|100%| O|  |TAMS 0x0000000081c00000, 0x0000000081b00000| Untracked 
|  28|0x0000000081c00000, 0x0000000081d00000, 0x0000000081d00000|100%| O|  |TAMS 0x0000000081d00000, 0x0000000081c00000| Untracked 
|  29|0x0000000081d00000, 0x0000000081e00000, 0x0000000081e00000|100%| O|  |TAMS 0x0000000081e00000, 0x0000000081d00000| Untracked 
|  30|0x0000000081e00000, 0x0000000081f00000, 0x0000000081f00000|100%| O|  |TAMS 0x0000000081f00000, 0x0000000081e00000| Untracked 
|  31|0x0000000081f00000, 0x0000000082000000, 0x0000000082000000|100%| O|  |TAMS 0x0000000082000000, 0x0000000081f00000| Untracked 
|  32|0x0000000082000000, 0x0000000082100000, 0x0000000082100000|100%| O|  |TAMS 0x0000000082100000, 0x0000000082000000| Untracked 
|  33|0x0000000082100000, 0x0000000082200000, 0x0000000082200000|100%| O|  |TAMS 0x0000000082200000, 0x0000000082100000| Untracked 
|  34|0x0000000082200000, 0x0000000082300000, 0x0000000082300000|100%| O|  |TAMS 0x0000000082300000, 0x0000000082200000| Untracked 
|  35|0x0000000082300000, 0x0000000082400000, 0x0000000082400000|100%| O|  |TAMS 0x0000000082400000, 0x0000000082300000| Untracked 
|  36|0x0000000082400000, 0x0000000082500000, 0x0000000082500000|100%| O|  |TAMS 0x0000000082500000, 0x0000000082400000| Untracked 
|  37|0x0000000082500000, 0x0000000082600000, 0x0000000082600000|100%| O|  |TAMS 0x0000000082600000, 0x0000000082500000| Untracked 
|  38|0x0000000082600000, 0x0000000082700000, 0x0000000082700000|100%| O|  |TAMS 0x0000000082700000, 0x0000000082600000| Untracked 
|  39|0x0000000082700000, 0x0000000082800000, 0x0000000082800000|100%| O|  |TAMS 0x0000000082800000, 0x0000000082700000| Untracked 
|  40|0x0000000082800000, 0x0000000082900000, 0x0000000082900000|100%| O|  |TAMS 0x0000000082900000, 0x0000000082800000| Untracked 
|  41|0x0000000082900000, 0x0000000082a00000, 0x0000000082a00000|100%| O|  |TAMS 0x0000000082a00000, 0x0000000082900000| Untracked 
|  42|0x0000000082a00000, 0x0000000082b00000, 0x0000000082b00000|100%|HS|  |TAMS 0x0000000082b00000, 0x0000000082a00000| Complete 
|  43|0x0000000082b00000, 0x0000000082c00000, 0x0000000082c00000|100%|HS|  |TAMS 0x0000000082c00000, 0x0000000082b00000| Complete 
|  44|0x0000000082c00000, 0x0000000082d00000, 0x0000000082d00000|100%|HC|  |TAMS 0x0000000082d00000, 0x0000000082c00000| Complete 
|  45|0x0000000082d00000, 0x0000000082e00000, 0x0000000082e00000|100%|HC|  |TAMS 0x0000000082e00000, 0x0000000082d00000| Complete 
|  46|0x0000000082e00000, 0x0000000082f00000, 0x0000000082f00000|100%| O|  |TAMS 0x0000000082f00000, 0x0000000082e00000| Untracked 
|  47|0x0000000082f00000, 0x0000000083000000, 0x0000000083000000|100%| O|  |TAMS 0x0000000083000000, 0x0000000082f00000| Untracked 
|  48|0x0000000083000000, 0x0000000083100000, 0x0000000083100000|100%| O|  |TAMS 0x0000000083100000, 0x0000000083000000| Untracked 
|  49|0x0000000083100000, 0x0000000083200000, 0x0000000083200000|100%| O|  |TAMS 0x0000000083200000, 0x0000000083100000| Untracked 
|  50|0x0000000083200000, 0x0000000083300000, 0x0000000083300000|100%|HS|  |TAMS 0x0000000083300000, 0x0000000083200000| Complete 
|  51|0x0000000083300000, 0x0000000083400000, 0x0000000083400000|100%|HC|  |TAMS 0x0000000083400000, 0x0000000083300000| Complete 
|  52|0x0000000083400000, 0x0000000083500000, 0x0000000083500000|100%|HC|  |TAMS 0x0000000083500000, 0x0000000083400000| Complete 
|  53|0x0000000083500000, 0x0000000083600000, 0x0000000083600000|100%|HC|  |TAMS 0x0000000083600000, 0x0000000083500000| Complete 
|  54|0x0000000083600000, 0x0000000083700000, 0x0000000083700000|100%| O|  |TAMS 0x0000000083700000, 0x0000000083600000| Untracked 
|  55|0x0000000083700000, 0x0000000083800000, 0x0000000083800000|100%| O|  |TAMS 0x0000000083800000, 0x0000000083700000| Untracked 
|  56|0x0000000083800000, 0x0000000083900000, 0x0000000083900000|100%| O|  |TAMS 0x0000000083900000, 0x0000000083800000| Untracked 
|  57|0x0000000083900000, 0x0000000083a00000, 0x0000000083a00000|100%| O|  |TAMS 0x0000000083a00000, 0x0000000083900000| Untracked 
|  58|0x0000000083a00000, 0x0000000083b00000, 0x0000000083b00000|100%|HS|  |TAMS 0x0000000083b00000, 0x0000000083a00000| Complete 
|  59|0x0000000083b00000, 0x0000000083c00000, 0x0000000083c00000|100%|HS|  |TAMS 0x0000000083c00000, 0x0000000083b00000| Complete 
|  60|0x0000000083c00000, 0x0000000083d00000, 0x0000000083d00000|100%| O|  |TAMS 0x0000000083d00000, 0x0000000083c00000| Untracked 
|  61|0x0000000083d00000, 0x0000000083e00000, 0x0000000083e00000|100%| O|  |TAMS 0x0000000083e00000, 0x0000000083d00000| Untracked 
|  62|0x0000000083e00000, 0x0000000083f00000, 0x0000000083f00000|100%|HS|  |TAMS 0x0000000083f00000, 0x0000000083e00000| Complete 
|  63|0x0000000083f00000, 0x0000000084000000, 0x0000000084000000|100%|HC|  |TAMS 0x0000000084000000, 0x0000000083f00000| Complete 
|  64|0x0000000084000000, 0x0000000084100000, 0x0000000084100000|100%| O|  |TAMS 0x0000000084100000, 0x0000000084000000| Untracked 
|  65|0x0000000084100000, 0x0000000084200000, 0x0000000084200000|100%| O|  |TAMS 0x0000000084100000, 0x0000000084100000| Untracked 
|  66|0x0000000084200000, 0x0000000084300000, 0x0000000084300000|100%| O|  |TAMS 0x0000000084300000, 0x0000000084200000| Untracked 
|  67|0x0000000084300000, 0x0000000084400000, 0x0000000084400000|100%| O|  |TAMS 0x0000000084400000, 0x0000000084300000| Untracked 
|  68|0x0000000084400000, 0x0000000084500000, 0x0000000084500000|100%| O|  |TAMS 0x0000000084500000, 0x0000000084400000| Untracked 
|  69|0x0000000084500000, 0x0000000084600000, 0x0000000084600000|100%| O|  |TAMS 0x0000000084600000, 0x0000000084500000| Untracked 
|  70|0x0000000084600000, 0x0000000084700000, 0x0000000084700000|100%| O|  |TAMS 0x0000000084700000, 0x0000000084600000| Untracked 
|  71|0x0000000084700000, 0x0000000084800000, 0x0000000084800000|100%| O|  |TAMS 0x0000000084800000, 0x0000000084700000| Untracked 
|  72|0x0000000084800000, 0x0000000084900000, 0x0000000084900000|100%| O|  |TAMS 0x0000000084900000, 0x0000000084800000| Untracked 
|  73|0x0000000084900000, 0x0000000084a00000, 0x0000000084a00000|100%| O|  |TAMS 0x0000000084a00000, 0x0000000084900000| Untracked 
|  74|0x0000000084a00000, 0x0000000084b00000, 0x0000000084b00000|100%| O|  |TAMS 0x0000000084b00000, 0x0000000084a00000| Untracked 
|  75|0x0000000084b00000, 0x0000000084c00000, 0x0000000084c00000|100%| O|  |TAMS 0x0000000084c00000, 0x0000000084b00000| Untracked 
|  76|0x0000000084c00000, 0x0000000084d00000, 0x0000000084d00000|100%| O|  |TAMS 0x0000000084d00000, 0x0000000084c00000| Untracked 
|  77|0x0000000084d00000, 0x0000000084e00000, 0x0000000084e00000|100%|HS|  |TAMS 0x0000000084e00000, 0x0000000084d00000| Complete 
|  78|0x0000000084e00000, 0x0000000084f00000, 0x0000000084f00000|100%|HC|  |TAMS 0x0000000084f00000, 0x0000000084e00000| Complete 
|  79|0x0000000084f00000, 0x0000000085000000, 0x0000000085000000|100%|HS|  |TAMS 0x0000000085000000, 0x0000000084f00000| Complete 
|  80|0x0000000085000000, 0x0000000085100000, 0x0000000085100000|100%|HC|  |TAMS 0x0000000085100000, 0x0000000085000000| Complete 
|  81|0x0000000085100000, 0x0000000085200000, 0x0000000085200000|100%|HC|  |TAMS 0x0000000085200000, 0x0000000085100000| Complete 
|  82|0x0000000085200000, 0x0000000085300000, 0x0000000085300000|100%|HS|  |TAMS 0x0000000085300000, 0x0000000085200000| Complete 
|  83|0x0000000085300000, 0x0000000085400000, 0x0000000085400000|100%|HS|  |TAMS 0x0000000085400000, 0x0000000085300000| Complete 
|  84|0x0000000085400000, 0x0000000085500000, 0x0000000085500000|100%|HC|  |TAMS 0x0000000085500000, 0x0000000085400000| Complete 
|  85|0x0000000085500000, 0x0000000085600000, 0x0000000085600000|100%|HC|  |TAMS 0x0000000085600000, 0x0000000085500000| Complete 
|  86|0x0000000085600000, 0x0000000085700000, 0x0000000085700000|100%|HC|  |TAMS 0x0000000085700000, 0x0000000085600000| Complete 
|  87|0x0000000085700000, 0x0000000085800000, 0x0000000085800000|100%| O|  |TAMS 0x0000000085800000, 0x0000000085700000| Untracked 
|  88|0x0000000085800000, 0x0000000085900000, 0x0000000085900000|100%| O|  |TAMS 0x0000000085900000, 0x0000000085800000| Untracked 
|  89|0x0000000085900000, 0x0000000085a00000, 0x0000000085a00000|100%| O|  |TAMS 0x0000000085a00000, 0x0000000085900000| Untracked 
|  90|0x0000000085a00000, 0x0000000085b00000, 0x0000000085b00000|100%| O|  |TAMS 0x0000000085a00000, 0x0000000085a00000| Untracked 
|  91|0x0000000085b00000, 0x0000000085c00000, 0x0000000085c00000|100%| O|  |TAMS 0x0000000085c00000, 0x0000000085b00000| Untracked 
|  92|0x0000000085c00000, 0x0000000085d00000, 0x0000000085d00000|100%| O|  |TAMS 0x0000000085d00000, 0x0000000085c00000| Untracked 
|  93|0x0000000085d00000, 0x0000000085e00000, 0x0000000085e00000|100%| O|  |TAMS 0x0000000085e00000, 0x0000000085d00000| Untracked 
|  94|0x0000000085e00000, 0x0000000085f00000, 0x0000000085f00000|100%| O|  |TAMS 0x0000000085f00000, 0x0000000085e00000| Untracked 
|  95|0x0000000085f00000, 0x0000000086000000, 0x0000000086000000|100%| O|  |TAMS 0x0000000086000000, 0x0000000085f00000| Untracked 
|  96|0x0000000086000000, 0x0000000086100000, 0x0000000086100000|100%| O|  |TAMS 0x0000000086100000, 0x0000000086000000| Untracked 
|  97|0x0000000086100000, 0x0000000086200000, 0x0000000086200000|100%| O|  |TAMS 0x0000000086200000, 0x0000000086100000| Untracked 
|  98|0x0000000086200000, 0x0000000086300000, 0x0000000086300000|100%| O|  |TAMS 0x0000000086300000, 0x0000000086200000| Untracked 
|  99|0x0000000086300000, 0x0000000086400000, 0x0000000086400000|100%| O|  |TAMS 0x0000000086400000, 0x0000000086300000| Untracked 
| 100|0x0000000086400000, 0x0000000086500000, 0x0000000086500000|100%| O|  |TAMS 0x0000000086500000, 0x0000000086400000| Untracked 
| 101|0x0000000086500000, 0x0000000086600000, 0x0000000086600000|100%| O|  |TAMS 0x0000000086600000, 0x0000000086500000| Untracked 
| 102|0x0000000086600000, 0x0000000086700000, 0x0000000086700000|100%| O|  |TAMS 0x0000000086700000, 0x0000000086600000| Untracked 
| 103|0x0000000086700000, 0x0000000086800000, 0x0000000086800000|100%| O|  |TAMS 0x0000000086800000, 0x0000000086700000| Untracked 
| 104|0x0000000086800000, 0x0000000086900000, 0x0000000086900000|100%| O|  |TAMS 0x0000000086900000, 0x0000000086800000| Untracked 
| 105|0x0000000086900000, 0x0000000086a00000, 0x0000000086a00000|100%| O|  |TAMS 0x0000000086a00000, 0x0000000086900000| Untracked 
| 106|0x0000000086a00000, 0x0000000086b00000, 0x0000000086b00000|100%| O|  |TAMS 0x0000000086b00000, 0x0000000086a00000| Untracked 
| 107|0x0000000086b00000, 0x0000000086c00000, 0x0000000086c00000|100%| O|  |TAMS 0x0000000086c00000, 0x0000000086b00000| Untracked 
| 108|0x0000000086c00000, 0x0000000086d00000, 0x0000000086d00000|100%| O|  |TAMS 0x0000000086d00000, 0x0000000086c00000| Untracked 
| 109|0x0000000086d00000, 0x0000000086e00000, 0x0000000086e00000|100%| O|  |TAMS 0x0000000086e00000, 0x0000000086d00000| Untracked 
| 110|0x0000000086e00000, 0x0000000086f00000, 0x0000000086f00000|100%| O|  |TAMS 0x0000000086e00000, 0x0000000086e00000| Untracked 
| 111|0x0000000086f00000, 0x0000000087000000, 0x0000000087000000|100%| O|  |TAMS 0x0000000086f00000, 0x0000000086f00000| Untracked 
| 112|0x0000000087000000, 0x0000000087100000, 0x0000000087100000|100%| O|  |TAMS 0x0000000087000000, 0x0000000087000000| Untracked 
| 113|0x0000000087100000, 0x0000000087200000, 0x0000000087200000|100%| O|  |TAMS 0x0000000087100000, 0x0000000087100000| Untracked 
| 114|0x0000000087200000, 0x0000000087300000, 0x0000000087300000|100%| O|  |TAMS 0x0000000087300000, 0x0000000087200000| Untracked 
| 115|0x0000000087300000, 0x0000000087400000, 0x0000000087400000|100%| O|  |TAMS 0x0000000087400000, 0x0000000087300000| Untracked 
| 116|0x0000000087400000, 0x0000000087500000, 0x0000000087500000|100%| O|  |TAMS 0x0000000087500000, 0x0000000087400000| Untracked 
| 117|0x0000000087500000, 0x0000000087600000, 0x0000000087600000|100%| O|  |TAMS 0x0000000087600000, 0x0000000087500000| Untracked 
| 118|0x0000000087600000, 0x0000000087700000, 0x0000000087700000|100%| O|  |TAMS 0x0000000087600000, 0x0000000087600000| Untracked 
| 119|0x0000000087700000, 0x0000000087800000, 0x0000000087800000|100%| O|  |TAMS 0x0000000087700000, 0x0000000087700000| Untracked 
| 120|0x0000000087800000, 0x0000000087900000, 0x0000000087900000|100%| O|  |TAMS 0x0000000087800000, 0x0000000087800000| Untracked 
| 121|0x0000000087900000, 0x0000000087a00000, 0x0000000087a00000|100%| O|  |TAMS 0x0000000087a00000, 0x0000000087900000| Untracked 
| 122|0x0000000087a00000, 0x0000000087b00000, 0x0000000087b00000|100%| O|  |TAMS 0x0000000087b00000, 0x0000000087a00000| Untracked 
| 123|0x0000000087b00000, 0x0000000087c00000, 0x0000000087c00000|100%| O|  |TAMS 0x0000000087c00000, 0x0000000087b00000| Untracked 
| 124|0x0000000087c00000, 0x0000000087d00000, 0x0000000087d00000|100%| O|  |TAMS 0x0000000087c18600, 0x0000000087c00000| Untracked 
| 125|0x0000000087d00000, 0x0000000087e00000, 0x0000000087e00000|100%| O|  |TAMS 0x0000000087d00000, 0x0000000087d00000| Untracked 
| 126|0x0000000087e00000, 0x0000000087f00000, 0x0000000087f00000|100%| O|  |TAMS 0x0000000087e00000, 0x0000000087e00000| Untracked 
| 127|0x0000000087f00000, 0x0000000088000000, 0x0000000088000000|100%| O|  |TAMS 0x0000000088000000, 0x0000000087f00000| Untracked 
| 128|0x0000000088000000, 0x0000000088100000, 0x0000000088100000|100%| O|  |TAMS 0x0000000088100000, 0x0000000088000000| Untracked 
| 129|0x0000000088100000, 0x0000000088200000, 0x0000000088200000|100%| O|  |TAMS 0x0000000088100000, 0x0000000088100000| Untracked 
| 130|0x0000000088200000, 0x0000000088300000, 0x0000000088300000|100%| O|  |TAMS 0x0000000088300000, 0x0000000088200000| Untracked 
| 131|0x0000000088300000, 0x0000000088400000, 0x0000000088400000|100%| O|  |TAMS 0x0000000088400000, 0x0000000088300000| Untracked 
| 132|0x0000000088400000, 0x0000000088500000, 0x0000000088500000|100%| O|  |TAMS 0x0000000088500000, 0x0000000088400000| Untracked 
| 133|0x0000000088500000, 0x0000000088600000, 0x0000000088600000|100%| O|  |TAMS 0x0000000088600000, 0x0000000088500000| Untracked 
| 134|0x0000000088600000, 0x0000000088700000, 0x0000000088700000|100%| O|  |TAMS 0x0000000088700000, 0x0000000088600000| Untracked 
| 135|0x0000000088700000, 0x0000000088800000, 0x0000000088800000|100%| O|  |TAMS 0x0000000088800000, 0x0000000088700000| Untracked 
| 136|0x0000000088800000, 0x0000000088900000, 0x0000000088900000|100%| O|  |TAMS 0x0000000088900000, 0x0000000088800000| Untracked 
| 137|0x0000000088900000, 0x0000000088a00000, 0x0000000088a00000|100%| O|  |TAMS 0x0000000088900000, 0x0000000088900000| Untracked 
| 138|0x0000000088a00000, 0x0000000088b00000, 0x0000000088b00000|100%| O|  |TAMS 0x0000000088a00000, 0x0000000088a00000| Untracked 
| 139|0x0000000088b00000, 0x0000000088c00000, 0x0000000088c00000|100%| O|  |TAMS 0x0000000088b00000, 0x0000000088b00000| Untracked 
| 140|0x0000000088c00000, 0x0000000088d00000, 0x0000000088d00000|100%| O|  |TAMS 0x0000000088c00000, 0x0000000088c00000| Untracked 
| 141|0x0000000088d00000, 0x0000000088e00000, 0x0000000088e00000|100%| O|  |TAMS 0x0000000088d00000, 0x0000000088d00000| Untracked 
| 142|0x0000000088e00000, 0x0000000088f00000, 0x0000000088f00000|100%| O|  |TAMS 0x0000000088e00000, 0x0000000088e00000| Untracked 
| 143|0x0000000088f00000, 0x0000000089000000, 0x0000000089000000|100%| O|  |TAMS 0x0000000088f00000, 0x0000000088f00000| Untracked 
| 144|0x0000000089000000, 0x0000000089100000, 0x0000000089100000|100%| O|  |TAMS 0x0000000089000000, 0x0000000089000000| Untracked 
| 145|0x0000000089100000, 0x0000000089200000, 0x0000000089200000|100%| O|  |TAMS 0x0000000089100000, 0x0000000089100000| Untracked 
| 146|0x0000000089200000, 0x0000000089300000, 0x0000000089300000|100%| O|  |TAMS 0x0000000089200000, 0x0000000089200000| Untracked 
| 147|0x0000000089300000, 0x0000000089400000, 0x0000000089400000|100%| O|  |TAMS 0x0000000089300000, 0x0000000089300000| Untracked 
| 148|0x0000000089400000, 0x0000000089431800, 0x0000000089500000| 19%| O|  |TAMS 0x0000000089400000, 0x0000000089400000| Untracked 
| 149|0x0000000089500000, 0x0000000089500000, 0x0000000089600000|  0%| F|  |TAMS 0x0000000089500000, 0x0000000089500000| Untracked 
| 150|0x0000000089600000, 0x0000000089600000, 0x0000000089700000|  0%| F|  |TAMS 0x0000000089600000, 0x0000000089600000| Untracked 
| 151|0x0000000089700000, 0x0000000089700000, 0x0000000089800000|  0%| F|  |TAMS 0x0000000089700000, 0x0000000089700000| Untracked 
| 152|0x0000000089800000, 0x0000000089800000, 0x0000000089900000|  0%| F|  |TAMS 0x0000000089800000, 0x0000000089800000| Untracked 
| 153|0x0000000089900000, 0x0000000089900000, 0x0000000089a00000|  0%| F|  |TAMS 0x0000000089900000, 0x0000000089900000| Untracked 
| 154|0x0000000089a00000, 0x0000000089b00000, 0x0000000089b00000|100%| O|  |TAMS 0x0000000089b00000, 0x0000000089a00000| Untracked 
| 155|0x0000000089b00000, 0x0000000089c00000, 0x0000000089c00000|100%| O|  |TAMS 0x0000000089b00000, 0x0000000089b00000| Untracked 
| 156|0x0000000089c00000, 0x0000000089d00000, 0x0000000089d00000|100%| O|  |TAMS 0x0000000089c00000, 0x0000000089c00000| Untracked 
| 157|0x0000000089d00000, 0x0000000089e00000, 0x0000000089e00000|100%| O|  |TAMS 0x0000000089d00000, 0x0000000089d00000| Untracked 
| 158|0x0000000089e00000, 0x0000000089e00000, 0x0000000089f00000|  0%| F|  |TAMS 0x0000000089e00000, 0x0000000089e00000| Untracked 
| 159|0x0000000089f00000, 0x000000008a000000, 0x000000008a000000|100%| O|  |TAMS 0x0000000089f00000, 0x0000000089f00000| Untracked 
| 160|0x000000008a000000, 0x000000008a100000, 0x000000008a100000|100%| O|  |TAMS 0x000000008a000000, 0x000000008a000000| Untracked 
| 161|0x000000008a100000, 0x000000008a200000, 0x000000008a200000|100%| O|  |TAMS 0x000000008a100000, 0x000000008a100000| Untracked 
| 162|0x000000008a200000, 0x000000008a300000, 0x000000008a300000|100%| O|  |TAMS 0x000000008a200000, 0x000000008a200000| Untracked 
| 163|0x000000008a300000, 0x000000008a400000, 0x000000008a400000|100%| O|  |TAMS 0x000000008a300000, 0x000000008a300000| Untracked 
| 164|0x000000008a400000, 0x000000008a400000, 0x000000008a500000|  0%| F|  |TAMS 0x000000008a400000, 0x000000008a400000| Untracked 
| 165|0x000000008a500000, 0x000000008a500000, 0x000000008a600000|  0%| F|  |TAMS 0x000000008a500000, 0x000000008a500000| Untracked 
| 166|0x000000008a600000, 0x000000008a600000, 0x000000008a700000|  0%| F|  |TAMS 0x000000008a600000, 0x000000008a600000| Untracked 
| 167|0x000000008a700000, 0x000000008a700000, 0x000000008a800000|  0%| F|  |TAMS 0x000000008a700000, 0x000000008a700000| Untracked 
| 168|0x000000008a800000, 0x000000008a800000, 0x000000008a900000|  0%| F|  |TAMS 0x000000008a800000, 0x000000008a800000| Untracked 
| 169|0x000000008a900000, 0x000000008a900000, 0x000000008aa00000|  0%| F|  |TAMS 0x000000008a900000, 0x000000008a900000| Untracked 
| 170|0x000000008aa00000, 0x000000008aa00000, 0x000000008ab00000|  0%| F|  |TAMS 0x000000008aa00000, 0x000000008aa00000| Untracked 
| 171|0x000000008ab00000, 0x000000008ab00000, 0x000000008ac00000|  0%| F|  |TAMS 0x000000008ab00000, 0x000000008ab00000| Untracked 
| 172|0x000000008ac00000, 0x000000008ac00000, 0x000000008ad00000|  0%| F|  |TAMS 0x000000008ac00000, 0x000000008ac00000| Untracked 
| 173|0x000000008ad00000, 0x000000008ad00000, 0x000000008ae00000|  0%| F|  |TAMS 0x000000008ad00000, 0x000000008ad00000| Untracked 
| 174|0x000000008ae00000, 0x000000008ae00000, 0x000000008af00000|  0%| F|  |TAMS 0x000000008ae00000, 0x000000008ae00000| Untracked 
| 175|0x000000008af00000, 0x000000008af00000, 0x000000008b000000|  0%| F|  |TAMS 0x000000008af00000, 0x000000008af00000| Untracked 
| 176|0x000000008b000000, 0x000000008b000000, 0x000000008b100000|  0%| F|  |TAMS 0x000000008b000000, 0x000000008b000000| Untracked 
| 177|0x000000008b100000, 0x000000008b100000, 0x000000008b200000|  0%| F|  |TAMS 0x000000008b100000, 0x000000008b100000| Untracked 
| 178|0x000000008b200000, 0x000000008b200000, 0x000000008b300000|  0%| F|  |TAMS 0x000000008b200000, 0x000000008b200000| Untracked 
| 179|0x000000008b300000, 0x000000008b300000, 0x000000008b400000|  0%| F|  |TAMS 0x000000008b300000, 0x000000008b300000| Untracked 
| 180|0x000000008b400000, 0x000000008b400000, 0x000000008b500000|  0%| F|  |TAMS 0x000000008b400000, 0x000000008b400000| Untracked 
| 181|0x000000008b500000, 0x000000008b500000, 0x000000008b600000|  0%| F|  |TAMS 0x000000008b500000, 0x000000008b500000| Untracked 
| 182|0x000000008b600000, 0x000000008b600000, 0x000000008b700000|  0%| F|  |TAMS 0x000000008b600000, 0x000000008b600000| Untracked 
| 183|0x000000008b700000, 0x000000008b700000, 0x000000008b800000|  0%| F|  |TAMS 0x000000008b700000, 0x000000008b700000| Untracked 
| 184|0x000000008b800000, 0x000000008b800000, 0x000000008b900000|  0%| F|  |TAMS 0x000000008b800000, 0x000000008b800000| Untracked 
| 185|0x000000008b900000, 0x000000008b900000, 0x000000008ba00000|  0%| F|  |TAMS 0x000000008b900000, 0x000000008b900000| Untracked 
| 186|0x000000008ba00000, 0x000000008ba00000, 0x000000008bb00000|  0%| F|  |TAMS 0x000000008ba00000, 0x000000008ba00000| Untracked 
| 187|0x000000008bb00000, 0x000000008bb00000, 0x000000008bc00000|  0%| F|  |TAMS 0x000000008bb00000, 0x000000008bb00000| Untracked 
| 188|0x000000008bc00000, 0x000000008bc00000, 0x000000008bd00000|  0%| F|  |TAMS 0x000000008bc00000, 0x000000008bc00000| Untracked 
| 189|0x000000008bd00000, 0x000000008bd00000, 0x000000008be00000|  0%| F|  |TAMS 0x000000008bd00000, 0x000000008bd00000| Untracked 
| 190|0x000000008be00000, 0x000000008be00000, 0x000000008bf00000|  0%| F|  |TAMS 0x000000008be00000, 0x000000008be00000| Untracked 
| 191|0x000000008bf00000, 0x000000008bf00000, 0x000000008c000000|  0%| F|  |TAMS 0x000000008bf00000, 0x000000008bf00000| Untracked 
| 192|0x000000008c000000, 0x000000008c000000, 0x000000008c100000|  0%| F|  |TAMS 0x000000008c000000, 0x000000008c000000| Untracked 
| 193|0x000000008c100000, 0x000000008c100000, 0x000000008c200000|  0%| F|  |TAMS 0x000000008c100000, 0x000000008c100000| Untracked 
| 194|0x000000008c200000, 0x000000008c200000, 0x000000008c300000|  0%| F|  |TAMS 0x000000008c200000, 0x000000008c200000| Untracked 
| 195|0x000000008c300000, 0x000000008c300000, 0x000000008c400000|  0%| F|  |TAMS 0x000000008c300000, 0x000000008c300000| Untracked 
| 196|0x000000008c400000, 0x000000008c400000, 0x000000008c500000|  0%| F|  |TAMS 0x000000008c400000, 0x000000008c400000| Untracked 
| 197|0x000000008c500000, 0x000000008c500000, 0x000000008c600000|  0%| F|  |TAMS 0x000000008c500000, 0x000000008c500000| Untracked 
| 198|0x000000008c600000, 0x000000008c600000, 0x000000008c700000|  0%| F|  |TAMS 0x000000008c600000, 0x000000008c600000| Untracked 
| 199|0x000000008c700000, 0x000000008c700000, 0x000000008c800000|  0%| F|  |TAMS 0x000000008c700000, 0x000000008c700000| Untracked 
| 200|0x000000008c800000, 0x000000008c800000, 0x000000008c900000|  0%| F|  |TAMS 0x000000008c800000, 0x000000008c800000| Untracked 
| 201|0x000000008c900000, 0x000000008c900000, 0x000000008ca00000|  0%| F|  |TAMS 0x000000008c900000, 0x000000008c900000| Untracked 
| 202|0x000000008ca00000, 0x000000008ca00000, 0x000000008cb00000|  0%| F|  |TAMS 0x000000008ca00000, 0x000000008ca00000| Untracked 
| 203|0x000000008cb00000, 0x000000008cb00000, 0x000000008cc00000|  0%| F|  |TAMS 0x000000008cb00000, 0x000000008cb00000| Untracked 
| 204|0x000000008cc00000, 0x000000008cc00000, 0x000000008cd00000|  0%| F|  |TAMS 0x000000008cc00000, 0x000000008cc00000| Untracked 
| 205|0x000000008cd00000, 0x000000008cd00000, 0x000000008ce00000|  0%| F|  |TAMS 0x000000008cd00000, 0x000000008cd00000| Untracked 
| 206|0x000000008ce00000, 0x000000008ce00000, 0x000000008cf00000|  0%| F|  |TAMS 0x000000008ce00000, 0x000000008ce00000| Untracked 
| 207|0x000000008cf00000, 0x000000008cf6d6b0, 0x000000008d000000| 42%| S|CS|TAMS 0x000000008cf00000, 0x000000008cf00000| Complete 
| 208|0x000000008d000000, 0x000000008d100000, 0x000000008d100000|100%| S|CS|TAMS 0x000000008d000000, 0x000000008d000000| Complete 
| 209|0x000000008d100000, 0x000000008d100000, 0x000000008d200000|  0%| F|  |TAMS 0x000000008d100000, 0x000000008d100000| Untracked 
| 210|0x000000008d200000, 0x000000008d200000, 0x000000008d300000|  0%| F|  |TAMS 0x000000008d200000, 0x000000008d200000| Untracked 
| 211|0x000000008d300000, 0x000000008d300000, 0x000000008d400000|  0%| F|  |TAMS 0x000000008d300000, 0x000000008d300000| Untracked 
| 212|0x000000008d400000, 0x000000008d400000, 0x000000008d500000|  0%| F|  |TAMS 0x000000008d400000, 0x000000008d400000| Untracked 
| 213|0x000000008d500000, 0x000000008d500000, 0x000000008d600000|  0%| F|  |TAMS 0x000000008d500000, 0x000000008d500000| Untracked 
| 214|0x000000008d600000, 0x000000008d600000, 0x000000008d700000|  0%| F|  |TAMS 0x000000008d600000, 0x000000008d600000| Untracked 
| 215|0x000000008d700000, 0x000000008d700000, 0x000000008d800000|  0%| F|  |TAMS 0x000000008d700000, 0x000000008d700000| Untracked 
| 216|0x000000008d800000, 0x000000008d900000, 0x000000008d900000|100%| S|CS|TAMS 0x000000008d800000, 0x000000008d800000| Complete 
| 217|0x000000008d900000, 0x000000008da00000, 0x000000008da00000|100%| S|CS|TAMS 0x000000008d900000, 0x000000008d900000| Complete 
| 218|0x000000008da00000, 0x000000008db00000, 0x000000008db00000|100%| S|CS|TAMS 0x000000008da00000, 0x000000008da00000| Complete 
| 219|0x000000008db00000, 0x000000008db00000, 0x000000008dc00000|  0%| F|  |TAMS 0x000000008db00000, 0x000000008db00000| Untracked 
| 220|0x000000008dc00000, 0x000000008dc00000, 0x000000008dd00000|  0%| F|  |TAMS 0x000000008dc00000, 0x000000008dc00000| Untracked 
| 221|0x000000008dd00000, 0x000000008dd00000, 0x000000008de00000|  0%| F|  |TAMS 0x000000008dd00000, 0x000000008dd00000| Untracked 
| 222|0x000000008de00000, 0x000000008de00000, 0x000000008df00000|  0%| F|  |TAMS 0x000000008de00000, 0x000000008de00000| Untracked 
| 223|0x000000008df00000, 0x000000008df00000, 0x000000008e000000|  0%| F|  |TAMS 0x000000008df00000, 0x000000008df00000| Untracked 
| 224|0x000000008e000000, 0x000000008e000000, 0x000000008e100000|  0%| F|  |TAMS 0x000000008e000000, 0x000000008e000000| Untracked 
| 225|0x000000008e100000, 0x000000008e100000, 0x000000008e200000|  0%| F|  |TAMS 0x000000008e100000, 0x000000008e100000| Untracked 
| 226|0x000000008e200000, 0x000000008e200000, 0x000000008e300000|  0%| F|  |TAMS 0x000000008e200000, 0x000000008e200000| Untracked 
| 227|0x000000008e300000, 0x000000008e300000, 0x000000008e400000|  0%| F|  |TAMS 0x000000008e300000, 0x000000008e300000| Untracked 
| 228|0x000000008e400000, 0x000000008e400000, 0x000000008e500000|  0%| F|  |TAMS 0x000000008e400000, 0x000000008e400000| Untracked 
| 229|0x000000008e500000, 0x000000008e500000, 0x000000008e600000|  0%| F|  |TAMS 0x000000008e500000, 0x000000008e500000| Untracked 
| 230|0x000000008e600000, 0x000000008e600000, 0x000000008e700000|  0%| F|  |TAMS 0x000000008e600000, 0x000000008e600000| Untracked 
| 231|0x000000008e700000, 0x000000008e700000, 0x000000008e800000|  0%| F|  |TAMS 0x000000008e700000, 0x000000008e700000| Untracked 
| 232|0x000000008e800000, 0x000000008e800000, 0x000000008e900000|  0%| F|  |TAMS 0x000000008e800000, 0x000000008e800000| Untracked 
| 233|0x000000008e900000, 0x000000008e900000, 0x000000008ea00000|  0%| F|  |TAMS 0x000000008e900000, 0x000000008e900000| Untracked 
| 234|0x000000008ea00000, 0x000000008ea00000, 0x000000008eb00000|  0%| F|  |TAMS 0x000000008ea00000, 0x000000008ea00000| Untracked 
| 235|0x000000008eb00000, 0x000000008eb00000, 0x000000008ec00000|  0%| F|  |TAMS 0x000000008eb00000, 0x000000008eb00000| Untracked 
| 236|0x000000008ec00000, 0x000000008ec00000, 0x000000008ed00000|  0%| F|  |TAMS 0x000000008ec00000, 0x000000008ec00000| Untracked 
| 237|0x000000008ed00000, 0x000000008ed00000, 0x000000008ee00000|  0%| F|  |TAMS 0x000000008ed00000, 0x000000008ed00000| Untracked 
| 238|0x000000008ee00000, 0x000000008ee00000, 0x000000008ef00000|  0%| F|  |TAMS 0x000000008ee00000, 0x000000008ee00000| Untracked 
| 239|0x000000008ef00000, 0x000000008ef00000, 0x000000008f000000|  0%| F|  |TAMS 0x000000008ef00000, 0x000000008ef00000| Untracked 
| 240|0x000000008f000000, 0x000000008f000000, 0x000000008f100000|  0%| F|  |TAMS 0x000000008f000000, 0x000000008f000000| Untracked 
| 241|0x000000008f100000, 0x000000008f100000, 0x000000008f200000|  0%| F|  |TAMS 0x000000008f100000, 0x000000008f100000| Untracked 
| 242|0x000000008f200000, 0x000000008f200000, 0x000000008f300000|  0%| F|  |TAMS 0x000000008f200000, 0x000000008f200000| Untracked 
| 243|0x000000008f300000, 0x000000008f300000, 0x000000008f400000|  0%| F|  |TAMS 0x000000008f300000, 0x000000008f300000| Untracked 
| 244|0x000000008f400000, 0x000000008f400000, 0x000000008f500000|  0%| F|  |TAMS 0x000000008f400000, 0x000000008f400000| Untracked 
| 245|0x000000008f500000, 0x000000008f500000, 0x000000008f600000|  0%| F|  |TAMS 0x000000008f500000, 0x000000008f500000| Untracked 
| 246|0x000000008f600000, 0x000000008f600000, 0x000000008f700000|  0%| F|  |TAMS 0x000000008f600000, 0x000000008f600000| Untracked 
| 247|0x000000008f700000, 0x000000008f700000, 0x000000008f800000|  0%| F|  |TAMS 0x000000008f700000, 0x000000008f700000| Untracked 
| 248|0x000000008f800000, 0x000000008f800000, 0x000000008f900000|  0%| F|  |TAMS 0x000000008f800000, 0x000000008f800000| Untracked 
| 249|0x000000008f900000, 0x000000008f900000, 0x000000008fa00000|  0%| F|  |TAMS 0x000000008f900000, 0x000000008f900000| Untracked 
| 250|0x000000008fa00000, 0x000000008fa00000, 0x000000008fb00000|  0%| F|  |TAMS 0x000000008fa00000, 0x000000008fa00000| Untracked 
| 251|0x000000008fb00000, 0x000000008fb00000, 0x000000008fc00000|  0%| F|  |TAMS 0x000000008fb00000, 0x000000008fb00000| Untracked 
| 252|0x000000008fc00000, 0x000000008fc00000, 0x000000008fd00000|  0%| F|  |TAMS 0x000000008fc00000, 0x000000008fc00000| Untracked 
| 253|0x000000008fd00000, 0x000000008fd00000, 0x000000008fe00000|  0%| F|  |TAMS 0x000000008fd00000, 0x000000008fd00000| Untracked 
| 254|0x000000008fe00000, 0x000000008fe00000, 0x000000008ff00000|  0%| F|  |TAMS 0x000000008fe00000, 0x000000008fe00000| Untracked 
| 255|0x000000008ff00000, 0x000000008ff00000, 0x0000000090000000|  0%| F|  |TAMS 0x000000008ff00000, 0x000000008ff00000| Untracked 
| 256|0x0000000090000000, 0x0000000090000000, 0x0000000090100000|  0%| F|  |TAMS 0x0000000090000000, 0x0000000090000000| Untracked 
| 257|0x0000000090100000, 0x0000000090100000, 0x0000000090200000|  0%| F|  |TAMS 0x0000000090100000, 0x0000000090100000| Untracked 
| 258|0x0000000090200000, 0x0000000090200000, 0x0000000090300000|  0%| F|  |TAMS 0x0000000090200000, 0x0000000090200000| Untracked 
| 259|0x0000000090300000, 0x0000000090300000, 0x0000000090400000|  0%| F|  |TAMS 0x0000000090300000, 0x0000000090300000| Untracked 
| 260|0x0000000090400000, 0x0000000090400000, 0x0000000090500000|  0%| F|  |TAMS 0x0000000090400000, 0x0000000090400000| Untracked 
| 261|0x0000000090500000, 0x0000000090500000, 0x0000000090600000|  0%| F|  |TAMS 0x0000000090500000, 0x0000000090500000| Untracked 
| 262|0x0000000090600000, 0x0000000090600000, 0x0000000090700000|  0%| F|  |TAMS 0x0000000090600000, 0x0000000090600000| Untracked 
| 263|0x0000000090700000, 0x0000000090700000, 0x0000000090800000|  0%| F|  |TAMS 0x0000000090700000, 0x0000000090700000| Untracked 
| 264|0x0000000090800000, 0x0000000090800000, 0x0000000090900000|  0%| F|  |TAMS 0x0000000090800000, 0x0000000090800000| Untracked 
| 265|0x0000000090900000, 0x0000000090900000, 0x0000000090a00000|  0%| F|  |TAMS 0x0000000090900000, 0x0000000090900000| Untracked 
| 266|0x0000000090a00000, 0x0000000090a00000, 0x0000000090b00000|  0%| F|  |TAMS 0x0000000090a00000, 0x0000000090a00000| Untracked 
| 267|0x0000000090b00000, 0x0000000090b00000, 0x0000000090c00000|  0%| F|  |TAMS 0x0000000090b00000, 0x0000000090b00000| Untracked 
| 268|0x0000000090c00000, 0x0000000090c00000, 0x0000000090d00000|  0%| F|  |TAMS 0x0000000090c00000, 0x0000000090c00000| Untracked 
| 269|0x0000000090d00000, 0x0000000090d00000, 0x0000000090e00000|  0%| F|  |TAMS 0x0000000090d00000, 0x0000000090d00000| Untracked 
| 270|0x0000000090e00000, 0x0000000090e00000, 0x0000000090f00000|  0%| F|  |TAMS 0x0000000090e00000, 0x0000000090e00000| Untracked 
| 271|0x0000000090f00000, 0x0000000090f00000, 0x0000000091000000|  0%| F|  |TAMS 0x0000000090f00000, 0x0000000090f00000| Untracked 
| 272|0x0000000091000000, 0x0000000091000000, 0x0000000091100000|  0%| F|  |TAMS 0x0000000091000000, 0x0000000091000000| Untracked 
| 273|0x0000000091100000, 0x0000000091100000, 0x0000000091200000|  0%| F|  |TAMS 0x0000000091100000, 0x0000000091100000| Untracked 
| 274|0x0000000091200000, 0x0000000091200000, 0x0000000091300000|  0%| F|  |TAMS 0x0000000091200000, 0x0000000091200000| Untracked 
| 275|0x0000000091300000, 0x0000000091300000, 0x0000000091400000|  0%| F|  |TAMS 0x0000000091300000, 0x0000000091300000| Untracked 
| 276|0x0000000091400000, 0x0000000091400000, 0x0000000091500000|  0%| F|  |TAMS 0x0000000091400000, 0x0000000091400000| Untracked 
| 277|0x0000000091500000, 0x0000000091500000, 0x0000000091600000|  0%| F|  |TAMS 0x0000000091500000, 0x0000000091500000| Untracked 
| 278|0x0000000091600000, 0x0000000091600000, 0x0000000091700000|  0%| F|  |TAMS 0x0000000091600000, 0x0000000091600000| Untracked 
| 279|0x0000000091700000, 0x0000000091700000, 0x0000000091800000|  0%| F|  |TAMS 0x0000000091700000, 0x0000000091700000| Untracked 
| 280|0x0000000091800000, 0x0000000091800000, 0x0000000091900000|  0%| F|  |TAMS 0x0000000091800000, 0x0000000091800000| Untracked 

Card table byte_map: [0x00000212322b0000,0x00000212326b0000] _byte_map_base: 0x0000021231eb0000

Marking Bits (Prev, Next): (CMBitMap*) 0x000002121f3f3678, (CMBitMap*) 0x000002121f3f36b0
 Prev Bits: [0x0000021232ab0000, 0x0000021234ab0000)
 Next Bits: [0x0000021234ab0000, 0x0000021236ab0000)

Polling page: 0x000002121d310000

Metaspace:

Usage:
  Non-class:    119.72 MB capacity,   117.17 MB ( 98%) used,     2.10 MB (  2%) free+waste,   462.13 KB ( <1%) overhead. 
      Class:     18.34 MB capacity,    16.88 MB ( 92%) used,     1.25 MB (  7%) free+waste,   211.75 KB (  1%) overhead. 
       Both:    138.06 MB capacity,   134.05 MB ( 97%) used,     3.36 MB (  2%) free+waste,   673.88 KB ( <1%) overhead. 

Virtual space:
  Non-class space:      120.00 MB reserved,     119.75 MB (>99%) committed 
      Class space:        1.00 GB reserved,      18.38 MB (  2%) committed 
             Both:        1.12 GB reserved,     138.13 MB ( 12%) committed 

Chunk freelists:
   Non-Class:  31.00 KB
       Class:  0 bytes
        Both:  31.00 KB

MaxMetaspaceSize: 17179869184.00 GB
CompressedClassSpaceSize: 1.00 GB
Initial GC threshold: 20.80 MB
Current GC threshold: 197.50 MB
CDS: off

CodeHeap 'non-profiled nmethods': size=120064Kb used=9594Kb max_used=9594Kb free=110470Kb
 bounds [0x000002122a970000, 0x000002122b2d0000, 0x0000021231eb0000]
CodeHeap 'profiled nmethods': size=120000Kb used=39435Kb max_used=39435Kb free=80564Kb
 bounds [0x0000021223440000, 0x0000021225ad0000, 0x000002122a970000]
CodeHeap 'non-nmethods': size=5696Kb used=2486Kb max_used=2512Kb free=3209Kb
 bounds [0x0000021222eb0000, 0x0000021223130000, 0x0000021223440000]
 total_blobs=20109 nmethods=19091 adapters=928
 compilation: enabled
              stopped_count=0, restarted_count=0
 full_count=0

Compilation events (20 events):
Event: 925.728 Thread 0x0000021238fad800 nmethod 19597 0x0000021225abca90 code [0x0000021225abcc60, 0x0000021225abd008]
Event: 925.728 Thread 0x0000021238fad800 19608       2       com.android.tools.r8.internal.MJ::a (5 bytes)
Event: 925.728 Thread 0x0000021238fad800 nmethod 19608 0x0000021225abd290 code [0x0000021225abd440, 0x0000021225abd528]
Event: 925.728 Thread 0x0000021238fad800 19607       2       com.android.tools.r8.internal.f7::a (1 bytes)
Event: 925.728 Thread 0x0000021238fad800 nmethod 19607 0x0000021225abd610 code [0x0000021225abd7c0, 0x0000021225abd8b8]
Event: 925.729 Thread 0x0000021238fad800 19605       2       com.android.tools.r8.graph.e1::L0 (21 bytes)
Event: 925.729 Thread 0x0000021238fad800 nmethod 19605 0x0000021225abd990 code [0x0000021225abdb40, 0x0000021225abdc98]
Event: 925.729 Thread 0x0000021238fad800 19609       2       com.android.tools.r8.internal.O2::m2 (12 bytes)
Event: 925.729 Thread 0x0000021238fad800 nmethod 19609 0x0000021225abdd90 code [0x0000021225abdf60, 0x0000021225abe128]
Event: 925.729 Thread 0x0000021238fad800 19606       2       java.util.PriorityQueue::removeAt (83 bytes)
Event: 925.730 Thread 0x0000021238fad800 nmethod 19606 0x0000021225abe290 code [0x0000021225abe480, 0x0000021225abe768]
Event: 925.730 Thread 0x0000021238fa6800 nmethod 19533 0x000002122b2cc090 code [0x000002122b2cc2a0, 0x000002122b2cd358]
Event: 925.730 Thread 0x0000021238fad800 19613       2       com.android.tools.r8.internal.qb::j (640 bytes)
Event: 925.730 Thread 0x0000021238fa6800 19567       4       com.android.tools.r8.ir.regalloc.b::a (101 bytes)
Event: 925.737 Thread 0x0000021238fad800 nmethod 19613 0x0000021225abe910 code [0x0000021225abeec0, 0x0000021225ac1718]
Event: 925.737 Thread 0x0000021238fad800 19611       2       com.android.tools.r8.internal.tJ::a (406 bytes)
Event: 925.740 Thread 0x0000021238fa6800 nmethod 19567 0x000002122b2cdb10 code [0x000002122b2cdd00, 0x000002122b2ce098]
Event: 925.740 Thread 0x0000021238fa6800 19612       4       com.android.tools.r8.internal.Xh::hashCode (32 bytes)
Event: 925.741 Thread 0x0000021238fa6800 nmethod 19612 0x000002122b2ce510 code [0x000002122b2ce6a0, 0x000002122b2ce758]
Event: 925.741 Thread 0x0000021238fa6800 19621       4       java.util.IdentityHashMap$IdentityHashMapIterator::nextIndex (72 bytes)

GC Heap History (20 events):
Event: 916.742 GC heap after
{Heap after GC invocations=69 (full 0):
 garbage-first heap   total 239616K, used 154330K [0x0000000080000000, 0x0000000100000000)
  region size 1024K, 2 young (2048K), 2 survivors (2048K)
 Metaspace       used 114444K, capacity 117704K, committed 118016K, reserved 1150976K
  class space    used 14386K, capacity 15515K, committed 15616K, reserved 1048576K
}
Event: 918.169 GC heap before
{Heap before GC invocations=69 (full 0):
 garbage-first heap   total 239616K, used 183002K [0x0000000080000000, 0x0000000100000000)
  region size 1024K, 31 young (31744K), 2 survivors (2048K)
 Metaspace       used 116140K, capacity 119471K, committed 119680K, reserved 1153024K
  class space    used 14497K, capacity 15646K, committed 15744K, reserved 1048576K
}
Event: 918.192 GC heap after
{Heap after GC invocations=70 (full 0):
 garbage-first heap   total 239616K, used 159841K [0x0000000080000000, 0x0000000100000000)
  region size 1024K, 4 young (4096K), 4 survivors (4096K)
 Metaspace       used 116140K, capacity 119471K, committed 119680K, reserved 1153024K
  class space    used 14497K, capacity 15646K, committed 15744K, reserved 1048576K
}
Event: 918.835 GC heap before
{Heap before GC invocations=71 (full 0):
 garbage-first heap   total 239616K, used 185441K [0x0000000080000000, 0x0000000100000000)
  region size 1024K, 32 young (32768K), 4 survivors (4096K)
 Metaspace       used 118215K, capacity 121551K, committed 121856K, reserved 1155072K
  class space    used 14669K, capacity 15806K, committed 15872K, reserved 1048576K
}
Event: 918.850 GC heap after
{Heap after GC invocations=72 (full 0):
 garbage-first heap   total 239616K, used 162231K [0x0000000080000000, 0x0000000100000000)
  region size 1024K, 4 young (4096K), 4 survivors (4096K)
 Metaspace       used 118215K, capacity 121551K, committed 121856K, reserved 1155072K
  class space    used 14669K, capacity 15806K, committed 15872K, reserved 1048576K
}
Event: 918.906 GC heap before
{Heap before GC invocations=72 (full 0):
 garbage-first heap   total 239616K, used 169399K [0x0000000080000000, 0x0000000100000000)
  region size 1024K, 11 young (11264K), 4 survivors (4096K)
 Metaspace       used 118437K, capacity 121775K, committed 121856K, reserved 1155072K
  class space    used 14687K, capacity 15838K, committed 15872K, reserved 1048576K
}
Event: 918.925 GC heap after
{Heap after GC invocations=73 (full 0):
 garbage-first heap   total 239616K, used 144217K [0x0000000080000000, 0x0000000100000000)
  region size 1024K, 2 young (2048K), 2 survivors (2048K)
 Metaspace       used 118437K, capacity 121775K, committed 121856K, reserved 1155072K
  class space    used 14687K, capacity 15838K, committed 15872K, reserved 1048576K
}
Event: 918.955 GC heap before
{Heap before GC invocations=73 (full 0):
 garbage-first heap   total 239616K, used 153433K [0x0000000080000000, 0x0000000100000000)
  region size 1024K, 11 young (11264K), 2 survivors (2048K)
 Metaspace       used 118525K, capacity 121839K, committed 122112K, reserved 1155072K
  class space    used 14693K, capacity 15838K, committed 15872K, reserved 1048576K
}
Event: 918.968 GC heap after
{Heap after GC invocations=74 (full 0):
 garbage-first heap   total 239616K, used 145741K [0x0000000080000000, 0x0000000100000000)
  region size 1024K, 2 young (2048K), 2 survivors (2048K)
 Metaspace       used 118525K, capacity 121839K, committed 122112K, reserved 1155072K
  class space    used 14693K, capacity 15838K, committed 15872K, reserved 1048576K
}
Event: 919.439 GC heap before
{Heap before GC invocations=74 (full 0):
 garbage-first heap   total 239616K, used 180557K [0x0000000080000000, 0x0000000100000000)
  region size 1024K, 37 young (37888K), 2 survivors (2048K)
 Metaspace       used 119242K, capacity 122511K, committed 122624K, reserved 1157120K
  class space    used 14739K, capacity 15870K, committed 15872K, reserved 1048576K
}
Event: 919.452 GC heap after
{Heap after GC invocations=75 (full 0):
 garbage-first heap   total 287744K, used 147891K [0x0000000080000000, 0x0000000100000000)
  region size 1024K, 5 young (5120K), 5 survivors (5120K)
 Metaspace       used 119242K, capacity 122511K, committed 122624K, reserved 1157120K
  class space    used 14739K, capacity 15870K, committed 15872K, reserved 1048576K
}
Event: 921.507 GC heap before
{Heap before GC invocations=75 (full 0):
 garbage-first heap   total 287744K, used 201139K [0x0000000080000000, 0x0000000100000000)
  region size 1024K, 58 young (59392K), 5 survivors (5120K)
 Metaspace       used 122182K, capacity 125521K, committed 125696K, reserved 1159168K
  class space    used 15109K, capacity 16272K, committed 16384K, reserved 1048576K
}
Event: 921.518 GC heap after
{Heap after GC invocations=76 (full 0):
 garbage-first heap   total 287744K, used 149166K [0x0000000080000000, 0x0000000100000000)
  region size 1024K, 6 young (6144K), 6 survivors (6144K)
 Metaspace       used 122182K, capacity 125521K, committed 125696K, reserved 1159168K
  class space    used 15109K, capacity 16272K, committed 16384K, reserved 1048576K
}
Event: 922.994 GC heap before
{Heap before GC invocations=76 (full 0):
 garbage-first heap   total 287744K, used 207534K [0x0000000080000000, 0x0000000100000000)
  region size 1024K, 64 young (65536K), 6 survivors (6144K)
 Metaspace       used 124594K, capacity 127900K, committed 128000K, reserved 1161216K
  class space    used 15380K, capacity 16543K, committed 16640K, reserved 1048576K
}
Event: 923.017 GC heap after
{Heap after GC invocations=77 (full 0):
 garbage-first heap   total 287744K, used 153003K [0x0000000080000000, 0x0000000100000000)
  region size 1024K, 8 young (8192K), 8 survivors (8192K)
 Metaspace       used 124594K, capacity 127900K, committed 128000K, reserved 1161216K
  class space    used 15380K, capacity 16543K, committed 16640K, reserved 1048576K
}
Event: 924.226 GC heap before
{Heap before GC invocations=77 (full 0):
 garbage-first heap   total 287744K, used 213419K [0x0000000080000000, 0x0000000100000000)
  region size 1024K, 68 young (69632K), 8 survivors (8192K)
 Metaspace       used 130522K, capacity 134081K, committed 134272K, reserved 1165312K
  class space    used 16231K, capacity 17502K, committed 17536K, reserved 1048576K
}
Event: 924.251 GC heap after
{Heap after GC invocations=78 (full 0):
 garbage-first heap   total 287744K, used 157445K [0x0000000080000000, 0x0000000100000000)
  region size 1024K, 9 young (9216K), 9 survivors (9216K)
 Metaspace       used 130522K, capacity 134081K, committed 134272K, reserved 1165312K
  class space    used 16231K, capacity 17502K, committed 17536K, reserved 1048576K
}
Event: 925.155 GC heap before
{Heap before GC invocations=78 (full 0):
 garbage-first heap   total 287744K, used 218885K [0x0000000080000000, 0x0000000100000000)
  region size 1024K, 70 young (71680K), 9 survivors (9216K)
 Metaspace       used 136522K, capacity 140621K, committed 140928K, reserved 1171456K
  class space    used 17233K, capacity 18734K, committed 18816K, reserved 1048576K
}
Event: 925.180 GC heap after
{Heap after GC invocations=79 (full 0):
 garbage-first heap   total 287744K, used 162690K [0x0000000080000000, 0x0000000100000000)
  region size 1024K, 9 young (9216K), 9 survivors (9216K)
 Metaspace       used 136522K, capacity 140621K, committed 140928K, reserved 1171456K
  class space    used 17233K, capacity 18734K, committed 18816K, reserved 1048576K
}
Event: 925.742 GC heap before
{Heap before GC invocations=79 (full 0):
 garbage-first heap   total 287744K, used 226178K [0x0000000080000000, 0x0000000100000000)
  region size 1024K, 71 young (72704K), 9 survivors (9216K)
 Metaspace       used 137266K, capacity 141378K, committed 141440K, reserved 1171456K
  class space    used 17288K, capacity 18785K, committed 18816K, reserved 1048576K
}

Deoptimization events (20 events):
Event: 925.434 Thread 0x000002123c3ea800 DEOPT PACKING pc=0x0000021225941487 sp=0x00000013924f9af0
Event: 925.435 Thread 0x000002123c3ea800 DEOPT UNPACKING pc=0x0000021222efa95e sp=0x00000013924f9118 mode 0
Event: 925.487 Thread 0x000002123dc81000 DEOPT PACKING pc=0x000002122451db6a sp=0x00000013910f9af0
Event: 925.487 Thread 0x000002123dc81000 DEOPT UNPACKING pc=0x0000021222efa95e sp=0x00000013910f8f98 mode 0
Event: 925.488 Thread 0x000002123dc81000 DEOPT PACKING pc=0x000002122451db6a sp=0x00000013910f9af0
Event: 925.488 Thread 0x000002123dc81000 DEOPT UNPACKING pc=0x0000021222efa95e sp=0x00000013910f8f98 mode 0
Event: 925.499 Thread 0x000002123c3ea800 Uncommon trap: trap_request=0xffffff4d fr.pc=0x000002122ab0a568 relative=0x0000000000000228
Event: 925.499 Thread 0x000002123c3ea800 Uncommon trap: reason=unstable_if action=reinterpret pc=0x000002122ab0a568 method=java.util.HashMap.getNode(ILjava/lang/Object;)Ljava/util/HashMap$Node; @ 84 c2
Event: 925.499 Thread 0x000002123c3ea800 DEOPT PACKING pc=0x000002122ab0a568 sp=0x00000013924f9c60
Event: 925.499 Thread 0x000002123c3ea800 DEOPT UNPACKING pc=0x0000021222efa1af sp=0x00000013924f9b78 mode 2
Event: 925.540 Thread 0x000002123dc81000 DEOPT PACKING pc=0x00000212259a90ce sp=0x00000013910f98b0
Event: 925.540 Thread 0x000002123dc81000 DEOPT UNPACKING pc=0x0000021222efa95e sp=0x00000013910f8d50 mode 0
Event: 925.610 Thread 0x000002123c3f0800 Uncommon trap: trap_request=0xffffff4d fr.pc=0x000002122b2c3b44 relative=0x00000000000004c4
Event: 925.610 Thread 0x000002123c3f0800 Uncommon trap: reason=unstable_if action=reinterpret pc=0x000002122b2c3b44 method=com.android.tools.r8.ir.regalloc.c.d(I)Lcom/android/tools/r8/ir/regalloc/c; @ 147 c2
Event: 925.610 Thread 0x000002123c3f0800 DEOPT PACKING pc=0x000002122b2c3b44 sp=0x00000013930f9670
Event: 925.610 Thread 0x000002123c3f0800 DEOPT UNPACKING pc=0x0000021222efa1af sp=0x00000013930f9600 mode 2
Event: 925.626 Thread 0x000002123c3e5000 DEOPT PACKING pc=0x00000212259dd8fe sp=0x00000013925f9790
Event: 925.626 Thread 0x000002123c3e5000 DEOPT UNPACKING pc=0x0000021222efa95e sp=0x00000013925f8d18 mode 0
Event: 925.692 Thread 0x000002123c3e5000 DEOPT PACKING pc=0x00000212259d9e57 sp=0x00000013925f9e80
Event: 925.692 Thread 0x000002123c3e5000 DEOPT UNPACKING pc=0x0000021222efa95e sp=0x00000013925f93a8 mode 0

Classes redefined (0 events):
No events

Internal exceptions (20 events):
Event: 924.107 Thread 0x000002123c3ea800 Exception <a 'java/lang/IncompatibleClassChangeError'{0x000000008e771f48}: Found class java.lang.Object, but interface was expected> (0x000000008e771f48) thrown at [./src/hotspot/share/interpreter/linkResolver.cpp, line 839]
Event: 924.312 Thread 0x000002123c3f1000 Exception <a 'java/lang/NoSuchMethodError'{0x00000000916e5388}: 'java.lang.Object java.lang.invoke.DirectMethodHandle$Holder.invokeStatic(java.lang.Object, int, java.lang.Object, java.lang.Object)'> (0x00000000916e5388) thrown at [./src/hotspot/share/interpreter/linkResolver.cpp, line 773]
Event: 924.313 Thread 0x000002123c3f0800 Exception <a 'java/lang/NoSuchMethodError'{0x00000000916f0560}: 'java.lang.Object java.lang.invoke.DirectMethodHandle$Holder.invokeStatic(java.lang.Object, int, java.lang.Object, java.lang.Object)'> (0x00000000916f0560) thrown at [./src/hotspot/share/interpreter/linkResolver.cpp, line 773]
Event: 924.433 Thread 0x000002123c3f1000 Exception <a 'java/lang/NoSuchMethodError'{0x0000000090ed4210}: 'int java.lang.invoke.DirectMethodHandle$Holder.invokeSpecial(java.lang.Object, java.lang.Object, java.lang.Object, java.lang.Object, java.lang.Object)'> (0x0000000090ed4210) thrown at [./src/hotspot/share/interpreter/linkResolver.cpp, line 773]
Event: 924.460 Thread 0x000002123c3f1000 Exception <a 'java/lang/NoSuchMethodError'{0x0000000090cad140}: 'java.lang.Object java.lang.invoke.Invokers$Holder.linkToTargetMethod(java.lang.Object, int, java.lang.Object, java.lang.Object, java.lang.Object, java.lang.Object)'> (0x0000000090cad140) thrown at [./src/hotspot/share/interpreter/linkResolver.cpp, line 773]
Event: 924.462 Thread 0x000002123c3f1000 Exception <a 'java/lang/NoSuchMethodError'{0x0000000090cb9f58}: 'java.lang.Object java.lang.invoke.DirectMethodHandle$Holder.invokeStatic(java.lang.Object, java.lang.Object, java.lang.Object, java.lang.Object, int, java.lang.Object, java.lang.Object)'> (0x0000000090cb9f58) thrown at [./src/hotspot/share/interpreter/linkResolver.cpp, line 773]
Event: 924.463 Thread 0x000002123c3f1000 Exception <a 'java/lang/NoSuchMethodError'{0x0000000090cf1850}: 'java.lang.Object java.lang.invoke.Invokers$Holder.linkToTargetMethod(java.lang.Object, java.lang.Object, java.lang.Object, int, java.lang.Object, java.lang.Object, java.lang.Object)'> (0x0000000090cf1850) thrown at [./src/hotspot/share/interpreter/linkResolver.cpp, line 773]
Event: 924.466 Thread 0x000002123c3f1000 Exception <a 'java/lang/NoSuchMethodError'{0x0000000090b1e648}: 'void java.lang.invoke.DirectMethodHandle$Holder.invokeStatic(java.lang.Object, java.lang.Object, java.lang.Object, java.lang.Object, java.lang.Object, java.lang.Object, java.lang.Object, java.lang.Object)'> (0x0000000090b1e648) thrown at [./src/hotspot/share/interpreter/linkResolver.cpp, line 773]
Event: 924.467 Thread 0x000002123c3f0800 Exception <a 'java/lang/IncompatibleClassChangeError'{0x0000000090b684b8}: Found class java.lang.Object, but interface was expected> (0x0000000090b684b8) thrown at [./src/hotspot/share/interpreter/linkResolver.cpp, line 839]
Event: 924.467 Thread 0x000002123dc81000 Exception <a 'java/lang/IncompatibleClassChangeError'{0x0000000090b469a8}: Found class java.lang.Object, but interface was expected> (0x0000000090b469a8) thrown at [./src/hotspot/share/interpreter/linkResolver.cpp, line 839]
Event: 924.468 Thread 0x000002123dc81000 Exception <a 'java/lang/IncompatibleClassChangeError'{0x0000000090b4f8f0}: Found class java.lang.Object, but interface was expected> (0x0000000090b4f8f0) thrown at [./src/hotspot/share/interpreter/linkResolver.cpp, line 839]
Event: 924.468 Thread 0x000002123c3f0800 Exception <a 'java/lang/IncompatibleClassChangeError'{0x0000000090b69900}: Found class java.lang.Object, but interface was expected> (0x0000000090b69900) thrown at [./src/hotspot/share/interpreter/linkResolver.cpp, line 839]
Event: 924.528 Thread 0x000002123c3ea800 Exception <a 'java/lang/NoSuchMethodError'{0x000000009077de90}: 'void java.lang.invoke.DirectMethodHandle$Holder.invokeSpecial(java.lang.Object, java.lang.Object, int, java.lang.Object)'> (0x000000009077de90) thrown at [./src/hotspot/share/interpreter/linkResolver.cpp, line 773]
Event: 924.534 Thread 0x000002123c3f1000 Exception <a 'java/lang/IncompatibleClassChangeError'{0x0000000090600d08}: Found class java.lang.Object, but interface was expected> (0x0000000090600d08) thrown at [./src/hotspot/share/interpreter/linkResolver.cpp, line 839]
Event: 924.580 Thread 0x000002123c3f1000 Exception <a 'java/lang/NoSuchMethodError'{0x00000000904dff78}: 'void java.lang.invoke.DirectMethodHandle$Holder.invokeSpecial(java.lang.Object, java.lang.Object, int)'> (0x00000000904dff78) thrown at [./src/hotspot/share/interpreter/linkResolver.cpp, line 773]
Event: 924.611 Thread 0x000002123c3f1000 Exception <a 'sun/nio/fs/WindowsException'{0x0000000090269680}> (0x0000000090269680) thrown at [./src/hotspot/share/prims/jni.cpp, line 615]
Event: 924.644 Thread 0x000002123dc81000 Exception <a 'java/lang/NoSuchMethodError'{0x0000000090019138}: 'java.lang.Object java.lang.invoke.DirectMethodHandle$Holder.newInvokeSpecial(java.lang.Object, int)'> (0x0000000090019138) thrown at [./src/hotspot/share/interpreter/linkResolver.cpp, line 773]
Event: 924.644 Thread 0x000002123c3f0800 Exception <a 'java/lang/NoSuchMethodError'{0x00000000901af610}: 'java.lang.Object java.lang.invoke.DirectMethodHandle$Holder.newInvokeSpecial(java.lang.Object, int)'> (0x00000000901af610) thrown at [./src/hotspot/share/interpreter/linkResolver.cpp, line 773]
Event: 924.644 Thread 0x000002123c3ea800 Exception <a 'java/lang/NoSuchMethodError'{0x00000000902a09c8}: 'java.lang.Object java.lang.invoke.DirectMethodHandle$Holder.newInvokeSpecial(java.lang.Object, int)'> (0x00000000902a09c8) thrown at [./src/hotspot/share/interpreter/linkResolver.cpp, line 773]
Event: 925.045 Thread 0x000002123c3e5000 Exception <a 'sun/nio/fs/WindowsException'{0x000000008e4a6b10}> (0x000000008e4a6b10) thrown at [./src/hotspot/share/prims/jni.cpp, line 615]

Events (20 events):
Event: 925.704 loading class com/android/tools/r8/code/Y2 done
Event: 925.705 loading class com/android/tools/r8/code/V2
Event: 925.705 loading class com/android/tools/r8/code/V2 done
Event: 925.706 loading class com/android/tools/r8/code/a3
Event: 925.706 loading class com/android/tools/r8/code/a3 done
Event: 925.706 loading class com/android/tools/r8/code/X2
Event: 925.706 loading class com/android/tools/r8/code/X2 done
Event: 925.707 loading class com/android/tools/r8/code/e3
Event: 925.707 loading class com/android/tools/r8/code/e3 done
Event: 925.708 loading class com/android/tools/r8/code/b3
Event: 925.708 loading class com/android/tools/r8/code/b3 done
Event: 925.709 loading class com/android/tools/r8/code/Z2
Event: 925.709 loading class com/android/tools/r8/code/Z2 done
Event: 925.709 loading class com/android/tools/r8/code/W2
Event: 925.709 loading class com/android/tools/r8/code/W2 done
Event: 925.710 loading class com/android/tools/r8/code/d3
Event: 925.710 loading class com/android/tools/r8/code/d3 done
Event: 925.710 loading class com/android/tools/r8/code/c3
Event: 925.710 loading class com/android/tools/r8/code/c3 done
Event: 925.741 Executing VM operation: G1CollectForAllocation


Dynamic libraries:
0x00007ff74fc70000 - 0x00007ff74fc7a000 	C:\Program Files\Android\Android Studio\jre\bin\java.exe
0x00007ffa2bbb0000 - 0x00007ffa2bd9e000 	C:\Windows\SYSTEM32\ntdll.dll
0x00007ffa28de0000 - 0x00007ffa28e93000 	C:\Windows\System32\KERNEL32.DLL
0x00007ffa27fb0000 - 0x00007ffa2824d000 	C:\Windows\System32\KERNELBASE.dll
0x00007ffa27c60000 - 0x00007ffa27d5a000 	C:\Windows\System32\ucrtbase.dll
0x00007ffa06300000 - 0x00007ffa06317000 	C:\Program Files\Android\Android Studio\jre\bin\VCRUNTIME140.dll
0x00007ffa047a0000 - 0x00007ffa047b9000 	C:\Program Files\Android\Android Studio\jre\bin\jli.dll
0x00007ffa293b0000 - 0x00007ffa29548000 	C:\Windows\System32\USER32.dll
0x00007ffa17e50000 - 0x00007ffa180c9000 	C:\Windows\WinSxS\amd64_microsoft.windows.common-controls_6595b64144ccf1df_6.0.17763.3650_none_de72e6e05349b85a\COMCTL32.dll
0x00007ffa27c40000 - 0x00007ffa27c60000 	C:\Windows\System32\win32u.dll
0x00007ffa2b020000 - 0x00007ffa2b0be000 	C:\Windows\System32\msvcrt.dll
0x00007ffa29210000 - 0x00007ffa29239000 	C:\Windows\System32\GDI32.dll
0x00007ffa2b720000 - 0x00007ffa2ba4b000 	C:\Windows\System32\combase.dll
0x00007ffa28c40000 - 0x00007ffa28de0000 	C:\Windows\System32\gdi32full.dll
0x00007ffa2b220000 - 0x00007ffa2b33d000 	C:\Windows\System32\RPCRT4.dll
0x00007ffa28350000 - 0x00007ffa283f0000 	C:\Windows\System32\msvcp_win.dll
0x00007ffa28bb0000 - 0x00007ffa28c32000 	C:\Windows\System32\bcryptPrimitives.dll
0x00007ffa29040000 - 0x00007ffa2906e000 	C:\Windows\System32\IMM32.DLL
0x00007ffa04420000 - 0x00007ffa044bd000 	C:\Program Files\Android\Android Studio\jre\bin\msvcp140.dll
0x00007ff9f6e30000 - 0x00007ff9f7915000 	C:\Program Files\Android\Android Studio\jre\bin\server\jvm.dll
0x00007ffa2b670000 - 0x00007ffa2b717000 	C:\Windows\System32\ADVAPI32.dll
0x00007ffa28f00000 - 0x00007ffa28f9f000 	C:\Windows\System32\sechost.dll
0x00007ffa29550000 - 0x00007ffa29558000 	C:\Windows\System32\PSAPI.DLL
0x00007ffa22000000 - 0x00007ffa22009000 	C:\Windows\SYSTEM32\WSOCK32.dll
0x00007ffa2b550000 - 0x00007ffa2b5bd000 	C:\Windows\System32\WS2_32.dll
0x00007ffa25930000 - 0x00007ffa25954000 	C:\Windows\SYSTEM32\WINMM.dll
0x00007ffa257a0000 - 0x00007ffa257cd000 	C:\Windows\SYSTEM32\WINMMBASE.dll
0x00007ffa27d60000 - 0x00007ffa27daa000 	C:\Windows\System32\cfgmgr32.dll
0x00007ffa21390000 - 0x00007ffa2139a000 	C:\Windows\SYSTEM32\VERSION.dll
0x00007ffa27b70000 - 0x00007ffa27b81000 	C:\Windows\System32\kernel.appcore.dll
0x00007ffa1a0b0000 - 0x00007ffa1a0c1000 	C:\Program Files\Android\Android Studio\jre\bin\verify.dll
0x00007ffa27660000 - 0x00007ffa2784d000 	C:\Windows\SYSTEM32\DBGHELP.DLL
0x00007ffa27400000 - 0x00007ffa2742a000 	C:\Windows\SYSTEM32\dbgcore.DLL
0x00007ffa18120000 - 0x00007ffa18149000 	C:\Program Files\Android\Android Studio\jre\bin\java.dll
0x00007ffa13d00000 - 0x00007ffa13d0b000 	C:\Program Files\Android\Android Studio\jre\bin\jimage.dll
0x00007ffa0e9a0000 - 0x00007ffa0e9b8000 	C:\Program Files\Android\Android Studio\jre\bin\zip.dll
0x00007ffa295c0000 - 0x00007ffa2aab8000 	C:\Windows\System32\SHELL32.dll
0x00007ffa290d0000 - 0x00007ffa29177000 	C:\Windows\System32\shcore.dll
0x00007ffa28460000 - 0x00007ffa28ba9000 	C:\Windows\System32\windows.storage.dll
0x00007ffa27b90000 - 0x00007ffa27bb3000 	C:\Windows\System32\profapi.dll
0x00007ffa27be0000 - 0x00007ffa27c3d000 	C:\Windows\System32\powrprof.dll
0x00007ffa29070000 - 0x00007ffa290c2000 	C:\Windows\System32\shlwapi.dll
0x00007ffa28250000 - 0x00007ffa2826b000 	C:\Windows\System32\cryptsp.dll
0x00007ffa089d0000 - 0x00007ffa089ea000 	C:\Program Files\Android\Android Studio\jre\bin\net.dll
0x00007ffa1add0000 - 0x00007ffa1aecf000 	C:\Windows\SYSTEM32\WINHTTP.dll
0x00007ffa26fe0000 - 0x00007ffa27047000 	C:\Windows\system32\mswsock.dll
0x00007ffa089b0000 - 0x00007ffa089c4000 	C:\Program Files\Android\Android Studio\jre\bin\nio.dll
0x00007ffa00640000 - 0x00007ffa00667000 	C:\Users\Admin\.gradle\native\e1d6ef7f7dcc3fd88c89a11ec53ec762bb8ba0a96d01ffa2cd45eb1d1d8dd5c5\windows-amd64\native-platform.dll
0x00007ff9fdf70000 - 0x00007ff9fe0b4000 	C:\Users\Admin\.gradle\native\5664cfc778a61ccfe75a443a1ab52a65af34e5dc3c78e0209fed803814484fcb\windows-amd64\native-platform-file-events.dll
0x00007ffa12af0000 - 0x00007ffa12afa000 	C:\Program Files\Android\Android Studio\jre\bin\management.dll
0x00007ffa128f0000 - 0x00007ffa128fd000 	C:\Program Files\Android\Android Studio\jre\bin\management_ext.dll
0x00007ffa26b60000 - 0x00007ffa26b93000 	C:\Windows\system32\rsaenh.dll
0x00007ffa28270000 - 0x00007ffa28296000 	C:\Windows\System32\bcrypt.dll
0x00007ffa27a70000 - 0x00007ffa27a99000 	C:\Windows\SYSTEM32\USERENV.dll
0x00007ffa271b0000 - 0x00007ffa271bc000 	C:\Windows\SYSTEM32\CRYPTBASE.dll
0x00007ffa26cf0000 - 0x00007ffa26d2d000 	C:\Windows\SYSTEM32\IPHLPAPI.DLL
0x00007ffa29180000 - 0x00007ffa29188000 	C:\Windows\System32\NSI.dll
0x00007ffa21b80000 - 0x00007ffa21b96000 	C:\Windows\SYSTEM32\dhcpcsvc6.DLL
0x00007ffa21ad0000 - 0x00007ffa21aec000 	C:\Windows\SYSTEM32\dhcpcsvc.DLL
0x00007ffa26d30000 - 0x00007ffa26df6000 	C:\Windows\SYSTEM32\DNSAPI.dll
0x00007ffa088e0000 - 0x00007ffa08907000 	C:\Program Files\Android\Android Studio\jre\bin\sunec.dll
0x00007ffa17de0000 - 0x00007ffa17dea000 	C:\Windows\System32\rasadhlp.dll
0x00007ffa1a5f0000 - 0x00007ffa1a669000 	C:\Windows\System32\fwpuclnt.dll
0x00007ffa27930000 - 0x00007ffa27961000 	C:\Windows\SYSTEM32\ntmarta.dll

dbghelp: loaded successfully - version: 4.0.5 - missing functions: none
symbol engine: initialized successfully - sym options: 0x614 - pdb path: .;C:\Program Files\Android\Android Studio\jre\bin;C:\Windows\SYSTEM32;C:\Windows\WinSxS\amd64_microsoft.windows.common-controls_6595b64144ccf1df_6.0.17763.3650_none_de72e6e05349b85a;C:\Program Files\Android\Android Studio\jre\bin\server;C:\Users\Admin\.gradle\native\e1d6ef7f7dcc3fd88c89a11ec53ec762bb8ba0a96d01ffa2cd45eb1d1d8dd5c5\windows-amd64;C:\Users\Admin\.gradle\native\5664cfc778a61ccfe75a443a1ab52a65af34e5dc3c78e0209fed803814484fcb\windows-amd64

VM Arguments:
jvm_args: --add-opens=java.base/java.util=ALL-UNNAMED --add-opens=java.base/java.lang=ALL-UNNAMED --add-opens=java.base/java.lang.invoke=ALL-UNNAMED --add-opens=java.base/java.util=ALL-UNNAMED --add-opens=java.prefs/java.util.prefs=ALL-UNNAMED --add-opens=java.prefs/java.util.prefs=ALL-UNNAMED --add-opens=java.base/java.nio.charset=ALL-UNNAMED --add-opens=java.base/java.net=ALL-UNNAMED --add-opens=java.base/java.util.concurrent.atomic=ALL-UNNAMED -Xmx2048m -Dfile.encoding=UTF-8 -Duser.country=US -Duser.language=en -Duser.variant 
java_command: org.gradle.launcher.daemon.bootstrap.GradleDaemon 7.3.3
java_class_path (initial): C:\Users\Admin\.gradle\wrapper\dists\gradle-7.3.3-bin\6a41zxkdtcxs8rphpq6y0069z\gradle-7.3.3\lib\gradle-launcher-7.3.3.jar
Launcher Type: SUN_STANDARD

[Global flags]
     intx CICompilerCount                          = 3                                         {product} {ergonomic}
     uint ConcGCThreads                            = 1                                         {product} {ergonomic}
     uint G1ConcRefinementThreads                  = 4                                         {product} {ergonomic}
   size_t G1HeapRegionSize                         = 1048576                                   {product} {ergonomic}
    uintx GCDrainStackTargetSize                   = 64                                        {product} {ergonomic}
   size_t InitialHeapSize                          = 67108864                                  {product} {ergonomic}
   size_t MarkStackSize                            = 4194304                                   {product} {ergonomic}
   size_t MaxHeapSize                              = 2147483648                                {product} {command line}
   size_t MaxNewSize                               = 1287651328                                {product} {ergonomic}
   size_t MinHeapDeltaBytes                        = 1048576                                   {product} {ergonomic}
    uintx NonNMethodCodeHeapSize                   = 5830732                                {pd product} {ergonomic}
    uintx NonProfiledCodeHeapSize                  = 122913754                              {pd product} {ergonomic}
    uintx ProfiledCodeHeapSize                     = 122913754                              {pd product} {ergonomic}
    uintx ReservedCodeCacheSize                    = 251658240                              {pd product} {ergonomic}
     bool SegmentedCodeCache                       = true                                      {product} {ergonomic}
     bool UseCompressedClassPointers               = true                                 {lp64_product} {ergonomic}
     bool UseCompressedOops                        = true                                 {lp64_product} {ergonomic}
     bool UseG1GC                                  = true                                      {product} {ergonomic}
     bool UseLargePagesIndividualAllocation        = false                                  {pd product} {ergonomic}

Logging:
Log output configuration:
 #0: stdout all=warning uptime,level,tags
 #1: stderr all=off uptime,level,tags

Environment Variables:
JAVA_HOME=C:\Program Files\Java\jdk1.8.0_281
PATH=C:\Program Files (x86)\VMware\VMware Workstation\bin\;C:\Program Files\Microsoft MPI\Bin\;C:\Program Files (x86)\Common Files\Oracle\Java\javapath;C:\Windows\system32;C:\Windows;C:\Windows\System32\Wbem;C:\Windows\System32\WindowsPowerShell\v1.0\;C:\Windows\System32\OpenSSH\;C:\cygwin64\bin;C:\Program Files\MATLAB\R2016a\runtime\win64;C:\Program Files\MATLAB\R2016a\bin;C:\Program Files\MATLAB\R2016a\polyspace\bin;C:\Program Files\Java\jdk1.8.0_281\bin;C:\Program Files\Java\jdk1.8.0_281;C:\Program Files (x86)\Microsoft SQL Server\150\Tools\Binn\;C:\Program Files\Microsoft SQL Server\150\Tools\Binn\;C:\Program Files (x86)\Microsoft SQL Server\150\DTS\Binn\;C:\Program Files\Microsoft SQL Server\150\DTS\Binn\;C:\Program Files\Microsoft SQL Server\Client SDK\ODBC\170\Tools\Binn\;C:\Program Files\Microsoft SQL Server\Client SDK\ODBC\130\Tools\Binn\;C:\Program Files (x86)\Microsoft SQL Server\140\Tools\Binn\;C:\Program Files\Microsoft SQL Server\140\Tools\Binn\;C:\Program Files\Microsoft SQL Server\140\DTS\Binn\;C:\Users\Admin\AppData\Local\Microsoft\WindowsApps;D:\Downloads\Microsoft VS Code\bin;C:\Users\Admin\AppData\Local\GitHubDesktop\bin
USERNAME=Admin
OS=Windows_NT
PROCESSOR_IDENTIFIER=Intel64 Family 6 Model 61 Stepping 4, GenuineIntel



---------------  S Y S T E M  ---------------

OS: Windows 10 , 64 bit Build 17763 (10.0.17763.3287)
OS uptime: 1 days 4:38 hours

CPU:total 4 (initial active 4) (2 cores per cpu, 2 threads per core) family 6 model 61 stepping 4 microcode 0x2f, cmov, cx8, fxsr, mmx, sse, sse2, sse3, ssse3, sse4.1, sse4.2, popcnt, avx, avx2, aes, clmul, erms, 3dnowpref, lzcnt, ht, tsc, tscinvbit, bmi1, bmi2, adx, fma

Memory: 4k page, system-wide physical 4006M (224M free)
TotalPageFile size 8936M (AvailPageFile size 10M)
current process WorkingSet (physical memory assigned to process): 475M, peak: 475M
current process commit charge ("private bytes"): 660M, peak: 717M

vm_info: OpenJDK 64-Bit Server VM (11.0.12+7-b1504.28-7817840) for windows-amd64 JRE (11.0.12+7-b1504.28-7817840), built on Oct 13 2021 22:12:33 by "builder" with MS VC++ 14.0 (VS2015)

END.
